Mon Jun 11 17:34:30 2018 WARN Logger: changing loglevel from DEBUG to INFO
Mon Jun 11 17:34:30 2018 WARN Logger: changing loglevel from DEBUG to DEBUG
Mon Jun 11 17:34:31 2018 INFO inputFormula - alpha: ((A1) imp (A2)) imp (((A1) imp ((A2) imp (A3))) imp (((A2) imp ((A3) imp (A4))) imp (((A3) imp ((A4) imp (A5))) imp (((A4) imp ((A5) imp (A6))) imp (((A5) imp ((A6) imp (A7))) imp ((A1) imp (A7)))))))
Mon Jun 11 17:34:33 2018 INFO applyImplyIntroRule - imp17 was expanded
Mon Jun 11 17:34:33 2018 INFO WARNING - Attempted to remove a node from openBranchesList which was not in it.
Mon Jun 11 17:34:33 2018 INFO applyImplyIntroRule - imp16 was expanded
Mon Jun 11 17:34:33 2018 INFO applyImplyIntroRule - imp15 was expanded
Mon Jun 11 17:34:33 2018 INFO applyImplyIntroRule - imp14 was expanded
Mon Jun 11 17:34:33 2018 INFO applyImplyIntroRule - imp13 was expanded
Mon Jun 11 17:34:33 2018 INFO applyImplyIntroRule - imp12 was expanded
Mon Jun 11 17:34:33 2018 INFO applyImplyIntroRule - imp11 was expanded
Mon Jun 11 17:34:33 2018 INFO applyImplyElimRule - A7 was expanded
Mon Jun 11 17:34:33 2018 INFO applyImplyElimRule - A6 was expanded
Mon Jun 11 17:34:33 2018 INFO applyImplyElimRule - imp9 was expanded
Mon Jun 11 17:34:33 2018 INFO applyImplyElimRule - A5 was expanded
Mon Jun 11 17:34:33 2018 INFO applyImplyElimRule - imp7 was expanded
Mon Jun 11 17:34:33 2018 INFO applyImplyElimRule - A4 was expanded
Mon Jun 11 17:34:33 2018 INFO applyImplyElimRule - imp5 was expanded
Mon Jun 11 17:34:33 2018 INFO applyImplyElimRule - A3 was expanded
Mon Jun 11 17:34:33 2018 INFO applyImplyElimRule - imp3 was expanded
Mon Jun 11 17:34:33 2018 INFO applyImplyElimRule - A2 was expanded
Mon Jun 11 17:34:33 2018 INFO applyImplyElimRule - imp1 was expanded
Mon Jun 11 17:39:24 2018 WARN Logger: changing loglevel from DEBUG to INFO
Mon Jun 11 17:39:24 2018 WARN Logger: changing loglevel from DEBUG to DEBUG
Mon Jun 11 17:39:25 2018 INFO inputFormula - alpha: ((A1) imp (A2)) imp (((A1) imp ((A2) imp (A3))) imp (((A2) imp ((A3) imp (A4))) imp (((A3) imp ((A4) imp (A5))) imp (((A4) imp ((A5) imp (A6))) imp (((A5) imp ((A6) imp (A7))) imp ((A1) imp (A7)))))))
Mon Jun 11 17:39:26 2018 INFO applyImplyIntroRule - imp17 was expanded
Mon Jun 11 17:39:26 2018 INFO WARNING - Attempted to remove a node from openBranchesList which was not in it.
Mon Jun 11 17:39:26 2018 INFO applyImplyIntroRule - imp16 was expanded
Mon Jun 11 17:39:26 2018 INFO applyImplyIntroRule - imp15 was expanded
Mon Jun 11 17:39:26 2018 INFO applyImplyIntroRule - imp14 was expanded
Mon Jun 11 17:39:26 2018 INFO applyImplyIntroRule - imp13 was expanded
Mon Jun 11 17:39:26 2018 INFO applyImplyIntroRule - imp12 was expanded
Mon Jun 11 17:39:26 2018 INFO applyImplyIntroRule - imp11 was expanded
Mon Jun 11 17:39:26 2018 INFO applyImplyElimRule - A7 was expanded
Mon Jun 11 17:39:26 2018 INFO applyImplyElimRule - A6 was expanded
Mon Jun 11 17:39:26 2018 INFO applyImplyElimRule - imp9 was expanded
Mon Jun 11 17:39:26 2018 INFO applyImplyElimRule - A5 was expanded
Mon Jun 11 17:39:26 2018 INFO applyImplyElimRule - imp7 was expanded
Mon Jun 11 17:39:26 2018 INFO applyImplyElimRule - A4 was expanded
Mon Jun 11 17:39:26 2018 INFO applyImplyElimRule - imp5 was expanded
Mon Jun 11 17:39:26 2018 INFO applyImplyElimRule - A3 was expanded
Mon Jun 11 17:39:26 2018 INFO applyImplyElimRule - imp3 was expanded
Mon Jun 11 17:39:26 2018 INFO applyImplyElimRule - A2 was expanded
Mon Jun 11 17:39:26 2018 INFO applyImplyElimRule - imp1 was expanded
Mon Jun 11 18:04:07 2018 WARN Logger: changing loglevel from DEBUG to INFO
Mon Jun 11 18:04:07 2018 WARN Logger: changing loglevel from DEBUG to DEBUG
Mon Jun 11 18:04:08 2018 INFO inputFormula - alpha: ((A1) imp (A2)) imp (((A1) imp ((A2) imp (A3))) imp (((A2) imp ((A3) imp (A4))) imp (((A3) imp ((A4) imp (A5))) imp (((A4) imp ((A5) imp (A6))) imp (((A5) imp ((A6) imp (A7))) imp ((A1) imp (A7)))))))
Mon Jun 11 18:04:10 2018 INFO applyImplyIntroRule - imp17 was expanded
Mon Jun 11 18:04:10 2018 INFO WARNING - Attempted to remove a node from openBranchesList which was not in it.
Mon Jun 11 18:04:10 2018 INFO applyImplyIntroRule - imp16 was expanded
Mon Jun 11 18:04:10 2018 INFO applyImplyIntroRule - imp15 was expanded
Mon Jun 11 18:04:10 2018 INFO applyImplyIntroRule - imp14 was expanded
Mon Jun 11 18:04:10 2018 INFO applyImplyIntroRule - imp13 was expanded
Mon Jun 11 18:04:10 2018 INFO applyImplyIntroRule - imp12 was expanded
Mon Jun 11 18:04:10 2018 INFO applyImplyIntroRule - imp11 was expanded
Mon Jun 11 18:04:10 2018 INFO applyImplyElimRule - A7 was expanded
Mon Jun 11 18:04:10 2018 INFO applyImplyElimRule - A6 was expanded
Mon Jun 11 18:04:10 2018 INFO applyImplyElimRule - imp9 was expanded
Mon Jun 11 18:04:10 2018 INFO applyImplyElimRule - A5 was expanded
Mon Jun 11 18:04:10 2018 INFO applyImplyElimRule - imp7 was expanded
Mon Jun 11 18:04:10 2018 INFO applyImplyElimRule - A4 was expanded
Mon Jun 11 18:04:10 2018 INFO applyImplyElimRule - imp5 was expanded
Mon Jun 11 18:04:10 2018 INFO applyImplyElimRule - A3 was expanded
Mon Jun 11 18:04:10 2018 INFO applyImplyElimRule - imp3 was expanded
Mon Jun 11 18:04:10 2018 INFO applyImplyElimRule - A2 was expanded
Mon Jun 11 18:04:10 2018 INFO applyImplyElimRule - imp1 was expanded
Mon Jun 11 18:06:06 2018 WARN Logger: changing loglevel from DEBUG to INFO
Mon Jun 11 18:06:06 2018 WARN Logger: changing loglevel from DEBUG to DEBUG
Mon Jun 11 18:06:06 2018 INFO inputFormula - alpha: ((A1) imp (A2)) imp (((A1) imp ((A2) imp (A3))) imp (((A2) imp ((A3) imp (A4))) imp (((A3) imp ((A4) imp (A5))) imp (((A4) imp ((A5) imp (A6))) imp (((A5) imp ((A6) imp (A7))) imp ((A1) imp (A7)))))))
Mon Jun 11 18:06:07 2018 INFO applyImplyIntroRule - imp17 was expanded
Mon Jun 11 18:06:07 2018 INFO WARNING - Attempted to remove a node from openBranchesList which was not in it.
Mon Jun 11 18:06:07 2018 INFO applyImplyIntroRule - imp16 was expanded
Mon Jun 11 18:06:07 2018 INFO applyImplyIntroRule - imp15 was expanded
Mon Jun 11 18:06:07 2018 INFO applyImplyIntroRule - imp14 was expanded
Mon Jun 11 18:06:07 2018 INFO applyImplyIntroRule - imp13 was expanded
Mon Jun 11 18:06:07 2018 INFO applyImplyIntroRule - imp12 was expanded
Mon Jun 11 18:06:07 2018 INFO applyImplyIntroRule - imp11 was expanded
Mon Jun 11 18:06:07 2018 INFO applyImplyElimRule - A7 was expanded
Mon Jun 11 18:06:07 2018 INFO applyImplyElimRule - A6 was expanded
Mon Jun 11 18:06:07 2018 INFO applyImplyElimRule - imp9 was expanded
Mon Jun 11 18:06:07 2018 INFO applyImplyElimRule - A5 was expanded
Mon Jun 11 18:06:07 2018 INFO applyImplyElimRule - imp7 was expanded
Mon Jun 11 18:06:07 2018 INFO applyImplyElimRule - A4 was expanded
Mon Jun 11 18:06:07 2018 INFO applyImplyElimRule - imp5 was expanded
Mon Jun 11 18:06:07 2018 INFO applyImplyElimRule - A3 was expanded
Mon Jun 11 18:06:07 2018 INFO applyImplyElimRule - imp3 was expanded
Mon Jun 11 18:06:07 2018 INFO applyImplyElimRule - A2 was expanded
Mon Jun 11 18:06:07 2018 INFO applyImplyElimRule - imp1 was expanded
Mon Jun 11 18:06:47 2018 WARN Logger: changing loglevel from DEBUG to INFO
Mon Jun 11 18:06:47 2018 WARN Logger: changing loglevel from DEBUG to DEBUG
Mon Jun 11 18:06:48 2018 INFO inputFormula - alpha: ((A1) imp (A2)) imp (((A1) imp ((A2) imp (A3))) imp (((A2) imp ((A3) imp (A4))) imp (((A3) imp ((A4) imp (A5))) imp (((A4) imp ((A5) imp (A6))) imp (((A5) imp ((A6) imp (A7))) imp ((A1) imp (A7)))))))
Mon Jun 11 18:06:50 2018 INFO applyImplyIntroRule - imp17 was expanded
Mon Jun 11 18:06:50 2018 INFO WARNING - Attempted to remove a node from openBranchesList which was not in it.
Mon Jun 11 18:06:50 2018 INFO applyImplyIntroRule - imp16 was expanded
Mon Jun 11 18:06:50 2018 INFO applyImplyIntroRule - imp15 was expanded
Mon Jun 11 18:06:50 2018 INFO applyImplyIntroRule - imp14 was expanded
Mon Jun 11 18:06:50 2018 INFO applyImplyIntroRule - imp13 was expanded
Mon Jun 11 18:06:50 2018 INFO applyImplyIntroRule - imp12 was expanded
Mon Jun 11 18:06:50 2018 INFO applyImplyIntroRule - imp11 was expanded
Mon Jun 11 18:06:50 2018 INFO applyImplyElimRule - A7 was expanded
Mon Jun 11 18:06:50 2018 INFO applyImplyElimRule - A6 was expanded
Mon Jun 11 18:06:50 2018 INFO applyImplyElimRule - imp9 was expanded
Mon Jun 11 18:06:50 2018 INFO applyImplyElimRule - A5 was expanded
Mon Jun 11 18:06:50 2018 INFO applyImplyElimRule - imp7 was expanded
Mon Jun 11 18:06:50 2018 INFO applyImplyElimRule - A4 was expanded
Mon Jun 11 18:06:50 2018 INFO applyImplyElimRule - imp5 was expanded
Mon Jun 11 18:06:50 2018 INFO applyImplyElimRule - A3 was expanded
Mon Jun 11 18:06:50 2018 INFO applyImplyElimRule - imp3 was expanded
Mon Jun 11 18:06:50 2018 INFO applyImplyElimRule - A2 was expanded
Mon Jun 11 18:06:50 2018 INFO applyImplyElimRule - imp1 was expanded
Mon Jun 11 18:15:07 2018 WARN Logger: changing loglevel from DEBUG to INFO
Mon Jun 11 18:17:18 2018 WARN Logger: changing loglevel from DEBUG to INFO
Mon Jun 11 18:17:18 2018 WARN Logger: changing loglevel from DEBUG to DEBUG
Mon Jun 11 18:17:19 2018 INFO inputFormula - alpha: ((A1) imp (A2)) imp (((A1) imp ((A2) imp (A3))) imp (((A2) imp ((A3) imp (A4))) imp (((A3) imp ((A4) imp (A5))) imp (((A4) imp ((A5) imp (A6))) imp (((A5) imp ((A6) imp (A7))) imp ((A1) imp (A7)))))))
Mon Jun 11 18:17:21 2018 INFO applyImplyIntroRule - imp17 was expanded
Mon Jun 11 18:17:21 2018 INFO WARNING - Attempted to remove a node from openBranchesList which was not in it.
Mon Jun 11 18:17:21 2018 INFO applyImplyIntroRule - imp16 was expanded
Mon Jun 11 18:17:21 2018 INFO applyImplyIntroRule - imp15 was expanded
Mon Jun 11 18:17:21 2018 INFO applyImplyIntroRule - imp14 was expanded
Mon Jun 11 18:17:21 2018 INFO applyImplyIntroRule - imp13 was expanded
Mon Jun 11 18:17:21 2018 INFO applyImplyIntroRule - imp12 was expanded
Mon Jun 11 18:17:21 2018 INFO applyImplyIntroRule - imp11 was expanded
Mon Jun 11 18:17:21 2018 INFO applyImplyElimRule - A7 was expanded
Mon Jun 11 18:17:21 2018 INFO applyImplyElimRule - A6 was expanded
Mon Jun 11 18:17:21 2018 INFO applyImplyElimRule - imp9 was expanded
Mon Jun 11 18:17:21 2018 INFO applyImplyElimRule - A5 was expanded
Mon Jun 11 18:17:21 2018 INFO applyImplyElimRule - imp7 was expanded
Mon Jun 11 18:17:21 2018 INFO applyImplyElimRule - A4 was expanded
Mon Jun 11 18:17:21 2018 INFO applyImplyElimRule - imp5 was expanded
Mon Jun 11 18:17:21 2018 INFO applyImplyElimRule - A3 was expanded
Mon Jun 11 18:17:21 2018 INFO applyImplyElimRule - imp3 was expanded
Mon Jun 11 18:17:21 2018 INFO applyImplyElimRule - A2 was expanded
Mon Jun 11 18:17:21 2018 INFO applyImplyElimRule - imp1 was expanded
Mon Jun 11 18:17:42 2018 WARN Logger: changing loglevel from DEBUG to INFO
Mon Jun 11 18:17:42 2018 WARN Logger: changing loglevel from DEBUG to DEBUG
Mon Jun 11 18:17:42 2018 INFO inputFormula - alpha: ((A1) imp (A2)) imp (((A1) imp ((A2) imp (A3))) imp (((A2) imp ((A3) imp (A4))) imp (((A3) imp ((A4) imp (A5))) imp (((A4) imp ((A5) imp (A6))) imp (((A5) imp ((A6) imp (A7))) imp ((A1) imp (A7)))))))
Mon Jun 11 18:17:43 2018 INFO applyImplyIntroRule - imp17 was expanded
Mon Jun 11 18:17:43 2018 INFO WARNING - Attempted to remove a node from openBranchesList which was not in it.
Mon Jun 11 18:17:43 2018 INFO applyImplyIntroRule - imp16 was expanded
Mon Jun 11 18:17:43 2018 INFO applyImplyIntroRule - imp15 was expanded
Mon Jun 11 18:17:43 2018 INFO applyImplyIntroRule - imp14 was expanded
Mon Jun 11 18:17:43 2018 INFO applyImplyIntroRule - imp13 was expanded
Mon Jun 11 18:17:43 2018 INFO applyImplyIntroRule - imp12 was expanded
Mon Jun 11 18:17:43 2018 INFO applyImplyIntroRule - imp11 was expanded
Mon Jun 11 18:17:43 2018 INFO applyImplyElimRule - A7 was expanded
Mon Jun 11 18:17:43 2018 INFO applyImplyElimRule - A6 was expanded
Mon Jun 11 18:17:43 2018 INFO applyImplyElimRule - imp9 was expanded
Mon Jun 11 18:17:43 2018 INFO applyImplyElimRule - A5 was expanded
Mon Jun 11 18:17:43 2018 INFO applyImplyElimRule - imp7 was expanded
Mon Jun 11 18:17:43 2018 INFO applyImplyElimRule - A4 was expanded
Mon Jun 11 18:17:43 2018 INFO applyImplyElimRule - imp5 was expanded
Mon Jun 11 18:17:43 2018 INFO applyImplyElimRule - A3 was expanded
Mon Jun 11 18:17:43 2018 INFO applyImplyElimRule - imp3 was expanded
Mon Jun 11 18:17:43 2018 INFO applyImplyElimRule - A2 was expanded
Mon Jun 11 18:17:43 2018 INFO applyImplyElimRule - imp1 was expanded
Mon Jun 11 18:19:26 2018 WARN Logger: changing loglevel from DEBUG to INFO
Mon Jun 11 18:19:26 2018 WARN Logger: changing loglevel from DEBUG to DEBUG
Mon Jun 11 18:19:27 2018 INFO inputFormula - alpha: ((A1) imp (A2)) imp (((A1) imp ((A2) imp (A3))) imp (((A2) imp ((A3) imp (A4))) imp (((A3) imp ((A4) imp (A5))) imp (((A4) imp ((A5) imp (A6))) imp (((A5) imp ((A6) imp (A7))) imp ((A1) imp (A7)))))))
Mon Jun 11 18:19:28 2018 INFO applyImplyIntroRule - imp17 was expanded
Mon Jun 11 18:19:28 2018 INFO WARNING - Attempted to remove a node from openBranchesList which was not in it.
Mon Jun 11 18:19:28 2018 INFO applyImplyIntroRule - imp16 was expanded
Mon Jun 11 18:19:28 2018 INFO applyImplyIntroRule - imp15 was expanded
Mon Jun 11 18:19:28 2018 INFO applyImplyIntroRule - imp14 was expanded
Mon Jun 11 18:19:28 2018 INFO applyImplyIntroRule - imp13 was expanded
Mon Jun 11 18:19:28 2018 INFO applyImplyIntroRule - imp12 was expanded
Mon Jun 11 18:19:28 2018 INFO applyImplyIntroRule - imp11 was expanded
Mon Jun 11 18:19:28 2018 INFO applyImplyElimRule - A7 was expanded
Mon Jun 11 18:19:28 2018 INFO applyImplyElimRule - A6 was expanded
Mon Jun 11 18:19:28 2018 INFO applyImplyElimRule - imp9 was expanded
Mon Jun 11 18:19:28 2018 INFO applyImplyElimRule - A5 was expanded
Mon Jun 11 18:19:28 2018 INFO applyImplyElimRule - imp7 was expanded
Mon Jun 11 18:19:28 2018 INFO applyImplyElimRule - A4 was expanded
Mon Jun 11 18:19:28 2018 INFO applyImplyElimRule - imp5 was expanded
Mon Jun 11 18:19:28 2018 INFO applyImplyElimRule - A3 was expanded
Mon Jun 11 18:19:28 2018 INFO applyImplyElimRule - imp3 was expanded
Mon Jun 11 18:19:28 2018 INFO applyImplyElimRule - A2 was expanded
Mon Jun 11 18:19:28 2018 INFO applyImplyElimRule - imp1 was expanded
Mon Jun 11 18:22:28 2018 WARN Logger: changing loglevel from DEBUG to INFO
Mon Jun 11 18:22:28 2018 WARN Logger: changing loglevel from DEBUG to DEBUG
Mon Jun 11 18:22:28 2018 INFO inputFormula - alpha: ((A1) imp (A2)) imp (((A1) imp ((A2) imp (A3))) imp (((A2) imp ((A3) imp (A4))) imp (((A3) imp ((A4) imp (A5))) imp (((A4) imp ((A5) imp (A6))) imp (((A5) imp ((A6) imp (A7))) imp ((A1) imp (A7)))))))
Mon Jun 11 18:22:29 2018 INFO applyImplyIntroRule - imp17 was expanded
Mon Jun 11 18:22:29 2018 INFO WARNING - Attempted to remove a node from openBranchesList which was not in it.
Mon Jun 11 18:22:29 2018 INFO applyImplyIntroRule - imp16 was expanded
Mon Jun 11 18:22:29 2018 INFO applyImplyIntroRule - imp15 was expanded
Mon Jun 11 18:22:29 2018 INFO applyImplyIntroRule - imp14 was expanded
Mon Jun 11 18:22:29 2018 INFO applyImplyIntroRule - imp13 was expanded
Mon Jun 11 18:22:29 2018 INFO applyImplyIntroRule - imp12 was expanded
Mon Jun 11 18:22:29 2018 INFO applyImplyIntroRule - imp11 was expanded
Mon Jun 11 18:22:29 2018 INFO applyImplyElimRule - A7 was expanded
Mon Jun 11 18:22:29 2018 INFO applyImplyElimRule - A6 was expanded
Mon Jun 11 18:22:29 2018 INFO applyImplyElimRule - imp9 was expanded
Mon Jun 11 18:22:29 2018 INFO applyImplyElimRule - A5 was expanded
Mon Jun 11 18:22:29 2018 INFO applyImplyElimRule - imp7 was expanded
Mon Jun 11 18:22:29 2018 INFO applyImplyElimRule - A4 was expanded
Mon Jun 11 18:22:29 2018 INFO applyImplyElimRule - imp5 was expanded
Mon Jun 11 18:22:29 2018 INFO applyImplyElimRule - A3 was expanded
Mon Jun 11 18:22:29 2018 INFO applyImplyElimRule - imp3 was expanded
Mon Jun 11 18:22:29 2018 INFO applyImplyElimRule - A2 was expanded
Mon Jun 11 18:22:29 2018 INFO applyImplyElimRule - imp1 was expanded
Mon Jun 11 18:24:20 2018 WARN Logger: changing loglevel from DEBUG to INFO
Mon Jun 11 18:24:20 2018 WARN Logger: changing loglevel from DEBUG to DEBUG
Mon Jun 11 18:24:21 2018 INFO inputFormula - alpha: ((A1) imp (A2)) imp (((A1) imp ((A2) imp (A3))) imp (((A2) imp ((A3) imp (A4))) imp (((A3) imp ((A4) imp (A5))) imp (((A4) imp ((A5) imp (A6))) imp (((A5) imp ((A6) imp (A7))) imp ((A1) imp (A7)))))))
Mon Jun 11 18:24:24 2018 INFO applyImplyIntroRule - imp17 was expanded
Mon Jun 11 18:24:24 2018 INFO WARNING - Attempted to remove a node from openBranchesList which was not in it.
Mon Jun 11 18:24:24 2018 INFO applyImplyIntroRule - imp16 was expanded
Mon Jun 11 18:24:24 2018 INFO applyImplyIntroRule - imp15 was expanded
Mon Jun 11 18:24:24 2018 INFO applyImplyIntroRule - imp14 was expanded
Mon Jun 11 18:24:24 2018 INFO applyImplyIntroRule - imp13 was expanded
Mon Jun 11 18:24:24 2018 INFO applyImplyIntroRule - imp12 was expanded
Mon Jun 11 18:24:24 2018 INFO applyImplyIntroRule - imp11 was expanded
Mon Jun 11 18:24:24 2018 INFO applyImplyElimRule - A7 was expanded
Mon Jun 11 18:24:24 2018 INFO applyImplyElimRule - A6 was expanded
Mon Jun 11 18:24:24 2018 INFO applyImplyElimRule - imp9 was expanded
Mon Jun 11 18:24:24 2018 INFO applyImplyElimRule - A5 was expanded
Mon Jun 11 18:24:24 2018 INFO applyImplyElimRule - imp7 was expanded
Mon Jun 11 18:24:24 2018 INFO applyImplyElimRule - A4 was expanded
Mon Jun 11 18:24:24 2018 INFO applyImplyElimRule - imp5 was expanded
Mon Jun 11 18:24:24 2018 INFO applyImplyElimRule - A3 was expanded
Mon Jun 11 18:24:24 2018 INFO applyImplyElimRule - imp3 was expanded
Mon Jun 11 18:24:24 2018 INFO applyImplyElimRule - A2 was expanded
Mon Jun 11 18:24:24 2018 INFO applyImplyElimRule - imp1 was expanded
Mon Jun 11 18:26:32 2018 WARN Logger: changing loglevel from DEBUG to INFO
Mon Jun 11 18:26:32 2018 WARN Logger: changing loglevel from DEBUG to DEBUG
Mon Jun 11 18:26:33 2018 INFO inputFormula - alpha: ((A1) imp (A2)) imp (((A1) imp ((A2) imp (A3))) imp (((A2) imp ((A3) imp (A4))) imp (((A3) imp ((A4) imp (A5))) imp (((A4) imp ((A5) imp (A6))) imp (((A5) imp ((A6) imp (A7))) imp ((A1) imp (A7)))))))
Mon Jun 11 18:26:34 2018 INFO applyImplyIntroRule - imp17 was expanded
Mon Jun 11 18:26:34 2018 INFO WARNING - Attempted to remove a node from openBranchesList which was not in it.
Mon Jun 11 18:26:34 2018 INFO applyImplyIntroRule - imp16 was expanded
Mon Jun 11 18:26:34 2018 INFO applyImplyIntroRule - imp15 was expanded
Mon Jun 11 18:26:34 2018 INFO applyImplyIntroRule - imp14 was expanded
Mon Jun 11 18:26:34 2018 INFO applyImplyIntroRule - imp13 was expanded
Mon Jun 11 18:26:34 2018 INFO applyImplyIntroRule - imp12 was expanded
Mon Jun 11 18:26:34 2018 INFO applyImplyIntroRule - imp11 was expanded
Mon Jun 11 18:26:34 2018 INFO applyImplyElimRule - A7 was expanded
Mon Jun 11 18:26:34 2018 INFO applyImplyElimRule - A6 was expanded
Mon Jun 11 18:26:34 2018 INFO applyImplyElimRule - imp9 was expanded
Mon Jun 11 18:26:34 2018 INFO applyImplyElimRule - A5 was expanded
Mon Jun 11 18:26:34 2018 INFO applyImplyElimRule - imp7 was expanded
Mon Jun 11 18:26:34 2018 INFO applyImplyElimRule - A4 was expanded
Mon Jun 11 18:26:34 2018 INFO applyImplyElimRule - imp5 was expanded
Mon Jun 11 18:26:34 2018 INFO applyImplyElimRule - A3 was expanded
Mon Jun 11 18:26:34 2018 INFO applyImplyElimRule - imp3 was expanded
Mon Jun 11 18:26:34 2018 INFO applyImplyElimRule - A2 was expanded
Mon Jun 11 18:26:34 2018 INFO applyImplyElimRule - imp1 was expanded
Mon Jun 11 18:28:43 2018 WARN Logger: changing loglevel from DEBUG to INFO
Mon Jun 11 18:28:43 2018 WARN Logger: changing loglevel from DEBUG to DEBUG
Mon Jun 11 18:28:44 2018 INFO inputFormula - alpha: ((A1) imp (A2)) imp (((A1) imp ((A2) imp (A3))) imp (((A2) imp ((A3) imp (A4))) imp (((A3) imp ((A4) imp (A5))) imp (((A4) imp ((A5) imp (A6))) imp (((A5) imp ((A6) imp (A7))) imp ((A1) imp (A7)))))))
Mon Jun 11 18:28:45 2018 INFO applyImplyIntroRule - imp17 was expanded
Mon Jun 11 18:28:45 2018 INFO WARNING - Attempted to remove a node from openBranchesList which was not in it.
Mon Jun 11 18:28:45 2018 INFO applyImplyIntroRule - imp16 was expanded
Mon Jun 11 18:28:45 2018 INFO applyImplyIntroRule - imp15 was expanded
Mon Jun 11 18:28:45 2018 INFO applyImplyIntroRule - imp14 was expanded
Mon Jun 11 18:28:45 2018 INFO applyImplyIntroRule - imp13 was expanded
Mon Jun 11 18:28:45 2018 INFO applyImplyIntroRule - imp12 was expanded
Mon Jun 11 18:28:45 2018 INFO applyImplyIntroRule - imp11 was expanded
Mon Jun 11 18:28:45 2018 INFO applyImplyElimRule - A7 was expanded
Mon Jun 11 18:28:45 2018 INFO applyImplyElimRule - A6 was expanded
Mon Jun 11 18:28:45 2018 INFO applyImplyElimRule - imp9 was expanded
Mon Jun 11 18:28:45 2018 INFO applyImplyElimRule - A5 was expanded
Mon Jun 11 18:28:45 2018 INFO applyImplyElimRule - imp7 was expanded
Mon Jun 11 18:28:45 2018 INFO applyImplyElimRule - A4 was expanded
Mon Jun 11 18:28:45 2018 INFO applyImplyElimRule - imp5 was expanded
Mon Jun 11 18:28:45 2018 INFO applyImplyElimRule - A3 was expanded
Mon Jun 11 18:28:45 2018 INFO applyImplyElimRule - imp3 was expanded
Mon Jun 11 18:28:45 2018 INFO applyImplyElimRule - A2 was expanded
Mon Jun 11 18:28:45 2018 INFO applyImplyElimRule - imp1 was expanded
Mon Jun 11 18:33:24 2018 WARN Logger: changing loglevel from DEBUG to INFO
Mon Jun 11 18:33:24 2018 WARN Logger: changing loglevel from DEBUG to DEBUG
Mon Jun 11 18:33:25 2018 INFO inputFormula - alpha: ((A1) imp (A2)) imp (((A1) imp ((A2) imp (A3))) imp (((A2) imp ((A3) imp (A4))) imp (((A3) imp ((A4) imp (A5))) imp (((A4) imp ((A5) imp (A6))) imp (((A5) imp ((A6) imp (A7))) imp ((A1) imp (A7)))))))
Mon Jun 11 18:33:27 2018 INFO applyImplyIntroRule - imp17 was expanded
Mon Jun 11 18:33:27 2018 INFO WARNING - Attempted to remove a node from openBranchesList which was not in it.
Mon Jun 11 18:33:27 2018 INFO applyImplyIntroRule - imp16 was expanded
Mon Jun 11 18:33:27 2018 INFO applyImplyIntroRule - imp15 was expanded
Mon Jun 11 18:33:27 2018 INFO applyImplyIntroRule - imp14 was expanded
Mon Jun 11 18:33:27 2018 INFO applyImplyIntroRule - imp13 was expanded
Mon Jun 11 18:33:27 2018 INFO applyImplyIntroRule - imp12 was expanded
Mon Jun 11 18:33:27 2018 INFO applyImplyIntroRule - imp11 was expanded
Mon Jun 11 18:33:27 2018 INFO applyImplyElimRule - A7 was expanded
Mon Jun 11 18:33:27 2018 INFO applyImplyElimRule - A6 was expanded
Mon Jun 11 18:33:27 2018 INFO applyImplyElimRule - imp9 was expanded
Mon Jun 11 18:33:27 2018 INFO applyImplyElimRule - A5 was expanded
Mon Jun 11 18:33:27 2018 INFO applyImplyElimRule - imp7 was expanded
Mon Jun 11 18:33:27 2018 INFO applyImplyElimRule - A4 was expanded
Mon Jun 11 18:33:27 2018 INFO applyImplyElimRule - imp5 was expanded
Mon Jun 11 18:33:27 2018 INFO applyImplyElimRule - A3 was expanded
Mon Jun 11 18:33:27 2018 INFO applyImplyElimRule - imp3 was expanded
Mon Jun 11 18:33:27 2018 INFO applyImplyElimRule - A2 was expanded
Mon Jun 11 18:33:27 2018 INFO applyImplyElimRule - imp1 was expanded
Mon Jun 11 18:34:42 2018 WARN Logger: changing loglevel from DEBUG to INFO
Mon Jun 11 18:34:42 2018 WARN Logger: changing loglevel from DEBUG to DEBUG
Mon Jun 11 18:34:44 2018 INFO inputFormula - alpha: ((A1) imp (A2)) imp (((A1) imp ((A2) imp (A3))) imp (((A2) imp ((A3) imp (A4))) imp (((A3) imp ((A4) imp (A5))) imp (((A4) imp ((A5) imp (A6))) imp (((A5) imp ((A6) imp (A7))) imp ((A1) imp (A7)))))))
Mon Jun 11 18:34:45 2018 INFO applyImplyIntroRule - imp17 was expanded
Mon Jun 11 18:34:45 2018 INFO WARNING - Attempted to remove a node from openBranchesList which was not in it.
Mon Jun 11 18:34:45 2018 INFO applyImplyIntroRule - imp16 was expanded
Mon Jun 11 18:34:45 2018 INFO applyImplyIntroRule - imp15 was expanded
Mon Jun 11 18:34:45 2018 INFO applyImplyIntroRule - imp14 was expanded
Mon Jun 11 18:34:45 2018 INFO applyImplyIntroRule - imp13 was expanded
Mon Jun 11 18:34:45 2018 INFO applyImplyIntroRule - imp12 was expanded
Mon Jun 11 18:34:45 2018 INFO applyImplyIntroRule - imp11 was expanded
Mon Jun 11 18:34:45 2018 INFO applyImplyElimRule - A7 was expanded
Mon Jun 11 18:34:45 2018 INFO applyImplyElimRule - A6 was expanded
Mon Jun 11 18:34:45 2018 INFO applyImplyElimRule - imp9 was expanded
Mon Jun 11 18:34:45 2018 INFO applyImplyElimRule - A5 was expanded
Mon Jun 11 18:34:45 2018 INFO applyImplyElimRule - imp7 was expanded
Mon Jun 11 18:34:45 2018 INFO applyImplyElimRule - A4 was expanded
Mon Jun 11 18:34:45 2018 INFO applyImplyElimRule - imp5 was expanded
Mon Jun 11 18:34:45 2018 INFO applyImplyElimRule - A3 was expanded
Mon Jun 11 18:34:45 2018 INFO applyImplyElimRule - imp3 was expanded
Mon Jun 11 18:34:45 2018 INFO applyImplyElimRule - A2 was expanded
Mon Jun 11 18:34:45 2018 INFO applyImplyElimRule - imp1 was expanded
Mon Jun 11 19:03:48 2018 WARN Logger: changing loglevel from DEBUG to INFO
Mon Jun 11 19:03:48 2018 WARN Logger: changing loglevel from DEBUG to DEBUG
Mon Jun 11 19:03:49 2018 INFO inputFormula - alpha: ((A1) imp (A2)) imp (((A1) imp ((A2) imp (A3))) imp (((A2) imp ((A3) imp (A4))) imp (((A3) imp ((A4) imp (A5))) imp (((A4) imp ((A5) imp (A6))) imp (((A5) imp ((A6) imp (A7))) imp ((A1) imp (A7)))))))
Mon Jun 11 19:03:50 2018 INFO applyImplyIntroRule - imp17 was expanded
Mon Jun 11 19:03:50 2018 INFO WARNING - Attempted to remove a node from openBranchesList which was not in it.
Mon Jun 11 19:03:50 2018 INFO applyImplyIntroRule - imp16 was expanded
Mon Jun 11 19:03:50 2018 INFO applyImplyIntroRule - imp15 was expanded
Mon Jun 11 19:03:50 2018 INFO applyImplyIntroRule - imp14 was expanded
Mon Jun 11 19:03:50 2018 INFO applyImplyIntroRule - imp13 was expanded
Mon Jun 11 19:03:50 2018 INFO applyImplyIntroRule - imp12 was expanded
Mon Jun 11 19:03:50 2018 INFO applyImplyIntroRule - imp11 was expanded
Mon Jun 11 19:03:50 2018 INFO applyImplyElimRule - A7 was expanded
Mon Jun 11 19:03:50 2018 INFO applyImplyElimRule - A6 was expanded
Mon Jun 11 19:03:50 2018 INFO applyImplyElimRule - imp9 was expanded
Mon Jun 11 19:03:50 2018 INFO applyImplyElimRule - A5 was expanded
Mon Jun 11 19:03:50 2018 INFO applyImplyElimRule - imp7 was expanded
Mon Jun 11 19:03:50 2018 INFO applyImplyElimRule - A4 was expanded
Mon Jun 11 19:03:50 2018 INFO applyImplyElimRule - imp5 was expanded
Mon Jun 11 19:03:50 2018 INFO applyImplyElimRule - A3 was expanded
Mon Jun 11 19:03:50 2018 INFO applyImplyElimRule - imp3 was expanded
Mon Jun 11 19:03:50 2018 INFO applyImplyElimRule - A2 was expanded
Mon Jun 11 19:03:50 2018 INFO applyImplyElimRule - imp1 was expanded
Mon Jun 11 19:05:18 2018 WARN Logger: changing loglevel from DEBUG to INFO
Mon Jun 11 19:05:18 2018 WARN Logger: changing loglevel from DEBUG to DEBUG
Mon Jun 11 19:05:19 2018 INFO inputFormula - alpha: ((A1) imp (A2)) imp (((A1) imp ((A2) imp (A3))) imp (((A2) imp ((A3) imp (A4))) imp (((A3) imp ((A4) imp (A5))) imp (((A4) imp ((A5) imp (A6))) imp (((A5) imp ((A6) imp (A7))) imp ((A1) imp (A7)))))))
Mon Jun 11 19:05:20 2018 INFO applyImplyIntroRule - imp17 was expanded
Mon Jun 11 19:05:20 2018 INFO WARNING - Attempted to remove a node from openBranchesList which was not in it.
Mon Jun 11 19:05:20 2018 INFO applyImplyIntroRule - imp16 was expanded
Mon Jun 11 19:05:20 2018 INFO applyImplyIntroRule - imp15 was expanded
Mon Jun 11 19:05:20 2018 INFO applyImplyIntroRule - imp14 was expanded
Mon Jun 11 19:05:20 2018 INFO applyImplyIntroRule - imp13 was expanded
Mon Jun 11 19:05:20 2018 INFO applyImplyIntroRule - imp12 was expanded
Mon Jun 11 19:05:20 2018 INFO applyImplyIntroRule - imp11 was expanded
Mon Jun 11 19:05:20 2018 INFO applyImplyElimRule - A7 was expanded
Mon Jun 11 19:05:20 2018 INFO applyImplyElimRule - A6 was expanded
Mon Jun 11 19:05:20 2018 INFO applyImplyElimRule - imp9 was expanded
Mon Jun 11 19:05:20 2018 INFO applyImplyElimRule - A5 was expanded
Mon Jun 11 19:05:20 2018 INFO applyImplyElimRule - imp7 was expanded
Mon Jun 11 19:05:20 2018 INFO applyImplyElimRule - A4 was expanded
Mon Jun 11 19:05:20 2018 INFO applyImplyElimRule - imp5 was expanded
Mon Jun 11 19:05:20 2018 INFO applyImplyElimRule - A3 was expanded
Mon Jun 11 19:05:20 2018 INFO applyImplyElimRule - imp3 was expanded
Mon Jun 11 19:05:20 2018 INFO applyImplyElimRule - A2 was expanded
Mon Jun 11 19:05:20 2018 INFO applyImplyElimRule - imp1 was expanded
Mon Jun 11 19:05:39 2018 WARN Logger: changing loglevel from DEBUG to INFO
Mon Jun 11 19:05:39 2018 WARN Logger: changing loglevel from DEBUG to DEBUG
Mon Jun 11 19:05:40 2018 INFO inputFormula - alpha: ((A1) imp (A2)) imp (((A1) imp ((A2) imp (A3))) imp (((A2) imp ((A3) imp (A4))) imp (((A3) imp ((A4) imp (A5))) imp (((A4) imp ((A5) imp (A6))) imp (((A5) imp ((A6) imp (A7))) imp ((A1) imp (A7)))))))
Mon Jun 11 19:05:41 2018 INFO applyImplyIntroRule - imp17 was expanded
Mon Jun 11 19:05:41 2018 INFO WARNING - Attempted to remove a node from openBranchesList which was not in it.
Mon Jun 11 19:05:41 2018 INFO applyImplyIntroRule - imp16 was expanded
Mon Jun 11 19:05:41 2018 INFO applyImplyIntroRule - imp15 was expanded
Mon Jun 11 19:05:41 2018 INFO applyImplyIntroRule - imp14 was expanded
Mon Jun 11 19:05:41 2018 INFO applyImplyIntroRule - imp13 was expanded
Mon Jun 11 19:05:41 2018 INFO applyImplyIntroRule - imp12 was expanded
Mon Jun 11 19:05:41 2018 INFO applyImplyIntroRule - imp11 was expanded
Mon Jun 11 19:05:41 2018 INFO applyImplyElimRule - A7 was expanded
Mon Jun 11 19:05:41 2018 INFO applyImplyElimRule - A6 was expanded
Mon Jun 11 19:05:41 2018 INFO applyImplyElimRule - imp9 was expanded
Mon Jun 11 19:05:41 2018 INFO applyImplyElimRule - A5 was expanded
Mon Jun 11 19:05:41 2018 INFO applyImplyElimRule - imp7 was expanded
Mon Jun 11 19:05:41 2018 INFO applyImplyElimRule - A4 was expanded
Mon Jun 11 19:05:41 2018 INFO applyImplyElimRule - imp5 was expanded
Mon Jun 11 19:05:41 2018 INFO applyImplyElimRule - A3 was expanded
Mon Jun 11 19:05:41 2018 INFO applyImplyElimRule - imp3 was expanded
Mon Jun 11 19:05:41 2018 INFO applyImplyElimRule - A2 was expanded
Mon Jun 11 19:05:41 2018 INFO applyImplyElimRule - imp1 was expanded
Mon Jun 11 19:08:02 2018 WARN Logger: changing loglevel from DEBUG to INFO
Mon Jun 11 19:08:02 2018 WARN Logger: changing loglevel from DEBUG to DEBUG
Mon Jun 11 19:08:02 2018 INFO inputFormula - alpha: ((A1) imp (A2)) imp (((A1) imp ((A2) imp (A3))) imp (((A2) imp ((A3) imp (A4))) imp (((A3) imp ((A4) imp (A5))) imp (((A4) imp ((A5) imp (A6))) imp (((A5) imp ((A6) imp (A7))) imp ((A1) imp (A7)))))))
Mon Jun 11 19:08:04 2018 INFO applyImplyIntroRule - imp17 was expanded
Mon Jun 11 19:08:04 2018 INFO WARNING - Attempted to remove a node from openBranchesList which was not in it.
Mon Jun 11 19:08:04 2018 INFO applyImplyIntroRule - imp16 was expanded
Mon Jun 11 19:08:04 2018 INFO applyImplyIntroRule - imp15 was expanded
Mon Jun 11 19:08:04 2018 INFO applyImplyIntroRule - imp14 was expanded
Mon Jun 11 19:08:04 2018 INFO applyImplyIntroRule - imp13 was expanded
Mon Jun 11 19:08:04 2018 INFO applyImplyIntroRule - imp12 was expanded
Mon Jun 11 19:08:04 2018 INFO applyImplyIntroRule - imp11 was expanded
Mon Jun 11 19:08:04 2018 INFO applyImplyElimRule - A7 was expanded
Mon Jun 11 19:08:04 2018 INFO applyImplyElimRule - A6 was expanded
Mon Jun 11 19:08:04 2018 INFO applyImplyElimRule - imp9 was expanded
Mon Jun 11 19:08:04 2018 INFO applyImplyElimRule - A5 was expanded
Mon Jun 11 19:08:04 2018 INFO applyImplyElimRule - imp7 was expanded
Mon Jun 11 19:08:04 2018 INFO applyImplyElimRule - A4 was expanded
Mon Jun 11 19:08:04 2018 INFO applyImplyElimRule - imp5 was expanded
Mon Jun 11 19:08:04 2018 INFO applyImplyElimRule - A3 was expanded
Mon Jun 11 19:08:04 2018 INFO applyImplyElimRule - imp3 was expanded
Mon Jun 11 19:08:04 2018 INFO applyImplyElimRule - A2 was expanded
Mon Jun 11 19:08:04 2018 INFO applyImplyElimRule - imp1 was expanded
Mon Jun 11 19:10:12 2018 WARN Logger: changing loglevel from DEBUG to INFO
Mon Jun 11 19:10:12 2018 WARN Logger: changing loglevel from DEBUG to DEBUG
Mon Jun 11 19:10:12 2018 INFO inputFormula - alpha: ((A1) imp (A2)) imp (((A1) imp ((A2) imp (A3))) imp (((A2) imp ((A3) imp (A4))) imp (((A3) imp ((A4) imp (A5))) imp (((A4) imp ((A5) imp (A6))) imp (((A5) imp ((A6) imp (A7))) imp ((A1) imp (A7)))))))
Mon Jun 11 19:10:15 2018 INFO applyImplyIntroRule - imp17 was expanded
Mon Jun 11 19:10:15 2018 INFO WARNING - Attempted to remove a node from openBranchesList which was not in it.
Mon Jun 11 19:10:15 2018 INFO applyImplyIntroRule - imp16 was expanded
Mon Jun 11 19:10:15 2018 INFO applyImplyIntroRule - imp15 was expanded
Mon Jun 11 19:10:15 2018 INFO applyImplyIntroRule - imp14 was expanded
Mon Jun 11 19:10:15 2018 INFO applyImplyIntroRule - imp13 was expanded
Mon Jun 11 19:10:15 2018 INFO applyImplyIntroRule - imp12 was expanded
Mon Jun 11 19:10:15 2018 INFO applyImplyIntroRule - imp11 was expanded
Mon Jun 11 19:10:15 2018 INFO applyImplyElimRule - A7 was expanded
Mon Jun 11 19:10:15 2018 INFO applyImplyElimRule - A6 was expanded
Mon Jun 11 19:10:15 2018 INFO applyImplyElimRule - imp9 was expanded
Mon Jun 11 19:10:15 2018 INFO applyImplyElimRule - A5 was expanded
Mon Jun 11 19:10:15 2018 INFO applyImplyElimRule - imp7 was expanded
Mon Jun 11 19:10:15 2018 INFO applyImplyElimRule - A4 was expanded
Mon Jun 11 19:10:15 2018 INFO applyImplyElimRule - imp5 was expanded
Mon Jun 11 19:10:15 2018 INFO applyImplyElimRule - A3 was expanded
Mon Jun 11 19:10:15 2018 INFO applyImplyElimRule - imp3 was expanded
Mon Jun 11 19:10:15 2018 INFO applyImplyElimRule - A2 was expanded
Mon Jun 11 19:10:15 2018 INFO applyImplyElimRule - imp1 was expanded
Mon Jun 11 19:14:23 2018 WARN Logger: changing loglevel from DEBUG to INFO
Mon Jun 11 19:14:23 2018 WARN Logger: changing loglevel from DEBUG to DEBUG
Mon Jun 11 19:14:24 2018 INFO inputFormula - alpha: ((A1) imp (A2)) imp (((A1) imp ((A2) imp (A3))) imp (((A2) imp ((A3) imp (A4))) imp (((A3) imp ((A4) imp (A5))) imp (((A4) imp ((A5) imp (A6))) imp (((A5) imp ((A6) imp (A7))) imp ((A1) imp (A7)))))))
Mon Jun 11 19:14:25 2018 INFO applyImplyIntroRule - imp17 was expanded
Mon Jun 11 19:14:25 2018 INFO WARNING - Attempted to remove a node from openBranchesList which was not in it.
Mon Jun 11 19:14:25 2018 INFO applyImplyIntroRule - imp16 was expanded
Mon Jun 11 19:14:25 2018 INFO applyImplyIntroRule - imp15 was expanded
Mon Jun 11 19:14:25 2018 INFO applyImplyIntroRule - imp14 was expanded
Mon Jun 11 19:14:25 2018 INFO applyImplyIntroRule - imp13 was expanded
Mon Jun 11 19:14:25 2018 INFO applyImplyIntroRule - imp12 was expanded
Mon Jun 11 19:14:25 2018 INFO applyImplyIntroRule - imp11 was expanded
Mon Jun 11 19:14:25 2018 INFO applyImplyElimRule - A7 was expanded
Mon Jun 11 19:14:25 2018 INFO applyImplyElimRule - A6 was expanded
Mon Jun 11 19:14:25 2018 INFO applyImplyElimRule - imp9 was expanded
Mon Jun 11 19:14:25 2018 INFO applyImplyElimRule - A5 was expanded
Mon Jun 11 19:14:25 2018 INFO applyImplyElimRule - imp7 was expanded
Mon Jun 11 19:14:25 2018 INFO applyImplyElimRule - A4 was expanded
Mon Jun 11 19:14:25 2018 INFO applyImplyElimRule - imp5 was expanded
Mon Jun 11 19:14:25 2018 INFO applyImplyElimRule - A3 was expanded
Mon Jun 11 19:14:25 2018 INFO applyImplyElimRule - imp3 was expanded
Mon Jun 11 19:14:25 2018 INFO applyImplyElimRule - A2 was expanded
Mon Jun 11 19:14:25 2018 INFO applyImplyElimRule - imp1 was expanded
Mon Jun 11 19:17:11 2018 WARN Logger: changing loglevel from DEBUG to INFO
Mon Jun 11 19:17:11 2018 WARN Logger: changing loglevel from DEBUG to DEBUG
Mon Jun 11 19:17:12 2018 INFO inputFormula - alpha: ((A1) imp (A2)) imp (((A1) imp ((A2) imp (A3))) imp (((A2) imp ((A3) imp (A4))) imp (((A3) imp ((A4) imp (A5))) imp (((A4) imp ((A5) imp (A6))) imp (((A5) imp ((A6) imp (A7))) imp ((A1) imp (A7)))))))
Mon Jun 11 19:17:13 2018 INFO applyImplyIntroRule - imp17 was expanded
Mon Jun 11 19:17:13 2018 INFO WARNING - Attempted to remove a node from openBranchesList which was not in it.
Mon Jun 11 19:17:13 2018 INFO applyImplyIntroRule - imp16 was expanded
Mon Jun 11 19:17:13 2018 INFO applyImplyIntroRule - imp15 was expanded
Mon Jun 11 19:17:13 2018 INFO applyImplyIntroRule - imp14 was expanded
Mon Jun 11 19:17:13 2018 INFO applyImplyIntroRule - imp13 was expanded
Mon Jun 11 19:17:13 2018 INFO applyImplyIntroRule - imp12 was expanded
Mon Jun 11 19:17:13 2018 INFO applyImplyIntroRule - imp11 was expanded
Mon Jun 11 19:17:13 2018 INFO applyImplyElimRule - A7 was expanded
Mon Jun 11 19:17:13 2018 INFO applyImplyElimRule - A6 was expanded
Mon Jun 11 19:17:13 2018 INFO applyImplyElimRule - imp9 was expanded
Mon Jun 11 19:17:13 2018 INFO applyImplyElimRule - A5 was expanded
Mon Jun 11 19:17:13 2018 INFO applyImplyElimRule - imp7 was expanded
Mon Jun 11 19:17:13 2018 INFO applyImplyElimRule - A4 was expanded
Mon Jun 11 19:17:13 2018 INFO applyImplyElimRule - imp5 was expanded
Mon Jun 11 19:17:13 2018 INFO applyImplyElimRule - A3 was expanded
Mon Jun 11 19:17:13 2018 INFO applyImplyElimRule - imp3 was expanded
Mon Jun 11 19:17:13 2018 INFO applyImplyElimRule - A2 was expanded
Mon Jun 11 19:17:13 2018 INFO applyImplyElimRule - imp1 was expanded
Mon Jun 11 19:17:29 2018 WARN Logger: changing loglevel from DEBUG to INFO
Mon Jun 11 19:17:29 2018 WARN Logger: changing loglevel from DEBUG to DEBUG
Mon Jun 11 19:17:30 2018 INFO inputFormula - alpha: ((A1) imp (A2)) imp (((A1) imp ((A2) imp (A3))) imp (((A2) imp ((A3) imp (A4))) imp (((A3) imp ((A4) imp (A5))) imp (((A4) imp ((A5) imp (A6))) imp (((A5) imp ((A6) imp (A7))) imp ((A1) imp (A7)))))))
Mon Jun 11 19:17:31 2018 INFO applyImplyIntroRule - imp17 was expanded
Mon Jun 11 19:17:31 2018 INFO WARNING - Attempted to remove a node from openBranchesList which was not in it.
Mon Jun 11 19:17:31 2018 INFO applyImplyIntroRule - imp16 was expanded
Mon Jun 11 19:17:31 2018 INFO applyImplyIntroRule - imp15 was expanded
Mon Jun 11 19:17:31 2018 INFO applyImplyIntroRule - imp14 was expanded
Mon Jun 11 19:17:31 2018 INFO applyImplyIntroRule - imp13 was expanded
Mon Jun 11 19:17:31 2018 INFO applyImplyIntroRule - imp12 was expanded
Mon Jun 11 19:17:31 2018 INFO applyImplyIntroRule - imp11 was expanded
Mon Jun 11 19:17:31 2018 INFO applyImplyElimRule - A7 was expanded
Mon Jun 11 19:17:31 2018 INFO applyImplyElimRule - A6 was expanded
Mon Jun 11 19:17:31 2018 INFO applyImplyElimRule - imp9 was expanded
Mon Jun 11 19:17:31 2018 INFO applyImplyElimRule - A5 was expanded
Mon Jun 11 19:17:31 2018 INFO applyImplyElimRule - imp7 was expanded
Mon Jun 11 19:17:31 2018 INFO applyImplyElimRule - A4 was expanded
Mon Jun 11 19:17:31 2018 INFO applyImplyElimRule - imp5 was expanded
Mon Jun 11 19:17:31 2018 INFO applyImplyElimRule - A3 was expanded
Mon Jun 11 19:17:31 2018 INFO applyImplyElimRule - imp3 was expanded
Mon Jun 11 19:17:31 2018 INFO applyImplyElimRule - A2 was expanded
Mon Jun 11 19:17:31 2018 INFO applyImplyElimRule - imp1 was expanded
Mon Jun 11 19:17:57 2018 WARN Logger: changing loglevel from DEBUG to INFO
Mon Jun 11 19:17:57 2018 WARN Logger: changing loglevel from DEBUG to DEBUG
Mon Jun 11 19:17:57 2018 INFO inputFormula - alpha: ((A1) imp (A2)) imp (((A1) imp ((A2) imp (A3))) imp (((A2) imp ((A3) imp (A4))) imp (((A3) imp ((A4) imp (A5))) imp (((A4) imp ((A5) imp (A6))) imp (((A5) imp ((A6) imp (A7))) imp ((A1) imp (A7)))))))
Mon Jun 11 19:17:58 2018 INFO applyImplyIntroRule - imp17 was expanded
Mon Jun 11 19:17:58 2018 INFO WARNING - Attempted to remove a node from openBranchesList which was not in it.
Mon Jun 11 19:17:58 2018 INFO applyImplyIntroRule - imp16 was expanded
Mon Jun 11 19:17:58 2018 INFO applyImplyIntroRule - imp15 was expanded
Mon Jun 11 19:17:58 2018 INFO applyImplyIntroRule - imp14 was expanded
Mon Jun 11 19:17:58 2018 INFO applyImplyIntroRule - imp13 was expanded
Mon Jun 11 19:17:58 2018 INFO applyImplyIntroRule - imp12 was expanded
Mon Jun 11 19:17:58 2018 INFO applyImplyIntroRule - imp11 was expanded
Mon Jun 11 19:17:58 2018 INFO applyImplyElimRule - A7 was expanded
Mon Jun 11 19:17:58 2018 INFO applyImplyElimRule - A6 was expanded
Mon Jun 11 19:17:58 2018 INFO applyImplyElimRule - imp9 was expanded
Mon Jun 11 19:17:58 2018 INFO applyImplyElimRule - A5 was expanded
Mon Jun 11 19:17:58 2018 INFO applyImplyElimRule - imp7 was expanded
Mon Jun 11 19:17:58 2018 INFO applyImplyElimRule - A4 was expanded
Mon Jun 11 19:17:58 2018 INFO applyImplyElimRule - imp5 was expanded
Mon Jun 11 19:17:58 2018 INFO applyImplyElimRule - A3 was expanded
Mon Jun 11 19:17:58 2018 INFO applyImplyElimRule - imp3 was expanded
Mon Jun 11 19:17:58 2018 INFO applyImplyElimRule - A2 was expanded
Mon Jun 11 19:17:58 2018 INFO applyImplyElimRule - imp1 was expanded
Mon Jun 11 19:20:20 2018 WARN Logger: changing loglevel from DEBUG to INFO
Mon Jun 11 19:20:20 2018 WARN Logger: changing loglevel from DEBUG to DEBUG
Mon Jun 11 19:20:21 2018 INFO inputFormula - alpha: ((A1) imp (A2)) imp (((A1) imp ((A2) imp (A3))) imp (((A2) imp ((A3) imp (A4))) imp (((A3) imp ((A4) imp (A5))) imp (((A4) imp ((A5) imp (A6))) imp (((A5) imp ((A6) imp (A7))) imp ((A1) imp (A7)))))))
Mon Jun 11 19:20:22 2018 INFO applyImplyIntroRule - imp17 was expanded
Mon Jun 11 19:20:22 2018 INFO WARNING - Attempted to remove a node from openBranchesList which was not in it.
Mon Jun 11 19:20:22 2018 INFO applyImplyIntroRule - imp16 was expanded
Mon Jun 11 19:20:22 2018 INFO applyImplyIntroRule - imp15 was expanded
Mon Jun 11 19:20:22 2018 INFO applyImplyIntroRule - imp14 was expanded
Mon Jun 11 19:20:22 2018 INFO applyImplyIntroRule - imp13 was expanded
Mon Jun 11 19:20:22 2018 INFO applyImplyIntroRule - imp12 was expanded
Mon Jun 11 19:20:22 2018 INFO applyImplyIntroRule - imp11 was expanded
Mon Jun 11 19:20:22 2018 INFO applyImplyElimRule - A7 was expanded
Mon Jun 11 19:20:22 2018 INFO applyImplyElimRule - A6 was expanded
Mon Jun 11 19:20:22 2018 INFO applyImplyElimRule - imp9 was expanded
Mon Jun 11 19:20:22 2018 INFO applyImplyElimRule - A5 was expanded
Mon Jun 11 19:20:22 2018 INFO applyImplyElimRule - imp7 was expanded
Mon Jun 11 19:20:22 2018 INFO applyImplyElimRule - A4 was expanded
Mon Jun 11 19:20:22 2018 INFO applyImplyElimRule - imp5 was expanded
Mon Jun 11 19:20:22 2018 INFO applyImplyElimRule - A3 was expanded
Mon Jun 11 19:20:22 2018 INFO applyImplyElimRule - imp3 was expanded
Mon Jun 11 19:20:22 2018 INFO applyImplyElimRule - A2 was expanded
Mon Jun 11 19:20:22 2018 INFO applyImplyElimRule - imp1 was expanded
Mon Jun 11 19:20:50 2018 WARN Logger: changing loglevel from DEBUG to INFO
Mon Jun 11 19:20:50 2018 WARN Logger: changing loglevel from DEBUG to DEBUG
Mon Jun 11 19:20:51 2018 INFO inputFormula - alpha: ((A1) imp (A2)) imp (((A1) imp ((A2) imp (A3))) imp (((A2) imp ((A3) imp (A4))) imp (((A3) imp ((A4) imp (A5))) imp (((A4) imp ((A5) imp (A6))) imp (((A5) imp ((A6) imp (A7))) imp ((A1) imp (A7)))))))
Mon Jun 11 19:20:52 2018 INFO applyImplyIntroRule - imp17 was expanded
Mon Jun 11 19:20:52 2018 INFO WARNING - Attempted to remove a node from openBranchesList which was not in it.
Mon Jun 11 19:20:52 2018 INFO applyImplyIntroRule - imp16 was expanded
Mon Jun 11 19:20:52 2018 INFO applyImplyIntroRule - imp15 was expanded
Mon Jun 11 19:20:52 2018 INFO applyImplyIntroRule - imp14 was expanded
Mon Jun 11 19:20:52 2018 INFO applyImplyIntroRule - imp13 was expanded
Mon Jun 11 19:20:52 2018 INFO applyImplyIntroRule - imp12 was expanded
Mon Jun 11 19:20:52 2018 INFO applyImplyIntroRule - imp11 was expanded
Mon Jun 11 19:20:52 2018 INFO applyImplyElimRule - A7 was expanded
Mon Jun 11 19:20:52 2018 INFO applyImplyElimRule - A6 was expanded
Mon Jun 11 19:20:52 2018 INFO applyImplyElimRule - imp9 was expanded
Mon Jun 11 19:20:52 2018 INFO applyImplyElimRule - A5 was expanded
Mon Jun 11 19:20:52 2018 INFO applyImplyElimRule - imp7 was expanded
Mon Jun 11 19:20:52 2018 INFO applyImplyElimRule - A4 was expanded
Mon Jun 11 19:20:52 2018 INFO applyImplyElimRule - imp5 was expanded
Mon Jun 11 19:20:52 2018 INFO applyImplyElimRule - A3 was expanded
Mon Jun 11 19:20:52 2018 INFO applyImplyElimRule - imp3 was expanded
Mon Jun 11 19:20:52 2018 INFO applyImplyElimRule - A2 was expanded
Mon Jun 11 19:20:52 2018 INFO applyImplyElimRule - imp1 was expanded
Mon Jun 11 19:21:12 2018 WARN Logger: changing loglevel from DEBUG to INFO
Mon Jun 11 19:21:12 2018 WARN Logger: changing loglevel from DEBUG to DEBUG
Mon Jun 11 19:21:13 2018 INFO inputFormula - alpha: ((A1) imp (A2)) imp (((A1) imp ((A2) imp (A3))) imp (((A2) imp ((A3) imp (A4))) imp (((A3) imp ((A4) imp (A5))) imp (((A4) imp ((A5) imp (A6))) imp (((A5) imp ((A6) imp (A7))) imp ((A1) imp (A7)))))))
Mon Jun 11 19:21:14 2018 INFO applyImplyIntroRule - imp17 was expanded
Mon Jun 11 19:21:14 2018 INFO WARNING - Attempted to remove a node from openBranchesList which was not in it.
Mon Jun 11 19:21:14 2018 INFO applyImplyIntroRule - imp16 was expanded
Mon Jun 11 19:21:14 2018 INFO applyImplyIntroRule - imp15 was expanded
Mon Jun 11 19:21:14 2018 INFO applyImplyIntroRule - imp14 was expanded
Mon Jun 11 19:21:14 2018 INFO applyImplyIntroRule - imp13 was expanded
Mon Jun 11 19:21:14 2018 INFO applyImplyIntroRule - imp12 was expanded
Mon Jun 11 19:21:14 2018 INFO applyImplyIntroRule - imp11 was expanded
Mon Jun 11 19:21:14 2018 INFO applyImplyElimRule - A7 was expanded
Mon Jun 11 19:21:14 2018 INFO applyImplyElimRule - A6 was expanded
Mon Jun 11 19:21:14 2018 INFO applyImplyElimRule - imp9 was expanded
Mon Jun 11 19:21:14 2018 INFO applyImplyElimRule - A5 was expanded
Mon Jun 11 19:21:14 2018 INFO applyImplyElimRule - imp7 was expanded
Mon Jun 11 19:21:14 2018 INFO applyImplyElimRule - A4 was expanded
Mon Jun 11 19:21:14 2018 INFO applyImplyElimRule - imp5 was expanded
Mon Jun 11 19:21:14 2018 INFO applyImplyElimRule - A3 was expanded
Mon Jun 11 19:21:14 2018 INFO applyImplyElimRule - imp3 was expanded
Mon Jun 11 19:21:14 2018 INFO applyImplyElimRule - A2 was expanded
Mon Jun 11 19:21:14 2018 INFO applyImplyElimRule - imp1 was expanded
Mon Jun 11 19:24:33 2018 WARN Logger: changing loglevel from DEBUG to INFO
Mon Jun 11 19:24:33 2018 WARN Logger: changing loglevel from DEBUG to DEBUG
Mon Jun 11 19:24:33 2018 INFO inputFormula - alpha: ((A1) imp (A2)) imp (((A1) imp ((A2) imp (A3))) imp (((A2) imp ((A3) imp (A4))) imp (((A3) imp ((A4) imp (A5))) imp (((A4) imp ((A5) imp (A6))) imp (((A5) imp ((A6) imp (A7))) imp ((A1) imp (A7)))))))
Mon Jun 11 19:24:35 2018 INFO applyImplyIntroRule - imp17 was expanded
Mon Jun 11 19:24:35 2018 INFO WARNING - Attempted to remove a node from openBranchesList which was not in it.
Mon Jun 11 19:24:35 2018 INFO applyImplyIntroRule - imp16 was expanded
Mon Jun 11 19:24:35 2018 INFO applyImplyIntroRule - imp15 was expanded
Mon Jun 11 19:24:35 2018 INFO applyImplyIntroRule - imp14 was expanded
Mon Jun 11 19:24:35 2018 INFO applyImplyIntroRule - imp13 was expanded
Mon Jun 11 19:24:35 2018 INFO applyImplyIntroRule - imp12 was expanded
Mon Jun 11 19:24:35 2018 INFO applyImplyIntroRule - imp11 was expanded
Mon Jun 11 19:24:35 2018 INFO applyImplyElimRule - A7 was expanded
Mon Jun 11 19:24:35 2018 INFO applyImplyElimRule - A6 was expanded
Mon Jun 11 19:24:35 2018 INFO applyImplyElimRule - imp9 was expanded
Mon Jun 11 19:24:35 2018 INFO applyImplyElimRule - A5 was expanded
Mon Jun 11 19:24:35 2018 INFO applyImplyElimRule - imp7 was expanded
Mon Jun 11 19:24:35 2018 INFO applyImplyElimRule - A4 was expanded
Mon Jun 11 19:24:35 2018 INFO applyImplyElimRule - imp5 was expanded
Mon Jun 11 19:24:35 2018 INFO applyImplyElimRule - A3 was expanded
Mon Jun 11 19:24:35 2018 INFO applyImplyElimRule - imp3 was expanded
Mon Jun 11 19:24:35 2018 INFO applyImplyElimRule - A2 was expanded
Mon Jun 11 19:24:35 2018 INFO applyImplyElimRule - imp1 was expanded
Mon Jun 11 19:27:07 2018 WARN Logger: changing loglevel from DEBUG to INFO
Mon Jun 11 19:27:07 2018 WARN Logger: changing loglevel from DEBUG to DEBUG
Mon Jun 11 19:27:07 2018 INFO inputFormula - alpha: ((A1) imp (A2)) imp (((A1) imp ((A2) imp (A3))) imp (((A2) imp ((A3) imp (A4))) imp (((A3) imp ((A4) imp (A5))) imp (((A4) imp ((A5) imp (A6))) imp (((A5) imp ((A6) imp (A7))) imp ((A1) imp (A7)))))))
Mon Jun 11 19:27:09 2018 INFO applyImplyIntroRule - imp17 was expanded
Mon Jun 11 19:27:09 2018 INFO WARNING - Attempted to remove a node from openBranchesList which was not in it.
Mon Jun 11 19:27:09 2018 INFO applyImplyIntroRule - imp16 was expanded
Mon Jun 11 19:27:09 2018 INFO applyImplyIntroRule - imp15 was expanded
Mon Jun 11 19:27:09 2018 INFO applyImplyIntroRule - imp14 was expanded
Mon Jun 11 19:27:09 2018 INFO applyImplyIntroRule - imp13 was expanded
Mon Jun 11 19:27:09 2018 INFO applyImplyIntroRule - imp12 was expanded
Mon Jun 11 19:27:09 2018 INFO applyImplyIntroRule - imp11 was expanded
Mon Jun 11 19:27:09 2018 INFO applyImplyElimRule - A7 was expanded
Mon Jun 11 19:27:09 2018 INFO applyImplyElimRule - A6 was expanded
Mon Jun 11 19:27:09 2018 INFO applyImplyElimRule - imp9 was expanded
Mon Jun 11 19:27:09 2018 INFO applyImplyElimRule - A5 was expanded
Mon Jun 11 19:27:09 2018 INFO applyImplyElimRule - imp7 was expanded
Mon Jun 11 19:27:09 2018 INFO applyImplyElimRule - A4 was expanded
Mon Jun 11 19:27:09 2018 INFO applyImplyElimRule - imp5 was expanded
Mon Jun 11 19:27:09 2018 INFO applyImplyElimRule - A3 was expanded
Mon Jun 11 19:27:09 2018 INFO applyImplyElimRule - imp3 was expanded
Mon Jun 11 19:27:09 2018 INFO applyImplyElimRule - A2 was expanded
Mon Jun 11 19:27:09 2018 INFO applyImplyElimRule - imp1 was expanded
Mon Jun 11 19:27:27 2018 WARN Logger: changing loglevel from DEBUG to INFO
Mon Jun 11 19:27:27 2018 WARN Logger: changing loglevel from DEBUG to DEBUG
Mon Jun 11 19:27:28 2018 INFO inputFormula - alpha: ((A1) imp (A2)) imp (((A1) imp ((A2) imp (A3))) imp (((A2) imp ((A3) imp (A4))) imp (((A3) imp ((A4) imp (A5))) imp (((A4) imp ((A5) imp (A6))) imp (((A5) imp ((A6) imp (A7))) imp ((A1) imp (A7)))))))
Mon Jun 11 19:27:29 2018 INFO applyImplyIntroRule - imp17 was expanded
Mon Jun 11 19:27:29 2018 INFO WARNING - Attempted to remove a node from openBranchesList which was not in it.
Mon Jun 11 19:27:29 2018 INFO applyImplyIntroRule - imp16 was expanded
Mon Jun 11 19:27:29 2018 INFO applyImplyIntroRule - imp15 was expanded
Mon Jun 11 19:27:29 2018 INFO applyImplyIntroRule - imp14 was expanded
Mon Jun 11 19:27:29 2018 INFO applyImplyIntroRule - imp13 was expanded
Mon Jun 11 19:27:29 2018 INFO applyImplyIntroRule - imp12 was expanded
Mon Jun 11 19:27:29 2018 INFO applyImplyIntroRule - imp11 was expanded
Mon Jun 11 19:27:29 2018 INFO applyImplyElimRule - A7 was expanded
Mon Jun 11 19:27:29 2018 INFO applyImplyElimRule - A6 was expanded
Mon Jun 11 19:27:29 2018 INFO applyImplyElimRule - imp9 was expanded
Mon Jun 11 19:27:29 2018 INFO applyImplyElimRule - A5 was expanded
Mon Jun 11 19:27:29 2018 INFO applyImplyElimRule - imp7 was expanded
Mon Jun 11 19:27:29 2018 INFO applyImplyElimRule - A4 was expanded
Mon Jun 11 19:27:29 2018 INFO applyImplyElimRule - imp5 was expanded
Mon Jun 11 19:27:29 2018 INFO applyImplyElimRule - A3 was expanded
Mon Jun 11 19:27:29 2018 INFO applyImplyElimRule - imp3 was expanded
Mon Jun 11 19:27:29 2018 INFO applyImplyElimRule - A2 was expanded
Mon Jun 11 19:27:29 2018 INFO applyImplyElimRule - imp1 was expanded
Mon Jun 11 19:28:24 2018 WARN Logger: changing loglevel from DEBUG to INFO
Mon Jun 11 19:28:24 2018 WARN Logger: changing loglevel from DEBUG to DEBUG
Mon Jun 11 19:28:24 2018 INFO inputFormula - alpha: ((A1) imp (A2)) imp (((A1) imp ((A2) imp (A3))) imp (((A2) imp ((A3) imp (A4))) imp (((A3) imp ((A4) imp (A5))) imp (((A4) imp ((A5) imp (A6))) imp (((A5) imp ((A6) imp (A7))) imp ((A1) imp (A7)))))))
Mon Jun 11 19:28:26 2018 INFO applyImplyIntroRule - imp17 was expanded
Mon Jun 11 19:28:26 2018 INFO WARNING - Attempted to remove a node from openBranchesList which was not in it.
Mon Jun 11 19:28:26 2018 INFO applyImplyIntroRule - imp16 was expanded
Mon Jun 11 19:28:26 2018 INFO applyImplyIntroRule - imp15 was expanded
Mon Jun 11 19:28:26 2018 INFO applyImplyIntroRule - imp14 was expanded
Mon Jun 11 19:28:26 2018 INFO applyImplyIntroRule - imp13 was expanded
Mon Jun 11 19:28:26 2018 INFO applyImplyIntroRule - imp12 was expanded
Mon Jun 11 19:28:26 2018 INFO applyImplyIntroRule - imp11 was expanded
Mon Jun 11 19:28:26 2018 INFO applyImplyElimRule - A7 was expanded
Mon Jun 11 19:28:26 2018 INFO applyImplyElimRule - A6 was expanded
Mon Jun 11 19:28:26 2018 INFO applyImplyElimRule - imp9 was expanded
Mon Jun 11 19:28:26 2018 INFO applyImplyElimRule - A5 was expanded
Mon Jun 11 19:28:26 2018 INFO applyImplyElimRule - imp7 was expanded
Mon Jun 11 19:28:26 2018 INFO applyImplyElimRule - A4 was expanded
Mon Jun 11 19:28:26 2018 INFO applyImplyElimRule - imp5 was expanded
Mon Jun 11 19:28:26 2018 INFO applyImplyElimRule - A3 was expanded
Mon Jun 11 19:28:26 2018 INFO applyImplyElimRule - imp3 was expanded
Mon Jun 11 19:28:26 2018 INFO applyImplyElimRule - A2 was expanded
Mon Jun 11 19:28:26 2018 INFO applyImplyElimRule - imp1 was expanded
Mon Jun 11 19:30:48 2018 WARN Logger: changing loglevel from DEBUG to INFO
Mon Jun 11 19:30:48 2018 WARN Logger: changing loglevel from DEBUG to DEBUG
Mon Jun 11 19:30:48 2018 INFO inputFormula - alpha: ((A1) imp (A2)) imp (((A1) imp ((A2) imp (A3))) imp (((A2) imp ((A3) imp (A4))) imp (((A3) imp ((A4) imp (A5))) imp (((A4) imp ((A5) imp (A6))) imp (((A5) imp ((A6) imp (A7))) imp ((A1) imp (A7)))))))
Mon Jun 11 19:30:49 2018 INFO applyImplyIntroRule - imp17 was expanded
Mon Jun 11 19:30:49 2018 INFO WARNING - Attempted to remove a node from openBranchesList which was not in it.
Mon Jun 11 19:30:49 2018 INFO applyImplyIntroRule - imp16 was expanded
Mon Jun 11 19:30:49 2018 INFO applyImplyIntroRule - imp15 was expanded
Mon Jun 11 19:30:49 2018 INFO applyImplyIntroRule - imp14 was expanded
Mon Jun 11 19:30:49 2018 INFO applyImplyIntroRule - imp13 was expanded
Mon Jun 11 19:30:49 2018 INFO applyImplyIntroRule - imp12 was expanded
Mon Jun 11 19:30:49 2018 INFO applyImplyIntroRule - imp11 was expanded
Mon Jun 11 19:30:49 2018 INFO applyImplyElimRule - A7 was expanded
Mon Jun 11 19:30:49 2018 INFO applyImplyElimRule - A6 was expanded
Mon Jun 11 19:30:49 2018 INFO applyImplyElimRule - imp9 was expanded
Mon Jun 11 19:30:49 2018 INFO applyImplyElimRule - A5 was expanded
Mon Jun 11 19:30:49 2018 INFO applyImplyElimRule - imp7 was expanded
Mon Jun 11 19:30:49 2018 INFO applyImplyElimRule - A4 was expanded
Mon Jun 11 19:30:49 2018 INFO applyImplyElimRule - imp5 was expanded
Mon Jun 11 19:30:49 2018 INFO applyImplyElimRule - A3 was expanded
Mon Jun 11 19:30:49 2018 INFO applyImplyElimRule - imp3 was expanded
Mon Jun 11 19:30:49 2018 INFO applyImplyElimRule - A2 was expanded
Mon Jun 11 19:30:49 2018 INFO applyImplyElimRule - imp1 was expanded
Mon Jun 11 19:31:01 2018 WARN Logger: changing loglevel from DEBUG to INFO
Mon Jun 11 19:31:01 2018 WARN Logger: changing loglevel from DEBUG to DEBUG
Mon Jun 11 19:31:01 2018 INFO inputFormula - alpha: ((A1) imp (A2)) imp (((A1) imp ((A2) imp (A3))) imp (((A2) imp ((A3) imp (A4))) imp (((A3) imp ((A4) imp (A5))) imp (((A4) imp ((A5) imp (A6))) imp (((A5) imp ((A6) imp (A7))) imp ((A1) imp (A7)))))))
Mon Jun 11 19:31:03 2018 INFO applyImplyIntroRule - imp17 was expanded
Mon Jun 11 19:31:03 2018 INFO WARNING - Attempted to remove a node from openBranchesList which was not in it.
Mon Jun 11 19:31:03 2018 INFO applyImplyIntroRule - imp16 was expanded
Mon Jun 11 19:31:03 2018 INFO applyImplyIntroRule - imp15 was expanded
Mon Jun 11 19:31:03 2018 INFO applyImplyIntroRule - imp14 was expanded
Mon Jun 11 19:31:03 2018 INFO applyImplyIntroRule - imp13 was expanded
Mon Jun 11 19:31:03 2018 INFO applyImplyIntroRule - imp12 was expanded
Mon Jun 11 19:31:03 2018 INFO applyImplyIntroRule - imp11 was expanded
Mon Jun 11 19:31:03 2018 INFO applyImplyElimRule - A7 was expanded
Mon Jun 11 19:31:03 2018 INFO applyImplyElimRule - A6 was expanded
Mon Jun 11 19:31:03 2018 INFO applyImplyElimRule - imp9 was expanded
Mon Jun 11 19:31:03 2018 INFO applyImplyElimRule - A5 was expanded
Mon Jun 11 19:31:03 2018 INFO applyImplyElimRule - imp7 was expanded
Mon Jun 11 19:31:03 2018 INFO applyImplyElimRule - A4 was expanded
Mon Jun 11 19:31:03 2018 INFO applyImplyElimRule - imp5 was expanded
Mon Jun 11 19:31:03 2018 INFO applyImplyElimRule - A3 was expanded
Mon Jun 11 19:31:03 2018 INFO applyImplyElimRule - imp3 was expanded
Mon Jun 11 19:31:03 2018 INFO applyImplyElimRule - A2 was expanded
Mon Jun 11 19:31:03 2018 INFO applyImplyElimRule - imp1 was expanded
Mon Jun 11 19:32:01 2018 WARN Logger: changing loglevel from DEBUG to INFO
Mon Jun 11 19:32:01 2018 WARN Logger: changing loglevel from DEBUG to DEBUG
Mon Jun 11 19:32:01 2018 INFO inputFormula - alpha: ((A1) imp (A2)) imp (((A1) imp ((A2) imp (A3))) imp (((A2) imp ((A3) imp (A4))) imp (((A3) imp ((A4) imp (A5))) imp (((A4) imp ((A5) imp (A6))) imp (((A5) imp ((A6) imp (A7))) imp ((A1) imp (A7)))))))
Mon Jun 11 19:32:03 2018 INFO applyImplyIntroRule - imp17 was expanded
Mon Jun 11 19:32:03 2018 INFO WARNING - Attempted to remove a node from openBranchesList which was not in it.
Mon Jun 11 19:32:03 2018 INFO applyImplyIntroRule - imp16 was expanded
Mon Jun 11 19:32:03 2018 INFO applyImplyIntroRule - imp15 was expanded
Mon Jun 11 19:32:03 2018 INFO applyImplyIntroRule - imp14 was expanded
Mon Jun 11 19:32:03 2018 INFO applyImplyIntroRule - imp13 was expanded
Mon Jun 11 19:32:03 2018 INFO applyImplyIntroRule - imp12 was expanded
Mon Jun 11 19:32:03 2018 INFO applyImplyIntroRule - imp11 was expanded
Mon Jun 11 19:32:03 2018 INFO applyImplyElimRule - A7 was expanded
Mon Jun 11 19:32:03 2018 INFO applyImplyElimRule - A6 was expanded
Mon Jun 11 19:32:03 2018 INFO applyImplyElimRule - imp9 was expanded
Mon Jun 11 19:32:03 2018 INFO applyImplyElimRule - A5 was expanded
Mon Jun 11 19:32:03 2018 INFO applyImplyElimRule - imp7 was expanded
Mon Jun 11 19:32:03 2018 INFO applyImplyElimRule - A4 was expanded
Mon Jun 11 19:32:03 2018 INFO applyImplyElimRule - imp5 was expanded
Mon Jun 11 19:32:03 2018 INFO applyImplyElimRule - A3 was expanded
Mon Jun 11 19:32:03 2018 INFO applyImplyElimRule - imp3 was expanded
Mon Jun 11 19:32:03 2018 INFO applyImplyElimRule - A2 was expanded
Mon Jun 11 19:32:03 2018 INFO applyImplyElimRule - imp1 was expanded
Mon Jun 11 19:32:18 2018 WARN Logger: changing loglevel from DEBUG to INFO
Mon Jun 11 19:32:18 2018 WARN Logger: changing loglevel from DEBUG to DEBUG
Mon Jun 11 19:32:18 2018 INFO inputFormula - alpha: ((A1) imp (A2)) imp (((A1) imp ((A2) imp (A3))) imp (((A2) imp ((A3) imp (A4))) imp (((A3) imp ((A4) imp (A5))) imp (((A4) imp ((A5) imp (A6))) imp (((A5) imp ((A6) imp (A7))) imp ((A1) imp (A7)))))))
Mon Jun 11 19:32:19 2018 INFO applyImplyIntroRule - imp17 was expanded
Mon Jun 11 19:32:19 2018 INFO WARNING - Attempted to remove a node from openBranchesList which was not in it.
Mon Jun 11 19:32:19 2018 INFO applyImplyIntroRule - imp16 was expanded
Mon Jun 11 19:32:19 2018 INFO applyImplyIntroRule - imp15 was expanded
Mon Jun 11 19:32:19 2018 INFO applyImplyIntroRule - imp14 was expanded
Mon Jun 11 19:32:19 2018 INFO applyImplyIntroRule - imp13 was expanded
Mon Jun 11 19:32:19 2018 INFO applyImplyIntroRule - imp12 was expanded
Mon Jun 11 19:32:19 2018 INFO applyImplyIntroRule - imp11 was expanded
Mon Jun 11 19:32:19 2018 INFO applyImplyElimRule - A7 was expanded
Mon Jun 11 19:32:19 2018 INFO applyImplyElimRule - A6 was expanded
Mon Jun 11 19:32:19 2018 INFO applyImplyElimRule - imp9 was expanded
Mon Jun 11 19:32:19 2018 INFO applyImplyElimRule - A5 was expanded
Mon Jun 11 19:32:19 2018 INFO applyImplyElimRule - imp7 was expanded
Mon Jun 11 19:32:19 2018 INFO applyImplyElimRule - A4 was expanded
Mon Jun 11 19:32:19 2018 INFO applyImplyElimRule - imp5 was expanded
Mon Jun 11 19:32:19 2018 INFO applyImplyElimRule - A3 was expanded
Mon Jun 11 19:32:19 2018 INFO applyImplyElimRule - imp3 was expanded
Mon Jun 11 19:32:19 2018 INFO applyImplyElimRule - A2 was expanded
Mon Jun 11 19:32:19 2018 INFO applyImplyElimRule - imp1 was expanded
Mon Jun 11 19:33:35 2018 WARN Logger: changing loglevel from DEBUG to INFO
Mon Jun 11 19:33:35 2018 WARN Logger: changing loglevel from DEBUG to DEBUG
Mon Jun 11 19:33:35 2018 INFO inputFormula - alpha: ((A1) imp (A2)) imp (((A1) imp ((A2) imp (A3))) imp (((A2) imp ((A3) imp (A4))) imp (((A3) imp ((A4) imp (A5))) imp (((A4) imp ((A5) imp (A6))) imp (((A5) imp ((A6) imp (A7))) imp ((A1) imp (A7)))))))
Mon Jun 11 19:33:36 2018 INFO applyImplyIntroRule - imp17 was expanded
Mon Jun 11 19:33:36 2018 INFO WARNING - Attempted to remove a node from openBranchesList which was not in it.
Mon Jun 11 19:33:36 2018 INFO applyImplyIntroRule - imp16 was expanded
Mon Jun 11 19:33:36 2018 INFO applyImplyIntroRule - imp15 was expanded
Mon Jun 11 19:33:36 2018 INFO applyImplyIntroRule - imp14 was expanded
Mon Jun 11 19:33:36 2018 INFO applyImplyIntroRule - imp13 was expanded
Mon Jun 11 19:33:36 2018 INFO applyImplyIntroRule - imp12 was expanded
Mon Jun 11 19:33:36 2018 INFO applyImplyIntroRule - imp11 was expanded
Mon Jun 11 19:33:36 2018 INFO applyImplyElimRule - A7 was expanded
Mon Jun 11 19:33:36 2018 INFO applyImplyElimRule - A6 was expanded
Mon Jun 11 19:33:36 2018 INFO applyImplyElimRule - imp9 was expanded
Mon Jun 11 19:33:36 2018 INFO applyImplyElimRule - A5 was expanded
Mon Jun 11 19:33:36 2018 INFO applyImplyElimRule - imp7 was expanded
Mon Jun 11 19:33:36 2018 INFO applyImplyElimRule - A4 was expanded
Mon Jun 11 19:33:36 2018 INFO applyImplyElimRule - imp5 was expanded
Mon Jun 11 19:33:36 2018 INFO applyImplyElimRule - A3 was expanded
Mon Jun 11 19:33:36 2018 INFO applyImplyElimRule - imp3 was expanded
Mon Jun 11 19:33:36 2018 INFO applyImplyElimRule - A2 was expanded
Mon Jun 11 19:33:36 2018 INFO applyImplyElimRule - imp1 was expanded
Mon Jun 11 19:34:48 2018 WARN Logger: changing loglevel from DEBUG to INFO
Mon Jun 11 19:34:48 2018 WARN Logger: changing loglevel from DEBUG to DEBUG
Mon Jun 11 19:34:49 2018 INFO inputFormula - alpha: ((A1) imp (A2)) imp (((A1) imp ((A2) imp (A3))) imp (((A2) imp ((A3) imp (A4))) imp (((A3) imp ((A4) imp (A5))) imp (((A4) imp ((A5) imp (A6))) imp (((A5) imp ((A6) imp (A7))) imp ((A1) imp (A7)))))))
Mon Jun 11 19:34:50 2018 INFO applyImplyIntroRule - imp17 was expanded
Mon Jun 11 19:34:50 2018 INFO WARNING - Attempted to remove a node from openBranchesList which was not in it.
Mon Jun 11 19:34:50 2018 INFO applyImplyIntroRule - imp16 was expanded
Mon Jun 11 19:34:50 2018 INFO applyImplyIntroRule - imp15 was expanded
Mon Jun 11 19:34:50 2018 INFO applyImplyIntroRule - imp14 was expanded
Mon Jun 11 19:34:50 2018 INFO applyImplyIntroRule - imp13 was expanded
Mon Jun 11 19:34:50 2018 INFO applyImplyIntroRule - imp12 was expanded
Mon Jun 11 19:34:50 2018 INFO applyImplyIntroRule - imp11 was expanded
Mon Jun 11 19:34:50 2018 INFO applyImplyElimRule - A7 was expanded
Mon Jun 11 19:34:50 2018 INFO applyImplyElimRule - A6 was expanded
Mon Jun 11 19:34:50 2018 INFO applyImplyElimRule - imp9 was expanded
Mon Jun 11 19:34:50 2018 INFO applyImplyElimRule - A5 was expanded
Mon Jun 11 19:34:50 2018 INFO applyImplyElimRule - imp7 was expanded
Mon Jun 11 19:34:50 2018 INFO applyImplyElimRule - A4 was expanded
Mon Jun 11 19:34:50 2018 INFO applyImplyElimRule - imp5 was expanded
Mon Jun 11 19:34:50 2018 INFO applyImplyElimRule - A3 was expanded
Mon Jun 11 19:34:50 2018 INFO applyImplyElimRule - imp3 was expanded
Mon Jun 11 19:34:50 2018 INFO applyImplyElimRule - A2 was expanded
Mon Jun 11 19:34:50 2018 INFO applyImplyElimRule - imp1 was expanded
