Wed Jun  7 16:47:14 2017 WARN Logger: changing loglevel from DEBUG to INFO
Wed Jun  7 16:47:14 2017 WARN Logger: changing loglevel from DEBUG to DEBUG
Wed Jun  7 16:47:42 2017 WARN Logger: changing loglevel from DEBUG to INFO
Wed Jun  7 16:47:42 2017 WARN Logger: changing loglevel from DEBUG to DEBUG
Wed Jun  7 16:47:43 2017 INFO inputFormula - alpha: ((A1) imp (A2)) imp (((A1) imp ((A2) imp (A3))) imp ((A1) imp (A3)))
Wed Jun  7 16:47:45 2017 INFO applyImplyIntroRule - imp5 was expanded
Wed Jun  7 16:47:45 2017 INFO WARNING - Attempted to remove a node from openBranchesList which was not in it.
Wed Jun  7 16:47:45 2017 INFO applyImplyIntroRule - imp4 was expanded
Wed Jun  7 16:47:45 2017 INFO applyImplyIntroRule - imp3 was expanded
Wed Jun  7 16:47:45 2017 INFO applyImplyElimRule - A3 was expanded
Wed Jun  7 16:47:45 2017 INFO applyImplyElimRule - A2 was expanded
Wed Jun  7 16:47:45 2017 INFO applyImplyElimRule - imp1 was expanded
Wed Jun  7 16:48:30 2017 WARN Logger: changing loglevel from DEBUG to INFO
Wed Jun  7 16:48:33 2017 WARN Logger: changing loglevel from DEBUG to INFO
Wed Jun  7 16:48:42 2017 WARN Logger: changing loglevel from DEBUG to INFO
Wed Jun  7 16:48:42 2017 WARN Logger: changing loglevel from DEBUG to DEBUG
Wed Jun  7 16:48:43 2017 INFO inputFormula - alpha: ((A1) imp (A2)) imp (((A1) imp ((A2) imp (A3))) imp ((A1) imp (A3)))
Wed Jun  7 16:48:45 2017 INFO applyImplyIntroRule - imp5 was expanded
Wed Jun  7 16:48:45 2017 INFO WARNING - Attempted to remove a node from openBranchesList which was not in it.
Wed Jun  7 16:48:45 2017 INFO applyImplyIntroRule - imp4 was expanded
Wed Jun  7 16:48:45 2017 INFO applyImplyIntroRule - imp3 was expanded
Wed Jun  7 16:48:45 2017 INFO applyImplyElimRule - A3 was expanded
Wed Jun  7 16:48:45 2017 INFO applyImplyElimRule - A2 was expanded
Wed Jun  7 16:48:45 2017 INFO applyImplyElimRule - imp1 was expanded
Wed Jun  7 16:49:19 2017 WARN Logger: changing loglevel from DEBUG to INFO
Wed Jun  7 16:49:42 2017 WARN Logger: changing loglevel from DEBUG to INFO
Wed Jun  7 16:49:42 2017 WARN Logger: changing loglevel from DEBUG to DEBUG
Wed Jun  7 16:49:43 2017 INFO inputFormula - alpha: ((A1) imp (A2)) imp (((A1) imp ((A2) imp (A3))) imp ((A1) imp (A3)))
Wed Jun  7 16:49:44 2017 INFO applyImplyIntroRule - imp5 was expanded
Wed Jun  7 16:49:44 2017 INFO WARNING - Attempted to remove a node from openBranchesList which was not in it.
Wed Jun  7 16:49:44 2017 INFO applyImplyIntroRule - imp4 was expanded
Wed Jun  7 16:49:44 2017 INFO applyImplyIntroRule - imp3 was expanded
Wed Jun  7 16:49:44 2017 INFO applyImplyElimRule - A3 was expanded
Wed Jun  7 16:49:44 2017 INFO applyImplyElimRule - A2 was expanded
Wed Jun  7 16:49:44 2017 INFO applyImplyElimRule - imp1 was expanded
Wed Jun  7 16:50:15 2017 WARN Logger: changing loglevel from DEBUG to INFO
Wed Jun  7 16:50:15 2017 WARN Logger: changing loglevel from DEBUG to DEBUG
Wed Jun  7 16:50:17 2017 INFO inputFormula - alpha: ((A1) imp (A2)) imp (((A1) imp ((A2) imp (A3))) imp ((A1) imp (A3)))
Wed Jun  7 16:51:20 2017 WARN Logger: changing loglevel from DEBUG to INFO
Wed Jun  7 16:51:20 2017 WARN Logger: changing loglevel from DEBUG to DEBUG
Wed Jun  7 16:51:20 2017 INFO inputFormula - alpha: ((A1) imp (A2)) imp (((A1) imp ((A2) imp (A3))) imp ((A1) imp (A3)))
Wed Jun  7 16:51:35 2017 WARN Logger: changing loglevel from DEBUG to INFO
Wed Jun  7 16:51:35 2017 WARN Logger: changing loglevel from DEBUG to DEBUG
Wed Jun  7 16:51:37 2017 INFO inputFormula - alpha: ((A1) imp (A2)) imp (((A1) imp ((A2) imp (A3))) imp ((A1) imp (A3)))
Wed Jun  7 16:51:47 2017 INFO applyImplyIntroRule - imp5 was expanded
Wed Jun  7 16:51:47 2017 INFO WARNING - Attempted to remove a node from openBranchesList which was not in it.
Wed Jun  7 16:51:47 2017 INFO applyImplyIntroRule - imp4 was expanded
Wed Jun  7 16:51:47 2017 INFO applyImplyIntroRule - imp3 was expanded
Wed Jun  7 16:51:47 2017 INFO applyImplyElimRule - A3 was expanded
Wed Jun  7 16:51:47 2017 INFO applyImplyElimRule - A2 was expanded
Wed Jun  7 16:51:47 2017 INFO applyImplyElimRule - imp1 was expanded
Wed Jun  7 16:59:32 2017 WARN Logger: changing loglevel from DEBUG to INFO
Wed Jun  7 16:59:32 2017 WARN Logger: changing loglevel from DEBUG to DEBUG
Wed Jun  7 16:59:37 2017 INFO inputFormula - alpha: ((A) imp ((B) imp (C))) imp ((B) imp ((A) imp (C)))
Wed Jun  7 16:59:38 2017 INFO applyImplyIntroRule - imp4 was expanded
Wed Jun  7 16:59:38 2017 INFO WARNING - Attempted to remove a node from openBranchesList which was not in it.
Wed Jun  7 16:59:38 2017 INFO applyImplyIntroRule - imp3 was expanded
Wed Jun  7 16:59:38 2017 INFO applyImplyIntroRule - imp2 was expanded
Wed Jun  7 16:59:38 2017 INFO applyImplyElimRule - C was expanded
Wed Jun  7 16:59:38 2017 INFO applyImplyElimRule - imp0 was expanded
Wed Jun  7 17:00:26 2017 WARN Logger: changing loglevel from DEBUG to INFO
Wed Jun  7 17:00:26 2017 WARN Logger: changing loglevel from DEBUG to DEBUG
Wed Jun  7 17:00:28 2017 INFO inputFormula - alpha: ((A) imp ((B) imp (C))) imp ((B) imp ((A) imp (C)))
Wed Jun  7 17:00:29 2017 INFO applyImplyIntroRule - imp4 was expanded
Wed Jun  7 17:00:29 2017 INFO WARNING - Attempted to remove a node from openBranchesList which was not in it.
Wed Jun  7 17:00:29 2017 INFO applyImplyIntroRule - imp3 was expanded
Wed Jun  7 17:00:29 2017 INFO applyImplyIntroRule - imp2 was expanded
Wed Jun  7 17:00:29 2017 INFO applyImplyElimRule - C was expanded
Wed Jun  7 17:00:29 2017 INFO applyImplyElimRule - imp0 was expanded
Wed Jun  7 17:00:57 2017 WARN Logger: changing loglevel from DEBUG to INFO
Wed Jun  7 17:00:57 2017 WARN Logger: changing loglevel from DEBUG to DEBUG
Wed Jun  7 17:00:58 2017 INFO inputFormula - alpha: ((A) imp ((B) imp (C))) imp ((B) imp ((A) imp (C)))
Wed Jun  7 17:00:59 2017 INFO applyImplyIntroRule - imp4 was expanded
Wed Jun  7 17:00:59 2017 INFO WARNING - Attempted to remove a node from openBranchesList which was not in it.
Wed Jun  7 17:00:59 2017 INFO applyImplyIntroRule - imp3 was expanded
Wed Jun  7 17:00:59 2017 INFO applyImplyIntroRule - imp2 was expanded
Wed Jun  7 17:00:59 2017 INFO applyImplyElimRule - C was expanded
Wed Jun  7 17:00:59 2017 INFO applyImplyElimRule - imp0 was expanded
Wed Jun  7 17:04:05 2017 WARN Logger: changing loglevel from DEBUG to INFO
Wed Jun  7 17:04:05 2017 WARN Logger: changing loglevel from DEBUG to DEBUG
Wed Jun  7 17:04:06 2017 INFO inputFormula - alpha: ((A) imp ((B) imp (C))) imp ((B) imp ((A) imp (C)))
Wed Jun  7 17:04:08 2017 INFO applyImplyIntroRule - imp4 was expanded
Wed Jun  7 17:04:08 2017 INFO WARNING - Attempted to remove a node from openBranchesList which was not in it.
Wed Jun  7 17:04:08 2017 INFO applyImplyIntroRule - imp3 was expanded
Wed Jun  7 17:04:08 2017 INFO applyImplyIntroRule - imp2 was expanded
Wed Jun  7 17:04:08 2017 INFO applyImplyElimRule - C was expanded
Wed Jun  7 17:04:08 2017 INFO applyImplyElimRule - imp0 was expanded
Wed Jun  7 17:08:40 2017 WARN Logger: changing loglevel from DEBUG to INFO
Wed Jun  7 17:08:40 2017 WARN Logger: changing loglevel from DEBUG to DEBUG
Wed Jun  7 17:08:43 2017 INFO inputFormula - alpha: ((A) imp ((B) imp (C))) imp ((B) imp ((A) imp (C)))
Wed Jun  7 17:08:44 2017 INFO applyImplyIntroRule - imp4 was expanded
Wed Jun  7 17:08:44 2017 INFO WARNING - Attempted to remove a node from openBranchesList which was not in it.
Wed Jun  7 17:08:44 2017 INFO applyImplyIntroRule - imp3 was expanded
Wed Jun  7 17:08:44 2017 INFO applyImplyIntroRule - imp2 was expanded
Wed Jun  7 17:08:44 2017 INFO applyImplyElimRule - C was expanded
Wed Jun  7 17:08:44 2017 INFO applyImplyElimRule - imp0 was expanded
Wed Jun  7 17:11:48 2017 WARN Logger: changing loglevel from DEBUG to INFO
Wed Jun  7 17:11:48 2017 WARN Logger: changing loglevel from DEBUG to DEBUG
Wed Jun  7 17:11:49 2017 INFO inputFormula - alpha: ((A) imp ((B) imp (C))) imp ((B) imp ((A) imp (C)))
Wed Jun  7 17:11:50 2017 INFO applyImplyIntroRule - imp4 was expanded
Wed Jun  7 17:11:50 2017 INFO WARNING - Attempted to remove a node from openBranchesList which was not in it.
Wed Jun  7 17:11:50 2017 INFO applyImplyIntroRule - imp3 was expanded
Wed Jun  7 17:11:50 2017 INFO applyImplyIntroRule - imp2 was expanded
Wed Jun  7 17:11:50 2017 INFO applyImplyElimRule - C was expanded
Wed Jun  7 17:11:50 2017 INFO applyImplyElimRule - imp0 was expanded
Wed Jun  7 17:13:26 2017 WARN Logger: changing loglevel from DEBUG to INFO
Wed Jun  7 17:13:26 2017 WARN Logger: changing loglevel from DEBUG to DEBUG
Wed Jun  7 17:13:27 2017 INFO inputFormula - alpha: ((A) imp ((B) imp (C))) imp ((B) imp ((A) imp (C)))
Wed Jun  7 17:13:31 2017 INFO applyImplyIntroRule - imp4 was expanded
Wed Jun  7 17:13:31 2017 INFO WARNING - Attempted to remove a node from openBranchesList which was not in it.
Wed Jun  7 17:13:31 2017 INFO applyImplyIntroRule - imp3 was expanded
Wed Jun  7 17:13:31 2017 INFO applyImplyIntroRule - imp2 was expanded
Wed Jun  7 17:13:31 2017 INFO applyImplyElimRule - C was expanded
Wed Jun  7 17:13:31 2017 INFO applyImplyElimRule - imp0 was expanded
Wed Jun  7 17:13:48 2017 WARN Logger: changing loglevel from DEBUG to INFO
Wed Jun  7 17:13:48 2017 WARN Logger: changing loglevel from DEBUG to DEBUG
Wed Jun  7 17:13:49 2017 INFO inputFormula - alpha: ((A) imp ((B) imp (C))) imp ((B) imp ((A) imp (C)))
Wed Jun  7 17:13:50 2017 INFO applyImplyIntroRule - imp4 was expanded
Wed Jun  7 17:13:50 2017 INFO WARNING - Attempted to remove a node from openBranchesList which was not in it.
Wed Jun  7 17:13:50 2017 INFO applyImplyIntroRule - imp3 was expanded
Wed Jun  7 17:13:50 2017 INFO applyImplyIntroRule - imp2 was expanded
Wed Jun  7 17:13:50 2017 INFO applyImplyElimRule - C was expanded
Wed Jun  7 17:13:50 2017 INFO applyImplyElimRule - imp0 was expanded
Wed Jun  7 17:17:40 2017 WARN Logger: changing loglevel from DEBUG to INFO
Wed Jun  7 17:17:40 2017 WARN Logger: changing loglevel from DEBUG to DEBUG
Wed Jun  7 17:17:41 2017 INFO inputFormula - alpha: ((A) imp ((B) imp (C))) imp ((B) imp ((A) imp (C)))
Wed Jun  7 17:17:44 2017 INFO applyImplyIntroRule - imp4 was expanded
Wed Jun  7 17:17:44 2017 INFO WARNING - Attempted to remove a node from openBranchesList which was not in it.
Wed Jun  7 17:17:44 2017 INFO applyImplyIntroRule - imp3 was expanded
Wed Jun  7 17:17:44 2017 INFO applyImplyIntroRule - imp2 was expanded
Wed Jun  7 17:17:44 2017 INFO applyImplyElimRule - C was expanded
Wed Jun  7 17:17:44 2017 INFO applyImplyElimRule - imp0 was expanded
Wed Jun  7 17:18:42 2017 WARN Logger: changing loglevel from DEBUG to INFO
Wed Jun  7 17:18:42 2017 WARN Logger: changing loglevel from DEBUG to DEBUG
Wed Jun  7 17:18:43 2017 INFO inputFormula - alpha: ((A) imp ((B) imp (C))) imp ((B) imp ((A) imp (C)))
Wed Jun  7 17:18:44 2017 INFO applyImplyIntroRule - imp4 was expanded
Wed Jun  7 17:18:44 2017 INFO WARNING - Attempted to remove a node from openBranchesList which was not in it.
Wed Jun  7 17:18:44 2017 INFO applyImplyIntroRule - imp3 was expanded
Wed Jun  7 17:18:44 2017 INFO applyImplyIntroRule - imp2 was expanded
Wed Jun  7 17:18:44 2017 INFO applyImplyElimRule - C was expanded
Wed Jun  7 17:18:44 2017 INFO applyImplyElimRule - imp0 was expanded
Wed Jun  7 17:19:41 2017 WARN Logger: changing loglevel from DEBUG to INFO
Wed Jun  7 17:19:41 2017 WARN Logger: changing loglevel from DEBUG to DEBUG
Wed Jun  7 17:19:42 2017 INFO inputFormula - alpha: ((A) imp ((B) imp (C))) imp ((B) imp ((A) imp (C)))
Wed Jun  7 17:19:43 2017 INFO applyImplyIntroRule - imp4 was expanded
Wed Jun  7 17:19:43 2017 INFO WARNING - Attempted to remove a node from openBranchesList which was not in it.
Wed Jun  7 17:19:43 2017 INFO applyImplyIntroRule - imp3 was expanded
Wed Jun  7 17:19:43 2017 INFO applyImplyIntroRule - imp2 was expanded
Wed Jun  7 17:19:43 2017 INFO applyImplyElimRule - C was expanded
Wed Jun  7 17:19:43 2017 INFO applyImplyElimRule - imp0 was expanded
