Mon May 21 17:17:17 2018 WARN Logger: changing loglevel from DEBUG to INFO
Mon May 21 17:17:17 2018 WARN Logger: changing loglevel from DEBUG to DEBUG
Mon May 21 17:17:21 2018 INFO inputFormula - alpha: ((A1) imp (A2)) imp (((A1) imp ((A2) imp (A3))) imp (((A2) imp ((A3) imp (A4))) imp (((A3) imp ((A4) imp (A5))) imp (((A4) imp ((A5) imp (A6))) imp (((A5) imp ((A6) imp (A7))) imp ((A1) imp (A7)))))))
Mon May 21 17:18:32 2018 WARN Logger: changing loglevel from DEBUG to INFO
Mon May 21 17:18:32 2018 WARN Logger: changing loglevel from DEBUG to DEBUG
Mon May 21 17:18:39 2018 INFO inputFormula - alpha: ((A1) imp (A2)) imp (((A1) imp ((A2) imp (A3))) imp (((A2) imp ((A3) imp (A4))) imp (((A3) imp ((A4) imp (A5))) imp (((A4) imp ((A5) imp (A6))) imp (((A5) imp ((A6) imp (A7))) imp ((A1) imp (A7)))))))
Mon May 21 17:18:42 2018 INFO applyImplyIntroRule - imp17 was expanded
Mon May 21 17:18:42 2018 INFO WARNING - Attempted to remove a node from openBranchesList which was not in it.
Mon May 21 17:18:42 2018 INFO applyImplyIntroRule - imp16 was expanded
Mon May 21 17:18:42 2018 INFO applyImplyIntroRule - imp15 was expanded
Mon May 21 17:18:42 2018 INFO applyImplyIntroRule - imp14 was expanded
Mon May 21 17:18:42 2018 INFO applyImplyIntroRule - imp13 was expanded
Mon May 21 17:18:42 2018 INFO applyImplyIntroRule - imp12 was expanded
Mon May 21 17:18:42 2018 INFO applyImplyIntroRule - imp11 was expanded
Mon May 21 17:18:42 2018 INFO applyImplyElimRule - A7 was expanded
Mon May 21 17:18:42 2018 INFO applyImplyElimRule - A6 was expanded
Mon May 21 17:18:42 2018 INFO applyImplyElimRule - imp9 was expanded
Mon May 21 17:18:42 2018 INFO applyImplyElimRule - A5 was expanded
Mon May 21 17:18:42 2018 INFO applyImplyElimRule - imp7 was expanded
Mon May 21 17:18:42 2018 INFO applyImplyElimRule - A4 was expanded
Mon May 21 17:18:42 2018 INFO applyImplyElimRule - imp5 was expanded
Mon May 21 17:18:42 2018 INFO applyImplyElimRule - A3 was expanded
Mon May 21 17:18:42 2018 INFO applyImplyElimRule - imp3 was expanded
Mon May 21 17:18:42 2018 INFO applyImplyElimRule - A2 was expanded
Mon May 21 17:18:42 2018 INFO applyImplyElimRule - imp1 was expanded
Mon May 21 17:34:01 2018 WARN Logger: changing loglevel from DEBUG to INFO
Mon May 21 17:34:01 2018 WARN Logger: changing loglevel from DEBUG to DEBUG
Mon May 21 17:34:03 2018 INFO inputFormula - alpha: ((A1) imp (A2)) imp (((A1) imp ((A2) imp (A3))) imp (((A2) imp ((A3) imp (A4))) imp (((A3) imp ((A4) imp (A5))) imp (((A4) imp ((A5) imp (A6))) imp (((A5) imp ((A6) imp (A7))) imp ((A1) imp (A7)))))))
Mon May 21 17:34:04 2018 INFO applyImplyIntroRule - imp17 was expanded
Mon May 21 17:34:04 2018 INFO WARNING - Attempted to remove a node from openBranchesList which was not in it.
Mon May 21 17:34:04 2018 INFO applyImplyIntroRule - imp16 was expanded
Mon May 21 17:34:04 2018 INFO applyImplyIntroRule - imp15 was expanded
Mon May 21 17:34:04 2018 INFO applyImplyIntroRule - imp14 was expanded
Mon May 21 17:34:04 2018 INFO applyImplyIntroRule - imp13 was expanded
Mon May 21 17:34:04 2018 INFO applyImplyIntroRule - imp12 was expanded
Mon May 21 17:34:04 2018 INFO applyImplyIntroRule - imp11 was expanded
Mon May 21 17:34:04 2018 INFO applyImplyElimRule - A7 was expanded
Mon May 21 17:34:04 2018 INFO applyImplyElimRule - A6 was expanded
Mon May 21 17:34:04 2018 INFO applyImplyElimRule - imp9 was expanded
Mon May 21 17:34:04 2018 INFO applyImplyElimRule - A5 was expanded
Mon May 21 17:34:04 2018 INFO applyImplyElimRule - imp7 was expanded
Mon May 21 17:34:04 2018 INFO applyImplyElimRule - A4 was expanded
Mon May 21 17:34:04 2018 INFO applyImplyElimRule - imp5 was expanded
Mon May 21 17:34:04 2018 INFO applyImplyElimRule - A3 was expanded
Mon May 21 17:34:04 2018 INFO applyImplyElimRule - imp3 was expanded
Mon May 21 17:34:04 2018 INFO applyImplyElimRule - A2 was expanded
Mon May 21 17:34:04 2018 INFO applyImplyElimRule - imp1 was expanded
Mon May 21 17:44:39 2018 WARN Logger: changing loglevel from DEBUG to INFO
Mon May 21 17:44:39 2018 WARN Logger: changing loglevel from DEBUG to DEBUG
Mon May 21 17:44:40 2018 INFO inputFormula - alpha: ((A1) imp (A2)) imp (((A1) imp ((A2) imp (A3))) imp (((A2) imp ((A3) imp (A4))) imp (((A3) imp ((A4) imp (A5))) imp (((A4) imp ((A5) imp (A6))) imp (((A5) imp ((A6) imp (A7))) imp ((A1) imp (A7)))))))
Mon May 21 17:44:41 2018 INFO applyImplyIntroRule - imp17 was expanded
Mon May 21 17:44:41 2018 INFO WARNING - Attempted to remove a node from openBranchesList which was not in it.
Mon May 21 17:44:41 2018 INFO applyImplyIntroRule - imp16 was expanded
Mon May 21 17:44:41 2018 INFO applyImplyIntroRule - imp15 was expanded
Mon May 21 17:44:41 2018 INFO applyImplyIntroRule - imp14 was expanded
Mon May 21 17:44:41 2018 INFO applyImplyIntroRule - imp13 was expanded
Mon May 21 17:44:41 2018 INFO applyImplyIntroRule - imp12 was expanded
Mon May 21 17:44:41 2018 INFO applyImplyIntroRule - imp11 was expanded
Mon May 21 17:44:41 2018 INFO applyImplyElimRule - A7 was expanded
Mon May 21 17:44:41 2018 INFO applyImplyElimRule - A6 was expanded
Mon May 21 17:44:41 2018 INFO applyImplyElimRule - imp9 was expanded
Mon May 21 17:44:41 2018 INFO applyImplyElimRule - A5 was expanded
Mon May 21 17:44:41 2018 INFO applyImplyElimRule - imp7 was expanded
Mon May 21 17:44:41 2018 INFO applyImplyElimRule - A4 was expanded
Mon May 21 17:44:41 2018 INFO applyImplyElimRule - imp5 was expanded
Mon May 21 17:44:41 2018 INFO applyImplyElimRule - A3 was expanded
Mon May 21 17:44:41 2018 INFO applyImplyElimRule - imp3 was expanded
Mon May 21 17:44:41 2018 INFO applyImplyElimRule - A2 was expanded
Mon May 21 17:44:41 2018 INFO applyImplyElimRule - imp1 was expanded
Mon May 21 17:46:36 2018 WARN Logger: changing loglevel from DEBUG to INFO
Mon May 21 17:46:36 2018 WARN Logger: changing loglevel from DEBUG to DEBUG
Mon May 21 17:46:37 2018 INFO inputFormula - alpha: ((A1) imp (A2)) imp (((A1) imp ((A2) imp (A3))) imp (((A2) imp ((A3) imp (A4))) imp (((A3) imp ((A4) imp (A5))) imp (((A4) imp ((A5) imp (A6))) imp (((A5) imp ((A6) imp (A7))) imp ((A1) imp (A7)))))))
Mon May 21 17:46:38 2018 INFO applyImplyIntroRule - imp17 was expanded
Mon May 21 17:46:38 2018 INFO WARNING - Attempted to remove a node from openBranchesList which was not in it.
Mon May 21 17:46:38 2018 INFO applyImplyIntroRule - imp16 was expanded
Mon May 21 17:46:38 2018 INFO applyImplyIntroRule - imp15 was expanded
Mon May 21 17:46:38 2018 INFO applyImplyIntroRule - imp14 was expanded
Mon May 21 17:46:38 2018 INFO applyImplyIntroRule - imp13 was expanded
Mon May 21 17:46:38 2018 INFO applyImplyIntroRule - imp12 was expanded
Mon May 21 17:46:38 2018 INFO applyImplyIntroRule - imp11 was expanded
Mon May 21 17:46:38 2018 INFO applyImplyElimRule - A7 was expanded
Mon May 21 17:46:38 2018 INFO applyImplyElimRule - A6 was expanded
Mon May 21 17:46:38 2018 INFO applyImplyElimRule - imp9 was expanded
Mon May 21 17:46:38 2018 INFO applyImplyElimRule - A5 was expanded
Mon May 21 17:46:38 2018 INFO applyImplyElimRule - imp7 was expanded
Mon May 21 17:46:38 2018 INFO applyImplyElimRule - A4 was expanded
Mon May 21 17:46:38 2018 INFO applyImplyElimRule - imp5 was expanded
Mon May 21 17:46:38 2018 INFO applyImplyElimRule - A3 was expanded
Mon May 21 17:46:38 2018 INFO applyImplyElimRule - imp3 was expanded
Mon May 21 17:46:38 2018 INFO applyImplyElimRule - A2 was expanded
Mon May 21 17:46:38 2018 INFO applyImplyElimRule - imp1 was expanded
Mon May 21 17:48:56 2018 WARN Logger: changing loglevel from DEBUG to INFO
Mon May 21 17:49:21 2018 WARN Logger: changing loglevel from DEBUG to INFO
Mon May 21 17:49:21 2018 WARN Logger: changing loglevel from DEBUG to DEBUG
Mon May 21 17:49:22 2018 INFO inputFormula - alpha: ((A1) imp (A2)) imp (((A1) imp ((A2) imp (A3))) imp (((A2) imp ((A3) imp (A4))) imp (((A3) imp ((A4) imp (A5))) imp (((A4) imp ((A5) imp (A6))) imp (((A5) imp ((A6) imp (A7))) imp ((A1) imp (A7)))))))
Mon May 21 17:49:23 2018 INFO applyImplyIntroRule - imp17 was expanded
Mon May 21 17:49:23 2018 INFO WARNING - Attempted to remove a node from openBranchesList which was not in it.
Mon May 21 17:49:23 2018 INFO applyImplyIntroRule - imp16 was expanded
Mon May 21 17:49:23 2018 INFO applyImplyIntroRule - imp15 was expanded
Mon May 21 17:49:23 2018 INFO applyImplyIntroRule - imp14 was expanded
Mon May 21 17:49:23 2018 INFO applyImplyIntroRule - imp13 was expanded
Mon May 21 17:49:23 2018 INFO applyImplyIntroRule - imp12 was expanded
Mon May 21 17:49:23 2018 INFO applyImplyIntroRule - imp11 was expanded
Mon May 21 17:49:23 2018 INFO applyImplyElimRule - A7 was expanded
Mon May 21 17:49:23 2018 INFO applyImplyElimRule - A6 was expanded
Mon May 21 17:49:23 2018 INFO applyImplyElimRule - imp9 was expanded
Mon May 21 17:49:23 2018 INFO applyImplyElimRule - A5 was expanded
Mon May 21 17:49:23 2018 INFO applyImplyElimRule - imp7 was expanded
Mon May 21 17:49:23 2018 INFO applyImplyElimRule - A4 was expanded
Mon May 21 17:49:23 2018 INFO applyImplyElimRule - imp5 was expanded
Mon May 21 17:49:23 2018 INFO applyImplyElimRule - A3 was expanded
Mon May 21 17:49:23 2018 INFO applyImplyElimRule - imp3 was expanded
Mon May 21 17:49:23 2018 INFO applyImplyElimRule - A2 was expanded
Mon May 21 17:49:23 2018 INFO applyImplyElimRule - imp1 was expanded
Mon May 21 17:50:20 2018 WARN Logger: changing loglevel from DEBUG to INFO
Mon May 21 17:50:20 2018 WARN Logger: changing loglevel from DEBUG to DEBUG
Mon May 21 17:50:21 2018 INFO inputFormula - alpha: ((A1) imp (A2)) imp (((A1) imp ((A2) imp (A3))) imp (((A2) imp ((A3) imp (A4))) imp (((A3) imp ((A4) imp (A5))) imp (((A4) imp ((A5) imp (A6))) imp (((A5) imp ((A6) imp (A7))) imp ((A1) imp (A7)))))))
Mon May 21 17:50:22 2018 INFO applyImplyIntroRule - imp17 was expanded
Mon May 21 17:50:22 2018 INFO WARNING - Attempted to remove a node from openBranchesList which was not in it.
Mon May 21 17:50:22 2018 INFO applyImplyIntroRule - imp16 was expanded
Mon May 21 17:50:22 2018 INFO applyImplyIntroRule - imp15 was expanded
Mon May 21 17:50:22 2018 INFO applyImplyIntroRule - imp14 was expanded
Mon May 21 17:50:22 2018 INFO applyImplyIntroRule - imp13 was expanded
Mon May 21 17:50:22 2018 INFO applyImplyIntroRule - imp12 was expanded
Mon May 21 17:50:22 2018 INFO applyImplyIntroRule - imp11 was expanded
Mon May 21 17:50:22 2018 INFO applyImplyElimRule - A7 was expanded
Mon May 21 17:50:22 2018 INFO applyImplyElimRule - A6 was expanded
Mon May 21 17:50:22 2018 INFO applyImplyElimRule - imp9 was expanded
Mon May 21 17:50:22 2018 INFO applyImplyElimRule - A5 was expanded
Mon May 21 17:50:22 2018 INFO applyImplyElimRule - imp7 was expanded
Mon May 21 17:50:22 2018 INFO applyImplyElimRule - A4 was expanded
Mon May 21 17:50:22 2018 INFO applyImplyElimRule - imp5 was expanded
Mon May 21 17:50:22 2018 INFO applyImplyElimRule - A3 was expanded
Mon May 21 17:50:22 2018 INFO applyImplyElimRule - imp3 was expanded
Mon May 21 17:50:22 2018 INFO applyImplyElimRule - A2 was expanded
Mon May 21 17:50:22 2018 INFO applyImplyElimRule - imp1 was expanded
Mon May 21 17:54:12 2018 WARN Logger: changing loglevel from DEBUG to INFO
Mon May 21 17:54:12 2018 WARN Logger: changing loglevel from DEBUG to DEBUG
Mon May 21 17:54:12 2018 INFO inputFormula - alpha: ((A1) imp (A2)) imp (((A1) imp ((A2) imp (A3))) imp (((A2) imp ((A3) imp (A4))) imp (((A3) imp ((A4) imp (A5))) imp (((A4) imp ((A5) imp (A6))) imp (((A5) imp ((A6) imp (A7))) imp ((A1) imp (A7)))))))
Mon May 21 17:54:14 2018 INFO applyImplyIntroRule - imp17 was expanded
Mon May 21 17:54:14 2018 INFO WARNING - Attempted to remove a node from openBranchesList which was not in it.
Mon May 21 17:54:14 2018 INFO applyImplyIntroRule - imp16 was expanded
Mon May 21 17:54:14 2018 INFO applyImplyIntroRule - imp15 was expanded
Mon May 21 17:54:14 2018 INFO applyImplyIntroRule - imp14 was expanded
Mon May 21 17:54:14 2018 INFO applyImplyIntroRule - imp13 was expanded
Mon May 21 17:54:14 2018 INFO applyImplyIntroRule - imp12 was expanded
Mon May 21 17:54:14 2018 INFO applyImplyIntroRule - imp11 was expanded
Mon May 21 17:54:14 2018 INFO applyImplyElimRule - A7 was expanded
Mon May 21 17:54:14 2018 INFO applyImplyElimRule - A6 was expanded
Mon May 21 17:54:14 2018 INFO applyImplyElimRule - imp9 was expanded
Mon May 21 17:54:14 2018 INFO applyImplyElimRule - A5 was expanded
Mon May 21 17:54:14 2018 INFO applyImplyElimRule - imp7 was expanded
Mon May 21 17:54:14 2018 INFO applyImplyElimRule - A4 was expanded
Mon May 21 17:54:14 2018 INFO applyImplyElimRule - imp5 was expanded
Mon May 21 17:54:14 2018 INFO applyImplyElimRule - A3 was expanded
Mon May 21 17:54:14 2018 INFO applyImplyElimRule - imp3 was expanded
Mon May 21 17:54:14 2018 INFO applyImplyElimRule - A2 was expanded
Mon May 21 17:54:14 2018 INFO applyImplyElimRule - imp1 was expanded
Mon May 21 17:54:52 2018 WARN Logger: changing loglevel from DEBUG to INFO
Mon May 21 17:54:52 2018 WARN Logger: changing loglevel from DEBUG to DEBUG
Mon May 21 17:54:53 2018 INFO inputFormula - alpha: ((A1) imp (A2)) imp (((A1) imp ((A2) imp (A3))) imp (((A2) imp ((A3) imp (A4))) imp (((A3) imp ((A4) imp (A5))) imp (((A4) imp ((A5) imp (A6))) imp (((A5) imp ((A6) imp (A7))) imp ((A1) imp (A7)))))))
Mon May 21 17:54:54 2018 INFO applyImplyIntroRule - imp17 was expanded
Mon May 21 17:54:54 2018 INFO WARNING - Attempted to remove a node from openBranchesList which was not in it.
Mon May 21 17:54:54 2018 INFO applyImplyIntroRule - imp16 was expanded
Mon May 21 17:54:54 2018 INFO applyImplyIntroRule - imp15 was expanded
Mon May 21 17:54:54 2018 INFO applyImplyIntroRule - imp14 was expanded
Mon May 21 17:54:54 2018 INFO applyImplyIntroRule - imp13 was expanded
Mon May 21 17:54:54 2018 INFO applyImplyIntroRule - imp12 was expanded
Mon May 21 17:54:54 2018 INFO applyImplyIntroRule - imp11 was expanded
Mon May 21 17:54:54 2018 INFO applyImplyElimRule - A7 was expanded
Mon May 21 17:54:54 2018 INFO applyImplyElimRule - A6 was expanded
Mon May 21 17:54:54 2018 INFO applyImplyElimRule - imp9 was expanded
Mon May 21 17:54:54 2018 INFO applyImplyElimRule - A5 was expanded
Mon May 21 17:54:54 2018 INFO applyImplyElimRule - imp7 was expanded
Mon May 21 17:54:54 2018 INFO applyImplyElimRule - A4 was expanded
Mon May 21 17:54:54 2018 INFO applyImplyElimRule - imp5 was expanded
Mon May 21 17:54:54 2018 INFO applyImplyElimRule - A3 was expanded
Mon May 21 17:54:54 2018 INFO applyImplyElimRule - imp3 was expanded
Mon May 21 17:54:54 2018 INFO applyImplyElimRule - A2 was expanded
Mon May 21 17:54:54 2018 INFO applyImplyElimRule - imp1 was expanded
Mon May 21 17:55:18 2018 WARN Logger: changing loglevel from DEBUG to INFO
Mon May 21 17:55:18 2018 WARN Logger: changing loglevel from DEBUG to DEBUG
Mon May 21 17:55:18 2018 INFO inputFormula - alpha: ((A1) imp (A2)) imp (((A1) imp ((A2) imp (A3))) imp (((A2) imp ((A3) imp (A4))) imp (((A3) imp ((A4) imp (A5))) imp (((A4) imp ((A5) imp (A6))) imp (((A5) imp ((A6) imp (A7))) imp ((A1) imp (A7)))))))
Mon May 21 17:55:20 2018 INFO applyImplyIntroRule - imp17 was expanded
Mon May 21 17:55:20 2018 INFO WARNING - Attempted to remove a node from openBranchesList which was not in it.
Mon May 21 17:55:20 2018 INFO applyImplyIntroRule - imp16 was expanded
Mon May 21 17:55:20 2018 INFO applyImplyIntroRule - imp15 was expanded
Mon May 21 17:55:20 2018 INFO applyImplyIntroRule - imp14 was expanded
Mon May 21 17:55:20 2018 INFO applyImplyIntroRule - imp13 was expanded
Mon May 21 17:55:20 2018 INFO applyImplyIntroRule - imp12 was expanded
Mon May 21 17:55:20 2018 INFO applyImplyIntroRule - imp11 was expanded
Mon May 21 17:55:20 2018 INFO applyImplyElimRule - A7 was expanded
Mon May 21 17:55:20 2018 INFO applyImplyElimRule - A6 was expanded
Mon May 21 17:55:20 2018 INFO applyImplyElimRule - imp9 was expanded
Mon May 21 17:55:20 2018 INFO applyImplyElimRule - A5 was expanded
Mon May 21 17:55:20 2018 INFO applyImplyElimRule - imp7 was expanded
Mon May 21 17:55:20 2018 INFO applyImplyElimRule - A4 was expanded
Mon May 21 17:55:20 2018 INFO applyImplyElimRule - imp5 was expanded
Mon May 21 17:55:20 2018 INFO applyImplyElimRule - A3 was expanded
Mon May 21 17:55:20 2018 INFO applyImplyElimRule - imp3 was expanded
Mon May 21 17:55:20 2018 INFO applyImplyElimRule - A2 was expanded
Mon May 21 17:55:20 2018 INFO applyImplyElimRule - imp1 was expanded
Mon May 21 17:59:31 2018 WARN Logger: changing loglevel from DEBUG to INFO
Mon May 21 17:59:31 2018 WARN Logger: changing loglevel from DEBUG to DEBUG
Mon May 21 17:59:32 2018 INFO inputFormula - alpha: ((A1) imp (A2)) imp (((A1) imp ((A2) imp (A3))) imp (((A2) imp ((A3) imp (A4))) imp (((A3) imp ((A4) imp (A5))) imp (((A4) imp ((A5) imp (A6))) imp (((A5) imp ((A6) imp (A7))) imp ((A1) imp (A7)))))))
Mon May 21 17:59:33 2018 INFO applyImplyIntroRule - imp17 was expanded
Mon May 21 17:59:33 2018 INFO WARNING - Attempted to remove a node from openBranchesList which was not in it.
Mon May 21 17:59:33 2018 INFO applyImplyIntroRule - imp16 was expanded
Mon May 21 17:59:33 2018 INFO applyImplyIntroRule - imp15 was expanded
Mon May 21 17:59:33 2018 INFO applyImplyIntroRule - imp14 was expanded
Mon May 21 17:59:33 2018 INFO applyImplyIntroRule - imp13 was expanded
Mon May 21 17:59:33 2018 INFO applyImplyIntroRule - imp12 was expanded
Mon May 21 17:59:33 2018 INFO applyImplyIntroRule - imp11 was expanded
Mon May 21 17:59:33 2018 INFO applyImplyElimRule - A7 was expanded
Mon May 21 17:59:33 2018 INFO applyImplyElimRule - A6 was expanded
Mon May 21 17:59:33 2018 INFO applyImplyElimRule - imp9 was expanded
Mon May 21 17:59:33 2018 INFO applyImplyElimRule - A5 was expanded
Mon May 21 17:59:33 2018 INFO applyImplyElimRule - imp7 was expanded
Mon May 21 17:59:33 2018 INFO applyImplyElimRule - A4 was expanded
Mon May 21 17:59:33 2018 INFO applyImplyElimRule - imp5 was expanded
Mon May 21 17:59:33 2018 INFO applyImplyElimRule - A3 was expanded
Mon May 21 17:59:33 2018 INFO applyImplyElimRule - imp3 was expanded
Mon May 21 17:59:33 2018 INFO applyImplyElimRule - A2 was expanded
Mon May 21 17:59:33 2018 INFO applyImplyElimRule - imp1 was expanded
Mon May 21 18:00:08 2018 WARN Logger: changing loglevel from DEBUG to INFO
Mon May 21 18:00:08 2018 WARN Logger: changing loglevel from DEBUG to DEBUG
Mon May 21 18:00:08 2018 INFO inputFormula - alpha: ((A1) imp (A2)) imp (((A1) imp ((A2) imp (A3))) imp (((A2) imp ((A3) imp (A4))) imp (((A3) imp ((A4) imp (A5))) imp (((A4) imp ((A5) imp (A6))) imp (((A5) imp ((A6) imp (A7))) imp ((A1) imp (A7)))))))
Mon May 21 18:00:09 2018 INFO applyImplyIntroRule - imp17 was expanded
Mon May 21 18:00:09 2018 INFO WARNING - Attempted to remove a node from openBranchesList which was not in it.
Mon May 21 18:00:09 2018 INFO applyImplyIntroRule - imp16 was expanded
Mon May 21 18:00:09 2018 INFO applyImplyIntroRule - imp15 was expanded
Mon May 21 18:00:09 2018 INFO applyImplyIntroRule - imp14 was expanded
Mon May 21 18:00:09 2018 INFO applyImplyIntroRule - imp13 was expanded
Mon May 21 18:00:09 2018 INFO applyImplyIntroRule - imp12 was expanded
Mon May 21 18:00:09 2018 INFO applyImplyIntroRule - imp11 was expanded
Mon May 21 18:00:09 2018 INFO applyImplyElimRule - A7 was expanded
Mon May 21 18:00:09 2018 INFO applyImplyElimRule - A6 was expanded
Mon May 21 18:00:09 2018 INFO applyImplyElimRule - imp9 was expanded
Mon May 21 18:00:09 2018 INFO applyImplyElimRule - A5 was expanded
Mon May 21 18:00:09 2018 INFO applyImplyElimRule - imp7 was expanded
Mon May 21 18:00:09 2018 INFO applyImplyElimRule - A4 was expanded
Mon May 21 18:00:09 2018 INFO applyImplyElimRule - imp5 was expanded
Mon May 21 18:00:09 2018 INFO applyImplyElimRule - A3 was expanded
Mon May 21 18:00:09 2018 INFO applyImplyElimRule - imp3 was expanded
Mon May 21 18:00:09 2018 INFO applyImplyElimRule - A2 was expanded
Mon May 21 18:00:09 2018 INFO applyImplyElimRule - imp1 was expanded
Mon May 21 18:01:00 2018 WARN Logger: changing loglevel from DEBUG to INFO
Mon May 21 18:01:00 2018 WARN Logger: changing loglevel from DEBUG to DEBUG
Mon May 21 18:01:01 2018 INFO inputFormula - alpha: ((A1) imp (A2)) imp (((A1) imp ((A2) imp (A3))) imp (((A2) imp ((A3) imp (A4))) imp (((A3) imp ((A4) imp (A5))) imp (((A4) imp ((A5) imp (A6))) imp (((A5) imp ((A6) imp (A7))) imp ((A1) imp (A7)))))))
Mon May 21 18:01:02 2018 INFO applyImplyIntroRule - imp17 was expanded
Mon May 21 18:01:02 2018 INFO WARNING - Attempted to remove a node from openBranchesList which was not in it.
Mon May 21 18:01:02 2018 INFO applyImplyIntroRule - imp16 was expanded
Mon May 21 18:01:02 2018 INFO applyImplyIntroRule - imp15 was expanded
Mon May 21 18:01:02 2018 INFO applyImplyIntroRule - imp14 was expanded
Mon May 21 18:01:02 2018 INFO applyImplyIntroRule - imp13 was expanded
Mon May 21 18:01:02 2018 INFO applyImplyIntroRule - imp12 was expanded
Mon May 21 18:01:02 2018 INFO applyImplyIntroRule - imp11 was expanded
Mon May 21 18:01:02 2018 INFO applyImplyElimRule - A7 was expanded
Mon May 21 18:01:02 2018 INFO applyImplyElimRule - A6 was expanded
Mon May 21 18:01:02 2018 INFO applyImplyElimRule - imp9 was expanded
Mon May 21 18:01:02 2018 INFO applyImplyElimRule - A5 was expanded
Mon May 21 18:01:02 2018 INFO applyImplyElimRule - imp7 was expanded
Mon May 21 18:01:02 2018 INFO applyImplyElimRule - A4 was expanded
Mon May 21 18:01:02 2018 INFO applyImplyElimRule - imp5 was expanded
Mon May 21 18:01:02 2018 INFO applyImplyElimRule - A3 was expanded
Mon May 21 18:01:02 2018 INFO applyImplyElimRule - imp3 was expanded
Mon May 21 18:01:02 2018 INFO applyImplyElimRule - A2 was expanded
Mon May 21 18:01:02 2018 INFO applyImplyElimRule - imp1 was expanded
Mon May 21 18:48:09 2018 WARN Logger: changing loglevel from DEBUG to INFO
Mon May 21 18:48:09 2018 WARN Logger: changing loglevel from DEBUG to DEBUG
Mon May 21 18:48:10 2018 INFO inputFormula - alpha: ((A1) imp (A2)) imp (((A1) imp ((A2) imp (A3))) imp (((A2) imp ((A3) imp (A4))) imp (((A3) imp ((A4) imp (A5))) imp (((A4) imp ((A5) imp (A6))) imp (((A5) imp ((A6) imp (A7))) imp ((A1) imp (A7)))))))
Mon May 21 18:48:11 2018 INFO applyImplyIntroRule - imp17 was expanded
Mon May 21 18:48:11 2018 INFO WARNING - Attempted to remove a node from openBranchesList which was not in it.
Mon May 21 18:48:11 2018 INFO applyImplyIntroRule - imp16 was expanded
Mon May 21 18:48:11 2018 INFO applyImplyIntroRule - imp15 was expanded
Mon May 21 18:48:11 2018 INFO applyImplyIntroRule - imp14 was expanded
Mon May 21 18:48:11 2018 INFO applyImplyIntroRule - imp13 was expanded
Mon May 21 18:48:11 2018 INFO applyImplyIntroRule - imp12 was expanded
Mon May 21 18:48:11 2018 INFO applyImplyIntroRule - imp11 was expanded
Mon May 21 18:48:11 2018 INFO applyImplyElimRule - A7 was expanded
Mon May 21 18:48:11 2018 INFO applyImplyElimRule - A6 was expanded
Mon May 21 18:48:11 2018 INFO applyImplyElimRule - imp9 was expanded
Mon May 21 18:48:11 2018 INFO applyImplyElimRule - A5 was expanded
Mon May 21 18:48:11 2018 INFO applyImplyElimRule - imp7 was expanded
Mon May 21 18:48:11 2018 INFO applyImplyElimRule - A4 was expanded
Mon May 21 18:48:11 2018 INFO applyImplyElimRule - imp5 was expanded
Mon May 21 18:48:11 2018 INFO applyImplyElimRule - A3 was expanded
Mon May 21 18:48:11 2018 INFO applyImplyElimRule - imp3 was expanded
Mon May 21 18:48:11 2018 INFO applyImplyElimRule - A2 was expanded
Mon May 21 18:48:11 2018 INFO applyImplyElimRule - imp1 was expanded
Mon May 21 18:49:09 2018 WARN Logger: changing loglevel from DEBUG to INFO
Mon May 21 18:49:09 2018 WARN Logger: changing loglevel from DEBUG to DEBUG
Mon May 21 18:49:10 2018 INFO inputFormula - alpha: ((A1) imp (A2)) imp (((A1) imp ((A2) imp (A3))) imp (((A2) imp ((A3) imp (A4))) imp (((A3) imp ((A4) imp (A5))) imp (((A4) imp ((A5) imp (A6))) imp (((A5) imp ((A6) imp (A7))) imp ((A1) imp (A7)))))))
Mon May 21 18:49:11 2018 INFO applyImplyIntroRule - imp17 was expanded
Mon May 21 18:49:11 2018 INFO WARNING - Attempted to remove a node from openBranchesList which was not in it.
Mon May 21 18:49:11 2018 INFO applyImplyIntroRule - imp16 was expanded
Mon May 21 18:49:11 2018 INFO applyImplyIntroRule - imp15 was expanded
Mon May 21 18:49:11 2018 INFO applyImplyIntroRule - imp14 was expanded
Mon May 21 18:49:11 2018 INFO applyImplyIntroRule - imp13 was expanded
Mon May 21 18:49:11 2018 INFO applyImplyIntroRule - imp12 was expanded
Mon May 21 18:49:11 2018 INFO applyImplyIntroRule - imp11 was expanded
Mon May 21 18:49:11 2018 INFO applyImplyElimRule - A7 was expanded
Mon May 21 18:49:11 2018 INFO applyImplyElimRule - A6 was expanded
Mon May 21 18:49:11 2018 INFO applyImplyElimRule - imp9 was expanded
Mon May 21 18:49:11 2018 INFO applyImplyElimRule - A5 was expanded
Mon May 21 18:49:11 2018 INFO applyImplyElimRule - imp7 was expanded
Mon May 21 18:49:11 2018 INFO applyImplyElimRule - A4 was expanded
Mon May 21 18:49:11 2018 INFO applyImplyElimRule - imp5 was expanded
Mon May 21 18:49:11 2018 INFO applyImplyElimRule - A3 was expanded
Mon May 21 18:49:11 2018 INFO applyImplyElimRule - imp3 was expanded
Mon May 21 18:49:11 2018 INFO applyImplyElimRule - A2 was expanded
Mon May 21 18:49:11 2018 INFO applyImplyElimRule - imp1 was expanded
Mon May 21 18:49:48 2018 WARN Logger: changing loglevel from DEBUG to INFO
Mon May 21 18:49:48 2018 WARN Logger: changing loglevel from DEBUG to DEBUG
Mon May 21 18:49:48 2018 INFO inputFormula - alpha: ((A1) imp (A2)) imp (((A1) imp ((A2) imp (A3))) imp (((A2) imp ((A3) imp (A4))) imp (((A3) imp ((A4) imp (A5))) imp (((A4) imp ((A5) imp (A6))) imp (((A5) imp ((A6) imp (A7))) imp ((A1) imp (A7)))))))
Mon May 21 18:49:49 2018 INFO applyImplyIntroRule - imp17 was expanded
Mon May 21 18:49:49 2018 INFO WARNING - Attempted to remove a node from openBranchesList which was not in it.
Mon May 21 18:49:49 2018 INFO applyImplyIntroRule - imp16 was expanded
Mon May 21 18:49:49 2018 INFO applyImplyIntroRule - imp15 was expanded
Mon May 21 18:49:49 2018 INFO applyImplyIntroRule - imp14 was expanded
Mon May 21 18:49:49 2018 INFO applyImplyIntroRule - imp13 was expanded
Mon May 21 18:49:49 2018 INFO applyImplyIntroRule - imp12 was expanded
Mon May 21 18:49:49 2018 INFO applyImplyIntroRule - imp11 was expanded
Mon May 21 18:49:49 2018 INFO applyImplyElimRule - A7 was expanded
Mon May 21 18:49:49 2018 INFO applyImplyElimRule - A6 was expanded
Mon May 21 18:49:49 2018 INFO applyImplyElimRule - imp9 was expanded
Mon May 21 18:49:49 2018 INFO applyImplyElimRule - A5 was expanded
Mon May 21 18:49:49 2018 INFO applyImplyElimRule - imp7 was expanded
Mon May 21 18:49:49 2018 INFO applyImplyElimRule - A4 was expanded
Mon May 21 18:49:49 2018 INFO applyImplyElimRule - imp5 was expanded
Mon May 21 18:49:49 2018 INFO applyImplyElimRule - A3 was expanded
Mon May 21 18:49:49 2018 INFO applyImplyElimRule - imp3 was expanded
Mon May 21 18:49:49 2018 INFO applyImplyElimRule - A2 was expanded
Mon May 21 18:49:49 2018 INFO applyImplyElimRule - imp1 was expanded
Mon May 21 18:52:07 2018 WARN Logger: changing loglevel from DEBUG to INFO
Mon May 21 18:52:07 2018 WARN Logger: changing loglevel from DEBUG to DEBUG
Mon May 21 18:52:08 2018 INFO inputFormula - alpha: ((A1) imp (A2)) imp (((A1) imp ((A2) imp (A3))) imp (((A2) imp ((A3) imp (A4))) imp (((A3) imp ((A4) imp (A5))) imp (((A4) imp ((A5) imp (A6))) imp (((A5) imp ((A6) imp (A7))) imp ((A1) imp (A7)))))))
Mon May 21 18:52:10 2018 INFO applyImplyIntroRule - imp17 was expanded
Mon May 21 18:52:10 2018 INFO WARNING - Attempted to remove a node from openBranchesList which was not in it.
Mon May 21 18:52:10 2018 INFO applyImplyIntroRule - imp16 was expanded
Mon May 21 18:52:10 2018 INFO applyImplyIntroRule - imp15 was expanded
Mon May 21 18:52:10 2018 INFO applyImplyIntroRule - imp14 was expanded
Mon May 21 18:52:10 2018 INFO applyImplyIntroRule - imp13 was expanded
Mon May 21 18:52:10 2018 INFO applyImplyIntroRule - imp12 was expanded
Mon May 21 18:52:10 2018 INFO applyImplyIntroRule - imp11 was expanded
Mon May 21 18:52:10 2018 INFO applyImplyElimRule - A7 was expanded
Mon May 21 18:52:10 2018 INFO applyImplyElimRule - A6 was expanded
Mon May 21 18:52:10 2018 INFO applyImplyElimRule - imp9 was expanded
Mon May 21 18:52:10 2018 INFO applyImplyElimRule - A5 was expanded
Mon May 21 18:52:10 2018 INFO applyImplyElimRule - imp7 was expanded
Mon May 21 18:52:10 2018 INFO applyImplyElimRule - A4 was expanded
Mon May 21 18:52:10 2018 INFO applyImplyElimRule - imp5 was expanded
Mon May 21 18:52:10 2018 INFO applyImplyElimRule - A3 was expanded
Mon May 21 18:52:10 2018 INFO applyImplyElimRule - imp3 was expanded
Mon May 21 18:52:10 2018 INFO applyImplyElimRule - A2 was expanded
Mon May 21 18:52:10 2018 INFO applyImplyElimRule - imp1 was expanded
Mon May 21 18:53:05 2018 WARN Logger: changing loglevel from DEBUG to INFO
Mon May 21 18:53:05 2018 WARN Logger: changing loglevel from DEBUG to DEBUG
Mon May 21 18:53:05 2018 INFO inputFormula - alpha: ((A1) imp (A2)) imp (((A1) imp ((A2) imp (A3))) imp (((A2) imp ((A3) imp (A4))) imp (((A3) imp ((A4) imp (A5))) imp (((A4) imp ((A5) imp (A6))) imp (((A5) imp ((A6) imp (A7))) imp ((A1) imp (A7)))))))
Mon May 21 18:53:06 2018 INFO applyImplyIntroRule - imp17 was expanded
Mon May 21 18:53:06 2018 INFO WARNING - Attempted to remove a node from openBranchesList which was not in it.
Mon May 21 18:53:06 2018 INFO applyImplyIntroRule - imp16 was expanded
Mon May 21 18:53:06 2018 INFO applyImplyIntroRule - imp15 was expanded
Mon May 21 18:53:06 2018 INFO applyImplyIntroRule - imp14 was expanded
Mon May 21 18:53:06 2018 INFO applyImplyIntroRule - imp13 was expanded
Mon May 21 18:53:06 2018 INFO applyImplyIntroRule - imp12 was expanded
Mon May 21 18:53:06 2018 INFO applyImplyIntroRule - imp11 was expanded
Mon May 21 18:53:06 2018 INFO applyImplyElimRule - A7 was expanded
Mon May 21 18:53:06 2018 INFO applyImplyElimRule - A6 was expanded
Mon May 21 18:53:06 2018 INFO applyImplyElimRule - imp9 was expanded
Mon May 21 18:53:06 2018 INFO applyImplyElimRule - A5 was expanded
Mon May 21 18:53:06 2018 INFO applyImplyElimRule - imp7 was expanded
Mon May 21 18:53:06 2018 INFO applyImplyElimRule - A4 was expanded
Mon May 21 18:53:06 2018 INFO applyImplyElimRule - imp5 was expanded
Mon May 21 18:53:06 2018 INFO applyImplyElimRule - A3 was expanded
Mon May 21 18:53:06 2018 INFO applyImplyElimRule - imp3 was expanded
Mon May 21 18:53:06 2018 INFO applyImplyElimRule - A2 was expanded
Mon May 21 18:53:06 2018 INFO applyImplyElimRule - imp1 was expanded
Mon May 21 18:53:53 2018 WARN Logger: changing loglevel from DEBUG to INFO
Mon May 21 18:53:53 2018 WARN Logger: changing loglevel from DEBUG to DEBUG
Mon May 21 18:53:54 2018 INFO inputFormula - alpha: ((A1) imp (A2)) imp (((A1) imp ((A2) imp (A3))) imp (((A2) imp ((A3) imp (A4))) imp (((A3) imp ((A4) imp (A5))) imp (((A4) imp ((A5) imp (A6))) imp (((A5) imp ((A6) imp (A7))) imp ((A1) imp (A7)))))))
Mon May 21 18:53:55 2018 INFO applyImplyIntroRule - imp17 was expanded
Mon May 21 18:53:55 2018 INFO WARNING - Attempted to remove a node from openBranchesList which was not in it.
Mon May 21 18:53:55 2018 INFO applyImplyIntroRule - imp16 was expanded
Mon May 21 18:53:55 2018 INFO applyImplyIntroRule - imp15 was expanded
Mon May 21 18:53:55 2018 INFO applyImplyIntroRule - imp14 was expanded
Mon May 21 18:53:55 2018 INFO applyImplyIntroRule - imp13 was expanded
Mon May 21 18:53:55 2018 INFO applyImplyIntroRule - imp12 was expanded
Mon May 21 18:53:55 2018 INFO applyImplyIntroRule - imp11 was expanded
Mon May 21 18:53:55 2018 INFO applyImplyElimRule - A7 was expanded
Mon May 21 18:53:55 2018 INFO applyImplyElimRule - A6 was expanded
Mon May 21 18:53:55 2018 INFO applyImplyElimRule - imp9 was expanded
Mon May 21 18:53:55 2018 INFO applyImplyElimRule - A5 was expanded
Mon May 21 18:53:55 2018 INFO applyImplyElimRule - imp7 was expanded
Mon May 21 18:53:55 2018 INFO applyImplyElimRule - A4 was expanded
Mon May 21 18:53:55 2018 INFO applyImplyElimRule - imp5 was expanded
Mon May 21 18:53:55 2018 INFO applyImplyElimRule - A3 was expanded
Mon May 21 18:53:55 2018 INFO applyImplyElimRule - imp3 was expanded
Mon May 21 18:53:55 2018 INFO applyImplyElimRule - A2 was expanded
Mon May 21 18:53:55 2018 INFO applyImplyElimRule - imp1 was expanded
Mon May 21 19:00:28 2018 WARN Logger: changing loglevel from DEBUG to INFO
Mon May 21 19:00:28 2018 WARN Logger: changing loglevel from DEBUG to DEBUG
Mon May 21 19:00:29 2018 INFO inputFormula - alpha: ((A1) imp (A2)) imp (((A1) imp ((A2) imp (A3))) imp (((A2) imp ((A3) imp (A4))) imp (((A3) imp ((A4) imp (A5))) imp (((A4) imp ((A5) imp (A6))) imp (((A5) imp ((A6) imp (A7))) imp ((A1) imp (A7)))))))
Mon May 21 19:00:30 2018 INFO applyImplyIntroRule - imp17 was expanded
Mon May 21 19:00:30 2018 INFO WARNING - Attempted to remove a node from openBranchesList which was not in it.
Mon May 21 19:00:30 2018 INFO applyImplyIntroRule - imp16 was expanded
Mon May 21 19:00:30 2018 INFO applyImplyIntroRule - imp15 was expanded
Mon May 21 19:00:30 2018 INFO applyImplyIntroRule - imp14 was expanded
Mon May 21 19:00:30 2018 INFO applyImplyIntroRule - imp13 was expanded
Mon May 21 19:00:30 2018 INFO applyImplyIntroRule - imp12 was expanded
Mon May 21 19:00:30 2018 INFO applyImplyIntroRule - imp11 was expanded
Mon May 21 19:00:30 2018 INFO applyImplyElimRule - A7 was expanded
Mon May 21 19:00:30 2018 INFO applyImplyElimRule - A6 was expanded
Mon May 21 19:00:30 2018 INFO applyImplyElimRule - imp9 was expanded
Mon May 21 19:00:30 2018 INFO applyImplyElimRule - A5 was expanded
Mon May 21 19:00:30 2018 INFO applyImplyElimRule - imp7 was expanded
Mon May 21 19:00:30 2018 INFO applyImplyElimRule - A4 was expanded
Mon May 21 19:00:30 2018 INFO applyImplyElimRule - imp5 was expanded
Mon May 21 19:00:30 2018 INFO applyImplyElimRule - A3 was expanded
Mon May 21 19:00:30 2018 INFO applyImplyElimRule - imp3 was expanded
Mon May 21 19:00:30 2018 INFO applyImplyElimRule - A2 was expanded
Mon May 21 19:00:30 2018 INFO applyImplyElimRule - imp1 was expanded
Mon May 21 19:02:17 2018 WARN Logger: changing loglevel from DEBUG to INFO
Mon May 21 19:02:17 2018 WARN Logger: changing loglevel from DEBUG to DEBUG
Mon May 21 19:02:18 2018 INFO inputFormula - alpha: ((A1) imp (A2)) imp (((A1) imp ((A2) imp (A3))) imp (((A2) imp ((A3) imp (A4))) imp (((A3) imp ((A4) imp (A5))) imp (((A4) imp ((A5) imp (A6))) imp (((A5) imp ((A6) imp (A7))) imp ((A1) imp (A7)))))))
Mon May 21 19:02:19 2018 INFO applyImplyIntroRule - imp17 was expanded
Mon May 21 19:02:19 2018 INFO WARNING - Attempted to remove a node from openBranchesList which was not in it.
Mon May 21 19:02:19 2018 INFO applyImplyIntroRule - imp16 was expanded
Mon May 21 19:02:19 2018 INFO applyImplyIntroRule - imp15 was expanded
Mon May 21 19:02:19 2018 INFO applyImplyIntroRule - imp14 was expanded
Mon May 21 19:02:19 2018 INFO applyImplyIntroRule - imp13 was expanded
Mon May 21 19:02:19 2018 INFO applyImplyIntroRule - imp12 was expanded
Mon May 21 19:02:19 2018 INFO applyImplyIntroRule - imp11 was expanded
Mon May 21 19:02:19 2018 INFO applyImplyElimRule - A7 was expanded
Mon May 21 19:02:19 2018 INFO applyImplyElimRule - A6 was expanded
Mon May 21 19:02:19 2018 INFO applyImplyElimRule - imp9 was expanded
Mon May 21 19:02:19 2018 INFO applyImplyElimRule - A5 was expanded
Mon May 21 19:02:19 2018 INFO applyImplyElimRule - imp7 was expanded
Mon May 21 19:02:19 2018 INFO applyImplyElimRule - A4 was expanded
Mon May 21 19:02:19 2018 INFO applyImplyElimRule - imp5 was expanded
Mon May 21 19:02:19 2018 INFO applyImplyElimRule - A3 was expanded
Mon May 21 19:02:19 2018 INFO applyImplyElimRule - imp3 was expanded
Mon May 21 19:02:19 2018 INFO applyImplyElimRule - A2 was expanded
Mon May 21 19:02:19 2018 INFO applyImplyElimRule - imp1 was expanded
Mon May 21 19:03:03 2018 WARN Logger: changing loglevel from DEBUG to INFO
Mon May 21 19:03:03 2018 WARN Logger: changing loglevel from DEBUG to DEBUG
Mon May 21 19:03:04 2018 INFO inputFormula - alpha: ((A1) imp (A2)) imp (((A1) imp ((A2) imp (A3))) imp (((A2) imp ((A3) imp (A4))) imp (((A3) imp ((A4) imp (A5))) imp (((A4) imp ((A5) imp (A6))) imp (((A5) imp ((A6) imp (A7))) imp ((A1) imp (A7)))))))
Mon May 21 19:03:05 2018 INFO applyImplyIntroRule - imp17 was expanded
Mon May 21 19:03:05 2018 INFO WARNING - Attempted to remove a node from openBranchesList which was not in it.
Mon May 21 19:03:05 2018 INFO applyImplyIntroRule - imp16 was expanded
Mon May 21 19:03:05 2018 INFO applyImplyIntroRule - imp15 was expanded
Mon May 21 19:03:05 2018 INFO applyImplyIntroRule - imp14 was expanded
Mon May 21 19:03:05 2018 INFO applyImplyIntroRule - imp13 was expanded
Mon May 21 19:03:05 2018 INFO applyImplyIntroRule - imp12 was expanded
Mon May 21 19:03:05 2018 INFO applyImplyIntroRule - imp11 was expanded
Mon May 21 19:03:05 2018 INFO applyImplyElimRule - A7 was expanded
Mon May 21 19:03:05 2018 INFO applyImplyElimRule - A6 was expanded
Mon May 21 19:03:05 2018 INFO applyImplyElimRule - imp9 was expanded
Mon May 21 19:03:05 2018 INFO applyImplyElimRule - A5 was expanded
Mon May 21 19:03:05 2018 INFO applyImplyElimRule - imp7 was expanded
Mon May 21 19:03:05 2018 INFO applyImplyElimRule - A4 was expanded
Mon May 21 19:03:05 2018 INFO applyImplyElimRule - imp5 was expanded
Mon May 21 19:03:05 2018 INFO applyImplyElimRule - A3 was expanded
Mon May 21 19:03:05 2018 INFO applyImplyElimRule - imp3 was expanded
Mon May 21 19:03:05 2018 INFO applyImplyElimRule - A2 was expanded
Mon May 21 19:03:05 2018 INFO applyImplyElimRule - imp1 was expanded
Mon May 21 19:10:45 2018 WARN Logger: changing loglevel from DEBUG to INFO
Mon May 21 19:10:45 2018 WARN Logger: changing loglevel from DEBUG to DEBUG
Mon May 21 19:10:45 2018 INFO inputFormula - alpha: ((A1) imp (A2)) imp (((A1) imp ((A2) imp (A3))) imp (((A2) imp ((A3) imp (A4))) imp (((A3) imp ((A4) imp (A5))) imp (((A4) imp ((A5) imp (A6))) imp (((A5) imp ((A6) imp (A7))) imp ((A1) imp (A7)))))))
Mon May 21 19:10:47 2018 INFO applyImplyIntroRule - imp17 was expanded
Mon May 21 19:10:47 2018 INFO WARNING - Attempted to remove a node from openBranchesList which was not in it.
Mon May 21 19:10:47 2018 INFO applyImplyIntroRule - imp16 was expanded
Mon May 21 19:10:47 2018 INFO applyImplyIntroRule - imp15 was expanded
Mon May 21 19:10:47 2018 INFO applyImplyIntroRule - imp14 was expanded
Mon May 21 19:10:47 2018 INFO applyImplyIntroRule - imp13 was expanded
Mon May 21 19:10:47 2018 INFO applyImplyIntroRule - imp12 was expanded
Mon May 21 19:10:47 2018 INFO applyImplyIntroRule - imp11 was expanded
Mon May 21 19:10:47 2018 INFO applyImplyElimRule - A7 was expanded
Mon May 21 19:10:47 2018 INFO applyImplyElimRule - A6 was expanded
Mon May 21 19:10:47 2018 INFO applyImplyElimRule - imp9 was expanded
Mon May 21 19:10:47 2018 INFO applyImplyElimRule - A5 was expanded
Mon May 21 19:10:47 2018 INFO applyImplyElimRule - imp7 was expanded
Mon May 21 19:10:47 2018 INFO applyImplyElimRule - A4 was expanded
Mon May 21 19:10:47 2018 INFO applyImplyElimRule - imp5 was expanded
Mon May 21 19:10:47 2018 INFO applyImplyElimRule - A3 was expanded
Mon May 21 19:10:47 2018 INFO applyImplyElimRule - imp3 was expanded
Mon May 21 19:10:47 2018 INFO applyImplyElimRule - A2 was expanded
Mon May 21 19:10:47 2018 INFO applyImplyElimRule - imp1 was expanded
Mon May 21 19:11:26 2018 WARN Logger: changing loglevel from DEBUG to INFO
Mon May 21 19:11:26 2018 WARN Logger: changing loglevel from DEBUG to DEBUG
Mon May 21 19:11:26 2018 INFO inputFormula - alpha: ((A1) imp (A2)) imp (((A1) imp ((A2) imp (A3))) imp (((A2) imp ((A3) imp (A4))) imp (((A3) imp ((A4) imp (A5))) imp (((A4) imp ((A5) imp (A6))) imp (((A5) imp ((A6) imp (A7))) imp ((A1) imp (A7)))))))
Mon May 21 19:11:27 2018 INFO applyImplyIntroRule - imp17 was expanded
Mon May 21 19:11:27 2018 INFO WARNING - Attempted to remove a node from openBranchesList which was not in it.
Mon May 21 19:11:27 2018 INFO applyImplyIntroRule - imp16 was expanded
Mon May 21 19:11:27 2018 INFO applyImplyIntroRule - imp15 was expanded
Mon May 21 19:11:27 2018 INFO applyImplyIntroRule - imp14 was expanded
Mon May 21 19:11:27 2018 INFO applyImplyIntroRule - imp13 was expanded
Mon May 21 19:11:27 2018 INFO applyImplyIntroRule - imp12 was expanded
Mon May 21 19:11:27 2018 INFO applyImplyIntroRule - imp11 was expanded
Mon May 21 19:11:27 2018 INFO applyImplyElimRule - A7 was expanded
Mon May 21 19:11:27 2018 INFO applyImplyElimRule - A6 was expanded
Mon May 21 19:11:27 2018 INFO applyImplyElimRule - imp9 was expanded
Mon May 21 19:11:27 2018 INFO applyImplyElimRule - A5 was expanded
Mon May 21 19:11:27 2018 INFO applyImplyElimRule - imp7 was expanded
Mon May 21 19:11:27 2018 INFO applyImplyElimRule - A4 was expanded
Mon May 21 19:11:27 2018 INFO applyImplyElimRule - imp5 was expanded
Mon May 21 19:11:27 2018 INFO applyImplyElimRule - A3 was expanded
Mon May 21 19:11:27 2018 INFO applyImplyElimRule - imp3 was expanded
Mon May 21 19:11:27 2018 INFO applyImplyElimRule - A2 was expanded
Mon May 21 19:11:27 2018 INFO applyImplyElimRule - imp1 was expanded
Mon May 21 19:31:28 2018 WARN Logger: changing loglevel from DEBUG to INFO
Mon May 21 19:31:28 2018 WARN Logger: changing loglevel from DEBUG to DEBUG
Mon May 21 19:31:29 2018 INFO inputFormula - alpha: ((A1) imp (A2)) imp (((A1) imp ((A2) imp (A3))) imp (((A2) imp ((A3) imp (A4))) imp (((A3) imp ((A4) imp (A5))) imp (((A4) imp ((A5) imp (A6))) imp (((A5) imp ((A6) imp (A7))) imp ((A1) imp (A7)))))))
Mon May 21 19:31:30 2018 INFO applyImplyIntroRule - imp17 was expanded
Mon May 21 19:31:30 2018 INFO WARNING - Attempted to remove a node from openBranchesList which was not in it.
Mon May 21 19:31:30 2018 INFO applyImplyIntroRule - imp16 was expanded
Mon May 21 19:31:30 2018 INFO applyImplyIntroRule - imp15 was expanded
Mon May 21 19:31:30 2018 INFO applyImplyIntroRule - imp14 was expanded
Mon May 21 19:31:30 2018 INFO applyImplyIntroRule - imp13 was expanded
Mon May 21 19:31:30 2018 INFO applyImplyIntroRule - imp12 was expanded
Mon May 21 19:31:30 2018 INFO applyImplyIntroRule - imp11 was expanded
Mon May 21 19:31:30 2018 INFO applyImplyElimRule - A7 was expanded
Mon May 21 19:31:30 2018 INFO applyImplyElimRule - A6 was expanded
Mon May 21 19:31:30 2018 INFO applyImplyElimRule - imp9 was expanded
Mon May 21 19:31:30 2018 INFO applyImplyElimRule - A5 was expanded
Mon May 21 19:31:30 2018 INFO applyImplyElimRule - imp7 was expanded
Mon May 21 19:31:30 2018 INFO applyImplyElimRule - A4 was expanded
Mon May 21 19:31:30 2018 INFO applyImplyElimRule - imp5 was expanded
Mon May 21 19:31:30 2018 INFO applyImplyElimRule - A3 was expanded
Mon May 21 19:31:30 2018 INFO applyImplyElimRule - imp3 was expanded
Mon May 21 19:31:30 2018 INFO applyImplyElimRule - A2 was expanded
Mon May 21 19:31:30 2018 INFO applyImplyElimRule - imp1 was expanded
