Mon Sep  5 14:12:01 2016 WARN Logger: changing loglevel from DEBUG to INFO
Mon Sep  5 14:12:01 2016 WARN Logger: changing loglevel from DEBUG to INFO
Mon Sep  5 14:12:01 2016 WARN Logger: changing loglevel from DEBUG to DEBUG
Mon Sep  5 14:12:05 2016 INFO inputFormula - alpha: ((q) imp (p)) imp ((q) imp (p))
Mon Sep  5 14:12:06 2016 INFO expandAll - Expanding seq Seq0
Mon Sep  5 14:12:06 2016 INFO isExpandable - Seq0 ainda tem implicação `a direita.
Mon Sep  5 14:12:06 2016 INFO applyImplyRightRule - Seq0 was expanded
Mon Sep  5 14:12:06 2016 INFO expandAll - Expanding seq Seq1
Mon Sep  5 14:12:06 2016 INFO isExpandable - Seq1 ainda tem implicação `a direita.
Mon Sep  5 14:12:06 2016 INFO applyImplyRightRule - Seq1 was expanded
Mon Sep  5 14:12:06 2016 INFO expandAll - Expanding seq Seq2
Mon Sep  5 14:12:06 2016 INFO isExpandable - Seq2 ainda tem fórmulas para focar.
Mon Sep  5 14:12:06 2016 INFO applyFocusRule - Seq2 was expanded
Mon Sep  5 14:12:06 2016 INFO expandAll - Expanding seq Seq3
Mon Sep  5 14:12:06 2016 INFO isExpandable - Seq3 ainda tem fórmulas para focar.
Mon Sep  5 14:12:06 2016 INFO applyFocusRule - Seq3 was expanded
Mon Sep  5 14:12:06 2016 INFO expandAll - Expanding seq Seq4
Mon Sep  5 14:12:06 2016 INFO isExpandable - Focused Formulas - Seq4
Mon Sep  5 14:12:06 2016 INFO imply0
Mon Sep  5 14:12:06 2016 INFO q
Mon Sep  5 14:12:06 2016 INFO isExpandable - Left Expanded Formulas - Seq4
Mon Sep  5 14:12:06 2016 INFO isExpandable - Seq4 ainda tem fórmulas focada não expandida com imply-left.
Mon Sep  5 14:12:06 2016 INFO applyImplyLeftRule - Seq4 was expanded
Mon Sep  5 14:12:06 2016 INFO expandAll - Expanding seq Seq6
Mon Sep  5 14:12:06 2016 INFO isExpandable - Seq6 ainda tem fórmulas para focar.
Mon Sep  5 14:12:06 2016 INFO applyFocusRule - Seq6 was expanded
Mon Sep  5 14:12:06 2016 INFO expandAll - Expanding seq Seq5
Mon Sep  5 14:12:06 2016 INFO expandAll - Expanding seq Seq7
Mon Sep  5 14:12:08 2016 INFO GoalsList:
Mon Sep  5 14:12:08 2016 INFO expandAll - All sequents expanded!
Mon Sep  5 14:33:44 2016 WARN Logger: changing loglevel from DEBUG to INFO
Mon Sep  5 14:33:44 2016 WARN Logger: changing loglevel from DEBUG to INFO
Mon Sep  5 14:33:44 2016 WARN Logger: changing loglevel from DEBUG to DEBUG
Mon Sep  5 14:33:47 2016 INFO inputFormula - alpha: ((q) imp (p)) imp ((q) imp (p))
Mon Sep  5 14:34:04 2016 WARN Logger: changing loglevel from DEBUG to INFO
Mon Sep  5 14:34:04 2016 WARN Logger: changing loglevel from DEBUG to INFO
Mon Sep  5 14:34:04 2016 WARN Logger: changing loglevel from DEBUG to DEBUG
Mon Sep  5 14:34:06 2016 INFO inputFormula - alpha: ((q) imp (p)) imp ((q) imp (p))
Mon Sep  5 14:40:11 2016 WARN Logger: changing loglevel from DEBUG to INFO
Mon Sep  5 14:40:11 2016 WARN Logger: changing loglevel from DEBUG to INFO
Mon Sep  5 14:40:11 2016 WARN Logger: changing loglevel from DEBUG to DEBUG
Mon Sep  5 14:42:37 2016 WARN Logger: changing loglevel from DEBUG to INFO
Mon Sep  5 14:42:37 2016 WARN Logger: changing loglevel from DEBUG to INFO
Mon Sep  5 14:42:37 2016 WARN Logger: changing loglevel from DEBUG to DEBUG
Mon Sep  5 18:07:52 2016 WARN Logger: changing loglevel from DEBUG to INFO
Mon Sep  5 18:07:52 2016 WARN Logger: changing loglevel from DEBUG to INFO
Mon Sep  5 18:07:52 2016 WARN Logger: changing loglevel from DEBUG to DEBUG
Mon Sep  5 18:09:10 2016 WARN Logger: changing loglevel from DEBUG to INFO
Mon Sep  5 18:09:10 2016 WARN Logger: changing loglevel from DEBUG to INFO
Mon Sep  5 18:09:10 2016 WARN Logger: changing loglevel from DEBUG to DEBUG
Mon Sep  5 18:09:50 2016 WARN Logger: changing loglevel from DEBUG to INFO
Mon Sep  5 18:09:50 2016 WARN Logger: changing loglevel from DEBUG to INFO
Mon Sep  5 18:09:50 2016 WARN Logger: changing loglevel from DEBUG to DEBUG
Mon Sep  5 18:14:51 2016 WARN Logger: changing loglevel from DEBUG to INFO
Mon Sep  5 18:14:51 2016 WARN Logger: changing loglevel from DEBUG to INFO
Mon Sep  5 18:14:51 2016 WARN Logger: changing loglevel from DEBUG to DEBUG
Mon Sep  5 18:21:53 2016 WARN Logger: changing loglevel from DEBUG to INFO
Mon Sep  5 18:21:53 2016 WARN Logger: changing loglevel from DEBUG to INFO
Mon Sep  5 18:21:53 2016 WARN Logger: changing loglevel from DEBUG to DEBUG
Mon Sep  5 18:22:07 2016 WARN Logger: changing loglevel from DEBUG to INFO
Mon Sep  5 18:22:07 2016 WARN Logger: changing loglevel from DEBUG to INFO
Mon Sep  5 18:22:07 2016 WARN Logger: changing loglevel from DEBUG to DEBUG
Mon Sep  5 18:26:10 2016 WARN Logger: changing loglevel from DEBUG to INFO
Mon Sep  5 18:26:10 2016 WARN Logger: changing loglevel from DEBUG to INFO
Mon Sep  5 18:26:10 2016 WARN Logger: changing loglevel from DEBUG to DEBUG
Mon Sep  5 18:26:20 2016 WARN Logger: changing loglevel from DEBUG to INFO
Mon Sep  5 18:26:20 2016 WARN Logger: changing loglevel from DEBUG to INFO
Mon Sep  5 18:26:20 2016 WARN Logger: changing loglevel from DEBUG to DEBUG
