Tue Feb 12 10:09:36 2019 WARN Logger: changing loglevel from DEBUG to INFO
Tue Feb 12 10:09:36 2019 INFO applyImplyIntroRule - imp17 was expanded
Tue Feb 12 10:09:36 2019 INFO WARNING - Attempted to remove a node from openBranchesList which was not in it.
Tue Feb 12 10:09:36 2019 INFO applyImplyIntroRule - imp16 was expanded
Tue Feb 12 10:09:36 2019 INFO applyImplyIntroRule - imp15 was expanded
Tue Feb 12 10:09:36 2019 INFO applyImplyIntroRule - imp14 was expanded
Tue Feb 12 10:09:36 2019 INFO applyImplyIntroRule - imp13 was expanded
Tue Feb 12 10:09:36 2019 INFO applyImplyIntroRule - imp12 was expanded
Tue Feb 12 10:09:36 2019 INFO applyImplyIntroRule - imp11 was expanded
Tue Feb 12 10:09:36 2019 INFO applyImplyElimRule - A7 was expanded
Tue Feb 12 10:09:36 2019 INFO applyImplyElimRule - A6 was expanded
Tue Feb 12 10:09:36 2019 INFO applyImplyElimRule - imp9 was expanded
Tue Feb 12 10:09:36 2019 INFO applyImplyElimRule - A5 was expanded
Tue Feb 12 10:09:36 2019 INFO applyImplyElimRule - imp7 was expanded
Tue Feb 12 10:09:36 2019 INFO applyImplyElimRule - A4 was expanded
Tue Feb 12 10:09:36 2019 INFO applyImplyElimRule - imp5 was expanded
Tue Feb 12 10:09:36 2019 INFO applyImplyElimRule - A3 was expanded
Tue Feb 12 10:09:36 2019 INFO applyImplyElimRule - imp3 was expanded
Tue Feb 12 10:09:36 2019 INFO applyImplyElimRule - A2 was expanded
Tue Feb 12 10:09:36 2019 INFO applyImplyElimRule - imp1 was expanded
Tue Feb 12 10:09:36 2019 INFO applyImplyIntroRule - imp38 was expanded
Tue Feb 12 10:09:36 2019 INFO WARNING - Attempted to remove a node from openBranchesList which was not in it.
Tue Feb 12 10:09:36 2019 INFO applyImplyIntroRule - imp37 was expanded
Tue Feb 12 10:09:36 2019 INFO applyImplyIntroRule - imp36 was expanded
Tue Feb 12 10:09:36 2019 INFO applyImplyIntroRule - imp35 was expanded
Tue Feb 12 10:09:36 2019 INFO applyImplyIntroRule - imp34 was expanded
Tue Feb 12 10:09:36 2019 INFO applyImplyIntroRule - imp33 was expanded
Tue Feb 12 10:09:36 2019 INFO applyImplyIntroRule - imp32 was expanded
Tue Feb 12 10:09:36 2019 INFO applyImplyIntroRule - imp31 was expanded
Tue Feb 12 10:09:36 2019 INFO applyImplyElimRule - A8 was expanded
Tue Feb 12 10:09:36 2019 INFO applyImplyElimRule - A7 was expanded
Tue Feb 12 10:09:36 2019 INFO applyImplyElimRule - imp29 was expanded
Tue Feb 12 10:09:36 2019 INFO applyImplyElimRule - A6 was expanded
Tue Feb 12 10:09:36 2019 INFO applyImplyElimRule - imp27 was expanded
Tue Feb 12 10:09:36 2019 INFO applyImplyElimRule - A5 was expanded
Tue Feb 12 10:09:36 2019 INFO applyImplyElimRule - imp25 was expanded
Tue Feb 12 10:09:36 2019 INFO applyImplyElimRule - A4 was expanded
Tue Feb 12 10:09:36 2019 INFO applyImplyElimRule - imp23 was expanded
Tue Feb 12 10:09:36 2019 INFO applyImplyElimRule - A3 was expanded
Tue Feb 12 10:09:36 2019 INFO applyImplyElimRule - imp21 was expanded
Tue Feb 12 10:09:36 2019 INFO applyImplyElimRule - A2 was expanded
Tue Feb 12 10:09:36 2019 INFO applyImplyElimRule - imp19 was expanded
Tue Feb 12 10:15:22 2019 WARN Logger: changing loglevel from DEBUG to INFO
Tue Feb 12 10:15:22 2019 INFO applyImplyIntroRule - imp17 was expanded
Tue Feb 12 10:15:22 2019 INFO WARNING - Attempted to remove a node from openBranchesList which was not in it.
Tue Feb 12 10:15:22 2019 INFO applyImplyIntroRule - imp16 was expanded
Tue Feb 12 10:15:22 2019 INFO applyImplyIntroRule - imp15 was expanded
Tue Feb 12 10:15:22 2019 INFO applyImplyIntroRule - imp14 was expanded
Tue Feb 12 10:15:22 2019 INFO applyImplyIntroRule - imp13 was expanded
Tue Feb 12 10:15:22 2019 INFO applyImplyIntroRule - imp12 was expanded
Tue Feb 12 10:15:22 2019 INFO applyImplyIntroRule - imp11 was expanded
Tue Feb 12 10:15:22 2019 INFO applyImplyElimRule - A7 was expanded
Tue Feb 12 10:15:22 2019 INFO applyImplyElimRule - A6 was expanded
Tue Feb 12 10:15:22 2019 INFO applyImplyElimRule - imp9 was expanded
Tue Feb 12 10:15:22 2019 INFO applyImplyElimRule - A5 was expanded
Tue Feb 12 10:15:22 2019 INFO applyImplyElimRule - imp7 was expanded
Tue Feb 12 10:15:22 2019 INFO applyImplyElimRule - A4 was expanded
Tue Feb 12 10:15:22 2019 INFO applyImplyElimRule - imp5 was expanded
Tue Feb 12 10:15:22 2019 INFO applyImplyElimRule - A3 was expanded
Tue Feb 12 10:15:22 2019 INFO applyImplyElimRule - imp3 was expanded
Tue Feb 12 10:15:22 2019 INFO applyImplyElimRule - A2 was expanded
Tue Feb 12 10:15:22 2019 INFO applyImplyElimRule - imp1 was expanded
Tue Feb 12 10:15:22 2019 INFO applyImplyIntroRule - imp38 was expanded
Tue Feb 12 10:15:22 2019 INFO WARNING - Attempted to remove a node from openBranchesList which was not in it.
Tue Feb 12 10:15:22 2019 INFO applyImplyIntroRule - imp37 was expanded
Tue Feb 12 10:15:22 2019 INFO applyImplyIntroRule - imp36 was expanded
Tue Feb 12 10:15:22 2019 INFO applyImplyIntroRule - imp35 was expanded
Tue Feb 12 10:15:22 2019 INFO applyImplyIntroRule - imp34 was expanded
Tue Feb 12 10:15:22 2019 INFO applyImplyIntroRule - imp33 was expanded
Tue Feb 12 10:15:22 2019 INFO applyImplyIntroRule - imp32 was expanded
Tue Feb 12 10:15:22 2019 INFO applyImplyIntroRule - imp31 was expanded
Tue Feb 12 10:15:22 2019 INFO applyImplyElimRule - A8 was expanded
Tue Feb 12 10:15:22 2019 INFO applyImplyElimRule - A7 was expanded
Tue Feb 12 10:15:22 2019 INFO applyImplyElimRule - imp29 was expanded
Tue Feb 12 10:15:22 2019 INFO applyImplyElimRule - A6 was expanded
Tue Feb 12 10:15:22 2019 INFO applyImplyElimRule - imp27 was expanded
Tue Feb 12 10:15:22 2019 INFO applyImplyElimRule - A5 was expanded
Tue Feb 12 10:15:22 2019 INFO applyImplyElimRule - imp25 was expanded
Tue Feb 12 10:15:22 2019 INFO applyImplyElimRule - A4 was expanded
Tue Feb 12 10:15:22 2019 INFO applyImplyElimRule - imp23 was expanded
Tue Feb 12 10:15:22 2019 INFO applyImplyElimRule - A3 was expanded
Tue Feb 12 10:15:22 2019 INFO applyImplyElimRule - imp21 was expanded
Tue Feb 12 10:15:22 2019 INFO applyImplyElimRule - A2 was expanded
Tue Feb 12 10:15:22 2019 INFO applyImplyElimRule - imp19 was expanded
Tue Feb 12 10:25:11 2019 WARN Logger: changing loglevel from DEBUG to INFO
Tue Feb 12 10:27:50 2019 WARN Logger: changing loglevel from DEBUG to INFO
Tue Feb 12 10:29:53 2019 WARN Logger: changing loglevel from DEBUG to INFO
Tue Feb 12 10:29:53 2019 INFO applyImplyIntroRule - imp17 was expanded
Tue Feb 12 10:29:53 2019 INFO WARNING - Attempted to remove a node from openBranchesList which was not in it.
Tue Feb 12 10:29:53 2019 INFO applyImplyIntroRule - imp16 was expanded
Tue Feb 12 10:29:53 2019 INFO applyImplyIntroRule - imp15 was expanded
Tue Feb 12 10:29:53 2019 INFO applyImplyIntroRule - imp14 was expanded
Tue Feb 12 10:29:53 2019 INFO applyImplyIntroRule - imp13 was expanded
Tue Feb 12 10:29:53 2019 INFO applyImplyIntroRule - imp12 was expanded
Tue Feb 12 10:29:53 2019 INFO applyImplyIntroRule - imp11 was expanded
Tue Feb 12 10:29:53 2019 INFO applyImplyElimRule - A7 was expanded
Tue Feb 12 10:29:53 2019 INFO applyImplyElimRule - A6 was expanded
Tue Feb 12 10:29:53 2019 INFO applyImplyElimRule - imp9 was expanded
Tue Feb 12 10:29:53 2019 INFO applyImplyElimRule - A5 was expanded
Tue Feb 12 10:29:53 2019 INFO applyImplyElimRule - imp7 was expanded
Tue Feb 12 10:29:53 2019 INFO applyImplyElimRule - A4 was expanded
Tue Feb 12 10:29:53 2019 INFO applyImplyElimRule - imp5 was expanded
Tue Feb 12 10:29:53 2019 INFO applyImplyElimRule - A3 was expanded
Tue Feb 12 10:29:53 2019 INFO applyImplyElimRule - imp3 was expanded
Tue Feb 12 10:29:53 2019 INFO applyImplyElimRule - A2 was expanded
Tue Feb 12 10:29:53 2019 INFO applyImplyElimRule - imp1 was expanded
Tue Feb 12 10:29:53 2019 INFO applyImplyIntroRule - imp38 was expanded
Tue Feb 12 10:29:53 2019 INFO WARNING - Attempted to remove a node from openBranchesList which was not in it.
Tue Feb 12 10:29:53 2019 INFO applyImplyIntroRule - imp37 was expanded
Tue Feb 12 10:29:53 2019 INFO applyImplyIntroRule - imp36 was expanded
Tue Feb 12 10:29:53 2019 INFO applyImplyIntroRule - imp35 was expanded
Tue Feb 12 10:29:53 2019 INFO applyImplyIntroRule - imp34 was expanded
Tue Feb 12 10:29:53 2019 INFO applyImplyIntroRule - imp33 was expanded
Tue Feb 12 10:29:53 2019 INFO applyImplyIntroRule - imp32 was expanded
Tue Feb 12 10:29:53 2019 INFO applyImplyIntroRule - imp31 was expanded
Tue Feb 12 10:29:53 2019 INFO applyImplyElimRule - A8 was expanded
Tue Feb 12 10:29:53 2019 INFO applyImplyElimRule - A7 was expanded
Tue Feb 12 10:29:53 2019 INFO applyImplyElimRule - imp29 was expanded
Tue Feb 12 10:29:53 2019 INFO applyImplyElimRule - A6 was expanded
Tue Feb 12 10:29:53 2019 INFO applyImplyElimRule - imp27 was expanded
Tue Feb 12 10:29:53 2019 INFO applyImplyElimRule - A5 was expanded
Tue Feb 12 10:29:53 2019 INFO applyImplyElimRule - imp25 was expanded
Tue Feb 12 10:29:53 2019 INFO applyImplyElimRule - A4 was expanded
Tue Feb 12 10:29:53 2019 INFO applyImplyElimRule - imp23 was expanded
Tue Feb 12 10:29:53 2019 INFO applyImplyElimRule - A3 was expanded
Tue Feb 12 10:29:53 2019 INFO applyImplyElimRule - imp21 was expanded
Tue Feb 12 10:29:53 2019 INFO applyImplyElimRule - A2 was expanded
Tue Feb 12 10:29:53 2019 INFO applyImplyElimRule - imp19 was expanded
Tue Feb 12 10:47:21 2019 WARN Logger: changing loglevel from DEBUG to INFO
Tue Feb 12 10:47:21 2019 INFO applyImplyIntroRule - imp17 was expanded
Tue Feb 12 10:47:21 2019 INFO WARNING - Attempted to remove a node from openBranchesList which was not in it.
Tue Feb 12 10:47:21 2019 INFO applyImplyIntroRule - imp16 was expanded
Tue Feb 12 10:47:21 2019 INFO applyImplyIntroRule - imp15 was expanded
Tue Feb 12 10:47:21 2019 INFO applyImplyIntroRule - imp14 was expanded
Tue Feb 12 10:47:21 2019 INFO applyImplyIntroRule - imp13 was expanded
Tue Feb 12 10:47:21 2019 INFO applyImplyIntroRule - imp12 was expanded
Tue Feb 12 10:47:21 2019 INFO applyImplyIntroRule - imp11 was expanded
Tue Feb 12 10:47:21 2019 INFO applyImplyElimRule - A7 was expanded
Tue Feb 12 10:47:21 2019 INFO applyImplyElimRule - A6 was expanded
Tue Feb 12 10:47:21 2019 INFO applyImplyElimRule - imp9 was expanded
Tue Feb 12 10:47:21 2019 INFO applyImplyElimRule - A5 was expanded
Tue Feb 12 10:47:21 2019 INFO applyImplyElimRule - imp7 was expanded
Tue Feb 12 10:47:21 2019 INFO applyImplyElimRule - A4 was expanded
Tue Feb 12 10:47:21 2019 INFO applyImplyElimRule - imp5 was expanded
Tue Feb 12 10:47:21 2019 INFO applyImplyElimRule - A3 was expanded
Tue Feb 12 10:47:21 2019 INFO applyImplyElimRule - imp3 was expanded
Tue Feb 12 10:47:21 2019 INFO applyImplyElimRule - A2 was expanded
Tue Feb 12 10:47:21 2019 INFO applyImplyElimRule - imp1 was expanded
Tue Feb 12 10:47:21 2019 INFO applyImplyIntroRule - imp38 was expanded
Tue Feb 12 10:47:21 2019 INFO WARNING - Attempted to remove a node from openBranchesList which was not in it.
Tue Feb 12 10:47:21 2019 INFO applyImplyIntroRule - imp37 was expanded
Tue Feb 12 10:47:21 2019 INFO applyImplyIntroRule - imp36 was expanded
Tue Feb 12 10:47:21 2019 INFO applyImplyIntroRule - imp35 was expanded
Tue Feb 12 10:47:21 2019 INFO applyImplyIntroRule - imp34 was expanded
Tue Feb 12 10:47:21 2019 INFO applyImplyIntroRule - imp33 was expanded
Tue Feb 12 10:47:21 2019 INFO applyImplyIntroRule - imp32 was expanded
Tue Feb 12 10:47:21 2019 INFO applyImplyIntroRule - imp31 was expanded
Tue Feb 12 10:47:21 2019 INFO applyImplyElimRule - A8 was expanded
Tue Feb 12 10:47:21 2019 INFO applyImplyElimRule - A7 was expanded
Tue Feb 12 10:47:21 2019 INFO applyImplyElimRule - imp29 was expanded
Tue Feb 12 10:47:21 2019 INFO applyImplyElimRule - A6 was expanded
Tue Feb 12 10:47:21 2019 INFO applyImplyElimRule - imp27 was expanded
Tue Feb 12 10:47:21 2019 INFO applyImplyElimRule - A5 was expanded
Tue Feb 12 10:47:21 2019 INFO applyImplyElimRule - imp25 was expanded
Tue Feb 12 10:47:21 2019 INFO applyImplyElimRule - A4 was expanded
Tue Feb 12 10:47:21 2019 INFO applyImplyElimRule - imp23 was expanded
Tue Feb 12 10:47:21 2019 INFO applyImplyElimRule - A3 was expanded
Tue Feb 12 10:47:21 2019 INFO applyImplyElimRule - imp21 was expanded
Tue Feb 12 10:47:21 2019 INFO applyImplyElimRule - A2 was expanded
Tue Feb 12 10:47:21 2019 INFO applyImplyElimRule - imp19 was expanded
Tue Feb 12 10:49:45 2019 WARN Logger: changing loglevel from DEBUG to INFO
Tue Feb 12 10:49:45 2019 INFO applyImplyIntroRule - imp17 was expanded
Tue Feb 12 10:49:45 2019 INFO WARNING - Attempted to remove a node from openBranchesList which was not in it.
Tue Feb 12 10:49:45 2019 INFO applyImplyIntroRule - imp16 was expanded
Tue Feb 12 10:49:45 2019 INFO applyImplyIntroRule - imp15 was expanded
Tue Feb 12 10:49:45 2019 INFO applyImplyIntroRule - imp14 was expanded
Tue Feb 12 10:49:45 2019 INFO applyImplyIntroRule - imp13 was expanded
Tue Feb 12 10:49:45 2019 INFO applyImplyIntroRule - imp12 was expanded
Tue Feb 12 10:49:45 2019 INFO applyImplyIntroRule - imp11 was expanded
Tue Feb 12 10:49:45 2019 INFO applyImplyElimRule - A7 was expanded
Tue Feb 12 10:49:45 2019 INFO applyImplyElimRule - A6 was expanded
Tue Feb 12 10:49:45 2019 INFO applyImplyElimRule - imp9 was expanded
Tue Feb 12 10:49:45 2019 INFO applyImplyElimRule - A5 was expanded
Tue Feb 12 10:49:45 2019 INFO applyImplyElimRule - imp7 was expanded
Tue Feb 12 10:49:45 2019 INFO applyImplyElimRule - A4 was expanded
Tue Feb 12 10:49:45 2019 INFO applyImplyElimRule - imp5 was expanded
Tue Feb 12 10:49:45 2019 INFO applyImplyElimRule - A3 was expanded
Tue Feb 12 10:49:45 2019 INFO applyImplyElimRule - imp3 was expanded
Tue Feb 12 10:49:45 2019 INFO applyImplyElimRule - A2 was expanded
Tue Feb 12 10:49:45 2019 INFO applyImplyElimRule - imp1 was expanded
Tue Feb 12 10:49:45 2019 INFO applyImplyIntroRule - imp38 was expanded
Tue Feb 12 10:49:45 2019 INFO WARNING - Attempted to remove a node from openBranchesList which was not in it.
Tue Feb 12 10:49:45 2019 INFO applyImplyIntroRule - imp37 was expanded
Tue Feb 12 10:49:45 2019 INFO applyImplyIntroRule - imp36 was expanded
Tue Feb 12 10:49:45 2019 INFO applyImplyIntroRule - imp35 was expanded
Tue Feb 12 10:49:45 2019 INFO applyImplyIntroRule - imp34 was expanded
Tue Feb 12 10:49:45 2019 INFO applyImplyIntroRule - imp33 was expanded
Tue Feb 12 10:49:45 2019 INFO applyImplyIntroRule - imp32 was expanded
Tue Feb 12 10:49:45 2019 INFO applyImplyIntroRule - imp31 was expanded
Tue Feb 12 10:49:45 2019 INFO applyImplyElimRule - A8 was expanded
Tue Feb 12 10:49:45 2019 INFO applyImplyElimRule - A7 was expanded
Tue Feb 12 10:49:45 2019 INFO applyImplyElimRule - imp29 was expanded
Tue Feb 12 10:49:45 2019 INFO applyImplyElimRule - A6 was expanded
Tue Feb 12 10:49:45 2019 INFO applyImplyElimRule - imp27 was expanded
Tue Feb 12 10:49:45 2019 INFO applyImplyElimRule - A5 was expanded
Tue Feb 12 10:49:45 2019 INFO applyImplyElimRule - imp25 was expanded
Tue Feb 12 10:49:45 2019 INFO applyImplyElimRule - A4 was expanded
Tue Feb 12 10:49:45 2019 INFO applyImplyElimRule - imp23 was expanded
Tue Feb 12 10:49:45 2019 INFO applyImplyElimRule - A3 was expanded
Tue Feb 12 10:49:45 2019 INFO applyImplyElimRule - imp21 was expanded
Tue Feb 12 10:49:45 2019 INFO applyImplyElimRule - A2 was expanded
Tue Feb 12 10:49:45 2019 INFO applyImplyElimRule - imp19 was expanded
Tue Feb 12 11:00:53 2019 WARN Logger: changing loglevel from DEBUG to INFO
Tue Feb 12 11:00:53 2019 INFO applyImplyIntroRule - imp17 was expanded
Tue Feb 12 11:00:53 2019 INFO WARNING - Attempted to remove a node from openBranchesList which was not in it.
Tue Feb 12 11:00:53 2019 INFO applyImplyIntroRule - imp16 was expanded
Tue Feb 12 11:00:53 2019 INFO applyImplyIntroRule - imp15 was expanded
Tue Feb 12 11:00:53 2019 INFO applyImplyIntroRule - imp14 was expanded
Tue Feb 12 11:00:53 2019 INFO applyImplyIntroRule - imp13 was expanded
Tue Feb 12 11:00:53 2019 INFO applyImplyIntroRule - imp12 was expanded
Tue Feb 12 11:00:53 2019 INFO applyImplyIntroRule - imp11 was expanded
Tue Feb 12 11:00:53 2019 INFO applyImplyElimRule - A7 was expanded
Tue Feb 12 11:00:53 2019 INFO applyImplyElimRule - A6 was expanded
Tue Feb 12 11:00:53 2019 INFO applyImplyElimRule - imp9 was expanded
Tue Feb 12 11:00:53 2019 INFO applyImplyElimRule - A5 was expanded
Tue Feb 12 11:00:53 2019 INFO applyImplyElimRule - imp7 was expanded
Tue Feb 12 11:00:53 2019 INFO applyImplyElimRule - A4 was expanded
Tue Feb 12 11:00:53 2019 INFO applyImplyElimRule - imp5 was expanded
Tue Feb 12 11:00:53 2019 INFO applyImplyElimRule - A3 was expanded
Tue Feb 12 11:00:53 2019 INFO applyImplyElimRule - imp3 was expanded
Tue Feb 12 11:00:53 2019 INFO applyImplyElimRule - A2 was expanded
Tue Feb 12 11:00:53 2019 INFO applyImplyElimRule - imp1 was expanded
Tue Feb 12 11:00:53 2019 INFO applyImplyIntroRule - imp38 was expanded
Tue Feb 12 11:00:53 2019 INFO WARNING - Attempted to remove a node from openBranchesList which was not in it.
Tue Feb 12 11:00:53 2019 INFO applyImplyIntroRule - imp37 was expanded
Tue Feb 12 11:00:53 2019 INFO applyImplyIntroRule - imp36 was expanded
Tue Feb 12 11:00:53 2019 INFO applyImplyIntroRule - imp35 was expanded
Tue Feb 12 11:00:53 2019 INFO applyImplyIntroRule - imp34 was expanded
Tue Feb 12 11:00:53 2019 INFO applyImplyIntroRule - imp33 was expanded
Tue Feb 12 11:00:53 2019 INFO applyImplyIntroRule - imp32 was expanded
Tue Feb 12 11:00:53 2019 INFO applyImplyIntroRule - imp31 was expanded
Tue Feb 12 11:00:53 2019 INFO applyImplyElimRule - A8 was expanded
Tue Feb 12 11:00:53 2019 INFO applyImplyElimRule - A7 was expanded
Tue Feb 12 11:00:53 2019 INFO applyImplyElimRule - imp29 was expanded
Tue Feb 12 11:00:53 2019 INFO applyImplyElimRule - A6 was expanded
Tue Feb 12 11:00:53 2019 INFO applyImplyElimRule - imp27 was expanded
Tue Feb 12 11:00:53 2019 INFO applyImplyElimRule - A5 was expanded
Tue Feb 12 11:00:53 2019 INFO applyImplyElimRule - imp25 was expanded
Tue Feb 12 11:00:53 2019 INFO applyImplyElimRule - A4 was expanded
Tue Feb 12 11:00:53 2019 INFO applyImplyElimRule - imp23 was expanded
Tue Feb 12 11:00:53 2019 INFO applyImplyElimRule - A3 was expanded
Tue Feb 12 11:00:53 2019 INFO applyImplyElimRule - imp21 was expanded
Tue Feb 12 11:00:53 2019 INFO applyImplyElimRule - A2 was expanded
Tue Feb 12 11:00:53 2019 INFO applyImplyElimRule - imp19 was expanded
Tue Feb 12 11:02:40 2019 WARN Logger: changing loglevel from DEBUG to INFO
Tue Feb 12 11:02:41 2019 INFO applyImplyIntroRule - imp17 was expanded
Tue Feb 12 11:02:41 2019 INFO WARNING - Attempted to remove a node from openBranchesList which was not in it.
Tue Feb 12 11:02:41 2019 INFO applyImplyIntroRule - imp16 was expanded
Tue Feb 12 11:02:41 2019 INFO applyImplyIntroRule - imp15 was expanded
Tue Feb 12 11:02:41 2019 INFO applyImplyIntroRule - imp14 was expanded
Tue Feb 12 11:02:41 2019 INFO applyImplyIntroRule - imp13 was expanded
Tue Feb 12 11:02:41 2019 INFO applyImplyIntroRule - imp12 was expanded
Tue Feb 12 11:02:41 2019 INFO applyImplyIntroRule - imp11 was expanded
Tue Feb 12 11:02:41 2019 INFO applyImplyElimRule - A7 was expanded
Tue Feb 12 11:02:41 2019 INFO applyImplyElimRule - A6 was expanded
Tue Feb 12 11:02:41 2019 INFO applyImplyElimRule - imp9 was expanded
Tue Feb 12 11:02:41 2019 INFO applyImplyElimRule - A5 was expanded
Tue Feb 12 11:02:41 2019 INFO applyImplyElimRule - imp7 was expanded
Tue Feb 12 11:02:41 2019 INFO applyImplyElimRule - A4 was expanded
Tue Feb 12 11:02:41 2019 INFO applyImplyElimRule - imp5 was expanded
Tue Feb 12 11:02:41 2019 INFO applyImplyElimRule - A3 was expanded
Tue Feb 12 11:02:41 2019 INFO applyImplyElimRule - imp3 was expanded
Tue Feb 12 11:02:41 2019 INFO applyImplyElimRule - A2 was expanded
Tue Feb 12 11:02:41 2019 INFO applyImplyElimRule - imp1 was expanded
Tue Feb 12 11:02:41 2019 INFO applyImplyIntroRule - imp38 was expanded
Tue Feb 12 11:02:41 2019 INFO WARNING - Attempted to remove a node from openBranchesList which was not in it.
Tue Feb 12 11:02:41 2019 INFO applyImplyIntroRule - imp37 was expanded
Tue Feb 12 11:02:41 2019 INFO applyImplyIntroRule - imp36 was expanded
Tue Feb 12 11:02:41 2019 INFO applyImplyIntroRule - imp35 was expanded
Tue Feb 12 11:02:41 2019 INFO applyImplyIntroRule - imp34 was expanded
Tue Feb 12 11:02:41 2019 INFO applyImplyIntroRule - imp33 was expanded
Tue Feb 12 11:02:41 2019 INFO applyImplyIntroRule - imp32 was expanded
Tue Feb 12 11:02:41 2019 INFO applyImplyIntroRule - imp31 was expanded
Tue Feb 12 11:02:41 2019 INFO applyImplyElimRule - A8 was expanded
Tue Feb 12 11:02:41 2019 INFO applyImplyElimRule - A7 was expanded
Tue Feb 12 11:02:41 2019 INFO applyImplyElimRule - imp29 was expanded
Tue Feb 12 11:02:41 2019 INFO applyImplyElimRule - A6 was expanded
Tue Feb 12 11:02:41 2019 INFO applyImplyElimRule - imp27 was expanded
Tue Feb 12 11:02:41 2019 INFO applyImplyElimRule - A5 was expanded
Tue Feb 12 11:02:41 2019 INFO applyImplyElimRule - imp25 was expanded
Tue Feb 12 11:02:41 2019 INFO applyImplyElimRule - A4 was expanded
Tue Feb 12 11:02:41 2019 INFO applyImplyElimRule - imp23 was expanded
Tue Feb 12 11:02:41 2019 INFO applyImplyElimRule - A3 was expanded
Tue Feb 12 11:02:41 2019 INFO applyImplyElimRule - imp21 was expanded
Tue Feb 12 11:02:41 2019 INFO applyImplyElimRule - A2 was expanded
Tue Feb 12 11:02:41 2019 INFO applyImplyElimRule - imp19 was expanded
Tue Feb 12 11:04:59 2019 WARN Logger: changing loglevel from DEBUG to INFO
Tue Feb 12 11:04:59 2019 INFO applyImplyIntroRule - imp17 was expanded
Tue Feb 12 11:04:59 2019 INFO WARNING - Attempted to remove a node from openBranchesList which was not in it.
Tue Feb 12 11:04:59 2019 INFO applyImplyIntroRule - imp16 was expanded
Tue Feb 12 11:04:59 2019 INFO applyImplyIntroRule - imp15 was expanded
Tue Feb 12 11:04:59 2019 INFO applyImplyIntroRule - imp14 was expanded
Tue Feb 12 11:04:59 2019 INFO applyImplyIntroRule - imp13 was expanded
Tue Feb 12 11:04:59 2019 INFO applyImplyIntroRule - imp12 was expanded
Tue Feb 12 11:04:59 2019 INFO applyImplyIntroRule - imp11 was expanded
Tue Feb 12 11:04:59 2019 INFO applyImplyElimRule - A7 was expanded
Tue Feb 12 11:04:59 2019 INFO applyImplyElimRule - A6 was expanded
Tue Feb 12 11:04:59 2019 INFO applyImplyElimRule - imp9 was expanded
Tue Feb 12 11:04:59 2019 INFO applyImplyElimRule - A5 was expanded
Tue Feb 12 11:04:59 2019 INFO applyImplyElimRule - imp7 was expanded
Tue Feb 12 11:04:59 2019 INFO applyImplyElimRule - A4 was expanded
Tue Feb 12 11:04:59 2019 INFO applyImplyElimRule - imp5 was expanded
Tue Feb 12 11:04:59 2019 INFO applyImplyElimRule - A3 was expanded
Tue Feb 12 11:04:59 2019 INFO applyImplyElimRule - imp3 was expanded
Tue Feb 12 11:04:59 2019 INFO applyImplyElimRule - A2 was expanded
Tue Feb 12 11:04:59 2019 INFO applyImplyElimRule - imp1 was expanded
Tue Feb 12 11:05:11 2019 WARN Logger: changing loglevel from DEBUG to INFO
Tue Feb 12 11:05:11 2019 INFO applyImplyIntroRule - imp17 was expanded
Tue Feb 12 11:05:11 2019 INFO WARNING - Attempted to remove a node from openBranchesList which was not in it.
Tue Feb 12 11:05:11 2019 INFO applyImplyIntroRule - imp16 was expanded
Tue Feb 12 11:05:11 2019 INFO applyImplyIntroRule - imp15 was expanded
Tue Feb 12 11:05:11 2019 INFO applyImplyIntroRule - imp14 was expanded
Tue Feb 12 11:05:11 2019 INFO applyImplyIntroRule - imp13 was expanded
Tue Feb 12 11:05:11 2019 INFO applyImplyIntroRule - imp12 was expanded
Tue Feb 12 11:05:11 2019 INFO applyImplyIntroRule - imp11 was expanded
Tue Feb 12 11:05:11 2019 INFO applyImplyElimRule - A7 was expanded
Tue Feb 12 11:05:11 2019 INFO applyImplyElimRule - A6 was expanded
Tue Feb 12 11:05:11 2019 INFO applyImplyElimRule - imp9 was expanded
Tue Feb 12 11:05:11 2019 INFO applyImplyElimRule - A5 was expanded
Tue Feb 12 11:05:11 2019 INFO applyImplyElimRule - imp7 was expanded
Tue Feb 12 11:05:11 2019 INFO applyImplyElimRule - A4 was expanded
Tue Feb 12 11:05:11 2019 INFO applyImplyElimRule - imp5 was expanded
Tue Feb 12 11:05:11 2019 INFO applyImplyElimRule - A3 was expanded
Tue Feb 12 11:05:11 2019 INFO applyImplyElimRule - imp3 was expanded
Tue Feb 12 11:05:11 2019 INFO applyImplyElimRule - A2 was expanded
Tue Feb 12 11:05:11 2019 INFO applyImplyElimRule - imp1 was expanded
Tue Feb 12 11:05:11 2019 INFO applyImplyIntroRule - imp38 was expanded
Tue Feb 12 11:05:11 2019 INFO WARNING - Attempted to remove a node from openBranchesList which was not in it.
Tue Feb 12 11:05:11 2019 INFO applyImplyIntroRule - imp37 was expanded
Tue Feb 12 11:05:11 2019 INFO applyImplyIntroRule - imp36 was expanded
Tue Feb 12 11:05:11 2019 INFO applyImplyIntroRule - imp35 was expanded
Tue Feb 12 11:05:11 2019 INFO applyImplyIntroRule - imp34 was expanded
Tue Feb 12 11:05:11 2019 INFO applyImplyIntroRule - imp33 was expanded
Tue Feb 12 11:05:11 2019 INFO applyImplyIntroRule - imp32 was expanded
Tue Feb 12 11:05:11 2019 INFO applyImplyIntroRule - imp31 was expanded
Tue Feb 12 11:05:11 2019 INFO applyImplyElimRule - A8 was expanded
Tue Feb 12 11:05:11 2019 INFO applyImplyElimRule - A7 was expanded
Tue Feb 12 11:05:11 2019 INFO applyImplyElimRule - imp29 was expanded
Tue Feb 12 11:05:11 2019 INFO applyImplyElimRule - A6 was expanded
Tue Feb 12 11:05:11 2019 INFO applyImplyElimRule - imp27 was expanded
Tue Feb 12 11:05:11 2019 INFO applyImplyElimRule - A5 was expanded
Tue Feb 12 11:05:11 2019 INFO applyImplyElimRule - imp25 was expanded
Tue Feb 12 11:05:11 2019 INFO applyImplyElimRule - A4 was expanded
Tue Feb 12 11:05:11 2019 INFO applyImplyElimRule - imp23 was expanded
Tue Feb 12 11:05:11 2019 INFO applyImplyElimRule - A3 was expanded
Tue Feb 12 11:05:11 2019 INFO applyImplyElimRule - imp21 was expanded
Tue Feb 12 11:05:11 2019 INFO applyImplyElimRule - A2 was expanded
Tue Feb 12 11:05:11 2019 INFO applyImplyElimRule - imp19 was expanded
Tue Feb 12 11:05:45 2019 WARN Logger: changing loglevel from DEBUG to INFO
Tue Feb 12 11:05:45 2019 INFO applyImplyIntroRule - imp17 was expanded
Tue Feb 12 11:05:45 2019 INFO WARNING - Attempted to remove a node from openBranchesList which was not in it.
Tue Feb 12 11:05:45 2019 INFO applyImplyIntroRule - imp16 was expanded
Tue Feb 12 11:05:45 2019 INFO applyImplyIntroRule - imp15 was expanded
Tue Feb 12 11:05:45 2019 INFO applyImplyIntroRule - imp14 was expanded
Tue Feb 12 11:05:45 2019 INFO applyImplyIntroRule - imp13 was expanded
Tue Feb 12 11:05:45 2019 INFO applyImplyIntroRule - imp12 was expanded
Tue Feb 12 11:05:45 2019 INFO applyImplyIntroRule - imp11 was expanded
Tue Feb 12 11:05:45 2019 INFO applyImplyElimRule - A7 was expanded
Tue Feb 12 11:05:45 2019 INFO applyImplyElimRule - A6 was expanded
Tue Feb 12 11:05:45 2019 INFO applyImplyElimRule - imp9 was expanded
Tue Feb 12 11:05:45 2019 INFO applyImplyElimRule - A5 was expanded
Tue Feb 12 11:05:45 2019 INFO applyImplyElimRule - imp7 was expanded
Tue Feb 12 11:05:45 2019 INFO applyImplyElimRule - A4 was expanded
Tue Feb 12 11:05:45 2019 INFO applyImplyElimRule - imp5 was expanded
Tue Feb 12 11:05:45 2019 INFO applyImplyElimRule - A3 was expanded
Tue Feb 12 11:05:45 2019 INFO applyImplyElimRule - imp3 was expanded
Tue Feb 12 11:05:45 2019 INFO applyImplyElimRule - A2 was expanded
Tue Feb 12 11:05:45 2019 INFO applyImplyElimRule - imp1 was expanded
Tue Feb 12 11:05:45 2019 INFO applyImplyIntroRule - imp38 was expanded
Tue Feb 12 11:05:45 2019 INFO WARNING - Attempted to remove a node from openBranchesList which was not in it.
Tue Feb 12 11:05:45 2019 INFO applyImplyIntroRule - imp37 was expanded
Tue Feb 12 11:05:45 2019 INFO applyImplyIntroRule - imp36 was expanded
Tue Feb 12 11:05:45 2019 INFO applyImplyIntroRule - imp35 was expanded
Tue Feb 12 11:05:45 2019 INFO applyImplyIntroRule - imp34 was expanded
Tue Feb 12 11:05:45 2019 INFO applyImplyIntroRule - imp33 was expanded
Tue Feb 12 11:05:45 2019 INFO applyImplyIntroRule - imp32 was expanded
Tue Feb 12 11:05:45 2019 INFO applyImplyIntroRule - imp31 was expanded
Tue Feb 12 11:05:45 2019 INFO applyImplyElimRule - A8 was expanded
Tue Feb 12 11:05:45 2019 INFO applyImplyElimRule - A7 was expanded
Tue Feb 12 11:05:45 2019 INFO applyImplyElimRule - imp29 was expanded
Tue Feb 12 11:05:45 2019 INFO applyImplyElimRule - A6 was expanded
Tue Feb 12 11:05:45 2019 INFO applyImplyElimRule - imp27 was expanded
Tue Feb 12 11:05:45 2019 INFO applyImplyElimRule - A5 was expanded
Tue Feb 12 11:05:45 2019 INFO applyImplyElimRule - imp25 was expanded
Tue Feb 12 11:05:45 2019 INFO applyImplyElimRule - A4 was expanded
Tue Feb 12 11:05:45 2019 INFO applyImplyElimRule - imp23 was expanded
Tue Feb 12 11:05:45 2019 INFO applyImplyElimRule - A3 was expanded
Tue Feb 12 11:05:45 2019 INFO applyImplyElimRule - imp21 was expanded
Tue Feb 12 11:05:45 2019 INFO applyImplyElimRule - A2 was expanded
Tue Feb 12 11:05:45 2019 INFO applyImplyElimRule - imp19 was expanded
