Fri Sep  9 00:39:07 2016 WARN Logger: changing loglevel from DEBUG to INFO
Fri Sep  9 00:39:07 2016 WARN Logger: changing loglevel from DEBUG to INFO
Fri Sep  9 00:39:07 2016 WARN Logger: changing loglevel from DEBUG to DEBUG
Fri Sep  9 00:44:41 2016 WARN Logger: changing loglevel from DEBUG to INFO
Fri Sep  9 00:44:41 2016 WARN Logger: changing loglevel from DEBUG to INFO
Fri Sep  9 00:44:41 2016 WARN Logger: changing loglevel from DEBUG to DEBUG
Fri Sep  9 00:48:17 2016 WARN Logger: changing loglevel from DEBUG to INFO
Fri Sep  9 00:48:17 2016 WARN Logger: changing loglevel from DEBUG to INFO
Fri Sep  9 00:48:17 2016 WARN Logger: changing loglevel from DEBUG to DEBUG
Fri Sep  9 00:49:19 2016 WARN Logger: changing loglevel from DEBUG to INFO
Fri Sep  9 00:49:19 2016 WARN Logger: changing loglevel from DEBUG to INFO
Fri Sep  9 00:49:19 2016 WARN Logger: changing loglevel from DEBUG to DEBUG
Fri Sep  9 00:50:14 2016 WARN Logger: changing loglevel from DEBUG to INFO
Fri Sep  9 00:50:14 2016 WARN Logger: changing loglevel from DEBUG to INFO
Fri Sep  9 00:50:14 2016 WARN Logger: changing loglevel from DEBUG to DEBUG
Fri Sep  9 00:50:20 2016 INFO inputFormula - alpha: A
Fri Sep  9 00:50:39 2016 INFO inputFormula - alpha: (A) imp (B)
Fri Sep  9 00:51:31 2016 WARN Logger: changing loglevel from DEBUG to INFO
Fri Sep  9 00:51:31 2016 WARN Logger: changing loglevel from DEBUG to INFO
Fri Sep  9 00:51:31 2016 WARN Logger: changing loglevel from DEBUG to DEBUG
Fri Sep  9 00:54:02 2016 WARN Logger: changing loglevel from DEBUG to INFO
Fri Sep  9 00:54:02 2016 WARN Logger: changing loglevel from DEBUG to INFO
Fri Sep  9 00:54:02 2016 WARN Logger: changing loglevel from DEBUG to DEBUG
Fri Sep  9 00:54:07 2016 INFO inputFormula - alpha: A
Fri Sep  9 00:54:19 2016 INFO inputFormula - alpha: (A) imp (B)
Fri Sep  9 00:54:51 2016 INFO inputFormula - alpha: (A) imp ((B) imp (C))
Fri Sep  9 00:57:54 2016 WARN Logger: changing loglevel from DEBUG to INFO
Fri Sep  9 00:57:54 2016 WARN Logger: changing loglevel from DEBUG to INFO
Fri Sep  9 00:57:54 2016 WARN Logger: changing loglevel from DEBUG to DEBUG
Fri Sep  9 00:57:59 2016 INFO inputFormula - alpha: A
Fri Sep  9 01:02:43 2016 WARN Logger: changing loglevel from DEBUG to INFO
Fri Sep  9 01:02:43 2016 WARN Logger: changing loglevel from DEBUG to INFO
Fri Sep  9 01:02:43 2016 WARN Logger: changing loglevel from DEBUG to DEBUG
Fri Sep  9 01:02:44 2016 INFO inputFormula - alpha: A
Fri Sep  9 01:17:25 2016 WARN Logger: changing loglevel from DEBUG to INFO
Fri Sep  9 01:17:25 2016 WARN Logger: changing loglevel from DEBUG to INFO
Fri Sep  9 01:17:25 2016 WARN Logger: changing loglevel from DEBUG to DEBUG
Fri Sep  9 01:17:27 2016 INFO inputFormula - alpha: A
Fri Sep  9 01:27:20 2016 WARN Logger: changing loglevel from DEBUG to INFO
Fri Sep  9 01:27:20 2016 WARN Logger: changing loglevel from DEBUG to INFO
Fri Sep  9 01:27:20 2016 WARN Logger: changing loglevel from DEBUG to DEBUG
Fri Sep  9 01:27:21 2016 INFO inputFormula - alpha: A
Fri Sep  9 01:29:28 2016 WARN Logger: changing loglevel from DEBUG to INFO
Fri Sep  9 01:29:28 2016 WARN Logger: changing loglevel from DEBUG to INFO
Fri Sep  9 01:29:28 2016 WARN Logger: changing loglevel from DEBUG to DEBUG
Fri Sep  9 01:29:30 2016 INFO inputFormula - alpha: A
Fri Sep  9 01:29:48 2016 WARN Logger: changing loglevel from DEBUG to INFO
Fri Sep  9 01:29:48 2016 WARN Logger: changing loglevel from DEBUG to INFO
Fri Sep  9 01:29:48 2016 WARN Logger: changing loglevel from DEBUG to DEBUG
Fri Sep  9 01:29:49 2016 INFO inputFormula - alpha: A
Fri Sep  9 01:35:13 2016 WARN Logger: changing loglevel from DEBUG to INFO
Fri Sep  9 01:35:13 2016 WARN Logger: changing loglevel from DEBUG to INFO
Fri Sep  9 01:35:13 2016 WARN Logger: changing loglevel from DEBUG to DEBUG
Fri Sep  9 01:35:14 2016 INFO inputFormula - alpha: A
Fri Sep  9 01:37:04 2016 WARN Logger: changing loglevel from DEBUG to INFO
Fri Sep  9 01:37:04 2016 WARN Logger: changing loglevel from DEBUG to INFO
Fri Sep  9 01:37:04 2016 WARN Logger: changing loglevel from DEBUG to DEBUG
Fri Sep  9 01:37:06 2016 INFO inputFormula - alpha: A
Fri Sep  9 01:37:16 2016 INFO inputFormula - alpha: (A) imp (B)
Fri Sep  9 01:38:31 2016 WARN Logger: changing loglevel from DEBUG to INFO
Fri Sep  9 01:38:31 2016 WARN Logger: changing loglevel from DEBUG to INFO
Fri Sep  9 01:38:31 2016 WARN Logger: changing loglevel from DEBUG to DEBUG
Fri Sep  9 01:38:42 2016 INFO inputFormula - alpha: (A) imp ((B) imp (C))
Fri Sep  9 10:06:06 2016 WARN Logger: changing loglevel from DEBUG to INFO
Fri Sep  9 10:06:06 2016 WARN Logger: changing loglevel from DEBUG to INFO
Fri Sep  9 10:06:06 2016 WARN Logger: changing loglevel from DEBUG to DEBUG
Fri Sep  9 10:07:29 2016 INFO inputFormula - alpha: (A) imp ((B) imp (C))
Fri Sep  9 10:13:01 2016 WARN Logger: changing loglevel from DEBUG to INFO
Fri Sep  9 10:13:01 2016 WARN Logger: changing loglevel from DEBUG to INFO
Fri Sep  9 10:13:01 2016 WARN Logger: changing loglevel from DEBUG to DEBUG
Fri Sep  9 10:13:42 2016 INFO inputFormula - alpha: (A) imp ((B) imp (C))
Fri Sep  9 10:14:48 2016 WARN Logger: changing loglevel from DEBUG to INFO
Fri Sep  9 10:14:48 2016 WARN Logger: changing loglevel from DEBUG to INFO
Fri Sep  9 10:14:48 2016 WARN Logger: changing loglevel from DEBUG to DEBUG
Fri Sep  9 10:14:58 2016 INFO inputFormula - alpha: (A) imp ((B) imp (C))
